[ 2016-09-18T14:01:44+08:00 ] 192.168.209.1 /Home/Index/index
SQL: SHOW COLUMNS FROM `cishoo_front_picture` [ RunTime:0.001720s ]
SQL: SELECT * FROM `cishoo_front_picture` WHERE ( `type` = 'banner' ) AND ( `deleted` = 0 )  [ RunTime:0.001167s ]
SQL: SHOW COLUMNS FROM `cishoo_category` [ RunTime:0.002208s ]
SQL: SELECT `id` FROM `cishoo_category` WHERE ( `name` = 'index_product' ) LIMIT 1   [ RunTime:0.001144s ]
SQL: SHOW COLUMNS FROM `cishoo_document` [ RunTime:0.002230s ]
SQL: SELECT * FROM `cishoo_document` WHERE ( `category_id` = 2 ) AND ( `status` = 1 ) ORDER BY level LIMIT 2   [ RunTime:0.002405s ]
SQL: SHOW COLUMNS FROM `cishoo_document_article` [ RunTime:0.001641s ]
SQL: SELECT * FROM `cishoo_document_article` WHERE ( `id` = 1 ) LIMIT 1   [ RunTime:0.001285s ]
SQL: SELECT * FROM `cishoo_document_article` WHERE ( `id` = 2 ) LIMIT 1   [ RunTime:0.001147s ]
SQL: SELECT `id` FROM `cishoo_category` WHERE ( `name` = 'index_prodecut_descript' ) LIMIT 1   [ RunTime:0.001169s ]
SQL: SELECT * FROM `cishoo_document` WHERE ( `category_id` = 39 ) AND ( `status` = 1 ) ORDER BY level LIMIT 2   [ RunTime:0.002078s ]
SQL: SELECT * FROM `cishoo_document_article` WHERE ( `id` = 3 ) LIMIT 1   [ RunTime:0.001208s ]
SQL: SELECT * FROM `cishoo_document_article` WHERE ( `id` = 4 ) LIMIT 1   [ RunTime:0.001188s ]
SQL: SHOW COLUMNS FROM `cishoo_front_picture` [ RunTime:0.001784s ]
SQL: SELECT `picture_id` FROM `cishoo_front_picture` WHERE ( `type` = 'video' ) ORDER BY id desc LIMIT 1   [ RunTime:0.001180s ]
SQL: SHOW COLUMNS FROM `cishoo_file` [ RunTime:0.006227s ]
SQL: SELECT * FROM `cishoo_file` WHERE ( `id` = 40 )  [ RunTime:0.001520s ]
INFO: [ view_parse ] --START--
INFO: [ template_filter ] --START--
INFO: Run Behavior\ContentReplace [ RunTime:0.000106s ]
INFO: [ template_filter ] --END-- [ RunTime:0.000158s ]
SQL: SHOW COLUMNS FROM `cishoo_picture` [ RunTime:0.002271s ]
SQL: SELECT * FROM `cishoo_picture` WHERE ( `status` = 1 ) AND ( `id` = 7 ) LIMIT 1   [ RunTime:0.001891s ]
SQL: SELECT * FROM `cishoo_picture` WHERE ( `status` = 1 ) AND ( `id` = 7 ) LIMIT 1   [ RunTime:0.001462s ]
SQL: SELECT * FROM `cishoo_picture` WHERE ( `status` = 1 ) AND ( `id` = 22 ) LIMIT 1   [ RunTime:0.001296s ]
SQL: SELECT * FROM `cishoo_picture` WHERE ( `status` = 1 ) AND ( `id` = 21 ) LIMIT 1   [ RunTime:0.001421s ]
SQL: SELECT * FROM `cishoo_picture` WHERE ( `status` = 1 ) AND ( `id` = 6 ) LIMIT 1   [ RunTime:0.001481s ]
SQL: SELECT * FROM `cishoo_picture` WHERE ( `status` = 1 ) AND ( `id` = 6 ) LIMIT 1   [ RunTime:0.001160s ]
INFO: Run Behavior\ParseTemplate [ RunTime:0.057847s ]
INFO: [ view_parse ] --END-- [ RunTime:0.057869s ]
INFO: [ view_filter ] --START--
INFO: Run Behavior\WriteHtmlCache [ RunTime:0.001490s ]
INFO: [ view_filter ] --END-- [ RunTime:0.001512s ]
INFO: [ app_end ] --START--
INFO: Run Behavior\ShowPageTrace [ RunTime:0.001805s ]
INFO: [ app_end ] --END-- [ RunTime:0.001842s ]

[ 2016-09-18T14:01:45+08:00 ] 192.168.209.1 /Home/Index/index
SQL: SHOW COLUMNS FROM `cishoo_front_picture` [ RunTime:0.002149s ]
SQL: SELECT * FROM `cishoo_front_picture` WHERE ( `type` = 'banner' ) AND ( `deleted` = 0 )  [ RunTime:0.002297s ]
SQL: SHOW COLUMNS FROM `cishoo_category` [ RunTime:0.038837s ]
SQL: SELECT `id` FROM `cishoo_category` WHERE ( `name` = 'index_product' ) LIMIT 1   [ RunTime:0.002468s ]
SQL: SHOW COLUMNS FROM `cishoo_document` [ RunTime:0.003124s ]
SQL: SELECT * FROM `cishoo_document` WHERE ( `category_id` = 2 ) AND ( `status` = 1 ) ORDER BY level LIMIT 2   [ RunTime:0.002089s ]
SQL: SHOW COLUMNS FROM `cishoo_document_article` [ RunTime:0.041321s ]
SQL: SELECT * FROM `cishoo_document_article` WHERE ( `id` = 1 ) LIMIT 1   [ RunTime:0.001709s ]
SQL: SELECT * FROM `cishoo_document_article` WHERE ( `id` = 2 ) LIMIT 1   [ RunTime:0.008707s ]
SQL: SELECT `id` FROM `cishoo_category` WHERE ( `name` = 'index_prodecut_descript' ) LIMIT 1   [ RunTime:0.004227s ]
SQL: SELECT * FROM `cishoo_document` WHERE ( `category_id` = 39 ) AND ( `status` = 1 ) ORDER BY level LIMIT 2   [ RunTime:0.002144s ]
SQL: SELECT * FROM `cishoo_document_article` WHERE ( `id` = 3 ) LIMIT 1   [ RunTime:0.002102s ]
SQL: SELECT * FROM `cishoo_document_article` WHERE ( `id` = 4 ) LIMIT 1   [ RunTime:0.001239s ]
SQL: SHOW COLUMNS FROM `cishoo_front_picture` [ RunTime:0.002221s ]
SQL: SELECT `picture_id` FROM `cishoo_front_picture` WHERE ( `type` = 'video' ) ORDER BY id desc LIMIT 1   [ RunTime:0.001888s ]
SQL: SHOW COLUMNS FROM `cishoo_file` [ RunTime:0.002198s ]
SQL: SELECT * FROM `cishoo_file` WHERE ( `id` = 40 )  [ RunTime:0.003688s ]
INFO: [ view_parse ] --START--
INFO: [ template_filter ] --START--
INFO: Run Behavior\ContentReplace [ RunTime:0.000090s ]
INFO: [ template_filter ] --END-- [ RunTime:0.000121s ]
SQL: SHOW COLUMNS FROM `cishoo_picture` [ RunTime:0.001914s ]
SQL: SELECT * FROM `cishoo_picture` WHERE ( `status` = 1 ) AND ( `id` = 7 ) LIMIT 1   [ RunTime:0.001949s ]
SQL: SELECT * FROM `cishoo_picture` WHERE ( `status` = 1 ) AND ( `id` = 7 ) LIMIT 1   [ RunTime:0.001313s ]
SQL: SELECT * FROM `cishoo_picture` WHERE ( `status` = 1 ) AND ( `id` = 22 ) LIMIT 1   [ RunTime:0.001577s ]
SQL: SELECT * FROM `cishoo_picture` WHERE ( `status` = 1 ) AND ( `id` = 21 ) LIMIT 1   [ RunTime:0.002349s ]
SQL: SELECT * FROM `cishoo_picture` WHERE ( `status` = 1 ) AND ( `id` = 6 ) LIMIT 1   [ RunTime:0.002560s ]
SQL: SELECT * FROM `cishoo_picture` WHERE ( `status` = 1 ) AND ( `id` = 6 ) LIMIT 1   [ RunTime:0.001594s ]
INFO: Run Behavior\ParseTemplate [ RunTime:0.021458s ]
INFO: [ view_parse ] --END-- [ RunTime:0.021482s ]
INFO: [ view_filter ] --START--
INFO: Run Behavior\WriteHtmlCache [ RunTime:0.000052s ]
INFO: [ view_filter ] --END-- [ RunTime:0.000065s ]
INFO: [ app_end ] --START--
INFO: Run Behavior\ShowPageTrace [ RunTime:0.000028s ]
INFO: [ app_end ] --END-- [ RunTime:0.000046s ]

[ 2016-09-18T14:03:02+08:00 ] 192.168.209.1 /Home/Index/index
SQL: SHOW COLUMNS FROM `cishoo_front_picture` [ RunTime:0.001720s ]
SQL: SELECT * FROM `cishoo_front_picture` WHERE ( `type` = 'banner' ) AND ( `deleted` = 0 )  [ RunTime:0.001237s ]
SQL: SHOW COLUMNS FROM `cishoo_category` [ RunTime:0.002147s ]
SQL: SELECT `id` FROM `cishoo_category` WHERE ( `name` = 'index_product' ) LIMIT 1   [ RunTime:0.001186s ]
SQL: SHOW COLUMNS FROM `cishoo_document` [ RunTime:0.002111s ]
SQL: SELECT * FROM `cishoo_document` WHERE ( `category_id` = 2 ) AND ( `status` = 1 ) ORDER BY level LIMIT 2   [ RunTime:0.001920s ]
SQL: SHOW COLUMNS FROM `cishoo_document_article` [ RunTime:0.002070s ]
SQL: SELECT * FROM `cishoo_document_article` WHERE ( `id` = 1 ) LIMIT 1   [ RunTime:0.001145s ]
SQL: SELECT * FROM `cishoo_document_article` WHERE ( `id` = 2 ) LIMIT 1   [ RunTime:0.001198s ]
SQL: SELECT `id` FROM `cishoo_category` WHERE ( `name` = 'index_prodecut_descript' ) LIMIT 1   [ RunTime:0.001192s ]
SQL: SELECT * FROM `cishoo_document` WHERE ( `category_id` = 39 ) AND ( `status` = 1 ) ORDER BY level LIMIT 2   [ RunTime:0.002080s ]
SQL: SELECT * FROM `cishoo_document_article` WHERE ( `id` = 3 ) LIMIT 1   [ RunTime:0.001197s ]
SQL: SELECT * FROM `cishoo_document_article` WHERE ( `id` = 4 ) LIMIT 1   [ RunTime:0.001167s ]
SQL: SHOW COLUMNS FROM `cishoo_front_picture` [ RunTime:0.002134s ]
SQL: SELECT `picture_id` FROM `cishoo_front_picture` WHERE ( `type` = 'video' ) ORDER BY id desc LIMIT 1   [ RunTime:0.001181s ]
SQL: SHOW COLUMNS FROM `cishoo_file` [ RunTime:0.001780s ]
SQL: SELECT * FROM `cishoo_file` WHERE ( `id` = 40 )  [ RunTime:0.001210s ]
INFO: [ view_parse ] --START--
INFO: [ template_filter ] --START--
INFO: Run Behavior\ContentReplace [ RunTime:0.000089s ]
INFO: [ template_filter ] --END-- [ RunTime:0.000114s ]
SQL: SHOW COLUMNS FROM `cishoo_picture` [ RunTime:0.001869s ]
SQL: SELECT * FROM `cishoo_picture` WHERE ( `status` = 1 ) AND ( `id` = 7 ) LIMIT 1   [ RunTime:0.001205s ]
SQL: SELECT * FROM `cishoo_picture` WHERE ( `status` = 1 ) AND ( `id` = 7 ) LIMIT 1   [ RunTime:0.001178s ]
SQL: SELECT * FROM `cishoo_picture` WHERE ( `status` = 1 ) AND ( `id` = 22 ) LIMIT 1   [ RunTime:0.001115s ]
SQL: SELECT * FROM `cishoo_picture` WHERE ( `status` = 1 ) AND ( `id` = 21 ) LIMIT 1   [ RunTime:0.001235s ]
SQL: SELECT * FROM `cishoo_picture` WHERE ( `status` = 1 ) AND ( `id` = 6 ) LIMIT 1   [ RunTime:0.001145s ]
SQL: SELECT * FROM `cishoo_picture` WHERE ( `status` = 1 ) AND ( `id` = 6 ) LIMIT 1   [ RunTime:0.001137s ]
INFO: Run Behavior\ParseTemplate [ RunTime:0.018169s ]
INFO: [ view_parse ] --END-- [ RunTime:0.018188s ]
INFO: [ view_filter ] --START--
INFO: Run Behavior\WriteHtmlCache [ RunTime:0.000318s ]
INFO: [ view_filter ] --END-- [ RunTime:0.000334s ]
INFO: [ app_end ] --START--
INFO: Run Behavior\ShowPageTrace [ RunTime:0.000190s ]
INFO: [ app_end ] --END-- [ RunTime:0.000209s ]

[ 2016-09-18T14:03:02+08:00 ] 192.168.209.1 /Home/Index/index
SQL: SHOW COLUMNS FROM `cishoo_front_picture` [ RunTime:0.002887s ]
SQL: SELECT * FROM `cishoo_front_picture` WHERE ( `type` = 'banner' ) AND ( `deleted` = 0 )  [ RunTime:0.001835s ]
SQL: SHOW COLUMNS FROM `cishoo_category` [ RunTime:0.003115s ]
SQL: SELECT `id` FROM `cishoo_category` WHERE ( `name` = 'index_product' ) LIMIT 1   [ RunTime:0.000814s ]
SQL: SHOW COLUMNS FROM `cishoo_document` [ RunTime:0.002071s ]
SQL: SELECT * FROM `cishoo_document` WHERE ( `category_id` = 2 ) AND ( `status` = 1 ) ORDER BY level LIMIT 2   [ RunTime:0.002084s ]
SQL: SHOW COLUMNS FROM `cishoo_document_article` [ RunTime:0.001802s ]
SQL: SELECT * FROM `cishoo_document_article` WHERE ( `id` = 1 ) LIMIT 1   [ RunTime:0.001114s ]
SQL: SELECT * FROM `cishoo_document_article` WHERE ( `id` = 2 ) LIMIT 1   [ RunTime:0.001315s ]
SQL: SELECT `id` FROM `cishoo_category` WHERE ( `name` = 'index_prodecut_descript' ) LIMIT 1   [ RunTime:0.001089s ]
SQL: SELECT * FROM `cishoo_document` WHERE ( `category_id` = 39 ) AND ( `status` = 1 ) ORDER BY level LIMIT 2   [ RunTime:0.001809s ]
SQL: SELECT * FROM `cishoo_document_article` WHERE ( `id` = 3 ) LIMIT 1   [ RunTime:0.001478s ]
SQL: SELECT * FROM `cishoo_document_article` WHERE ( `id` = 4 ) LIMIT 1   [ RunTime:0.001874s ]
SQL: SHOW COLUMNS FROM `cishoo_front_picture` [ RunTime:0.001956s ]
SQL: SELECT `picture_id` FROM `cishoo_front_picture` WHERE ( `type` = 'video' ) ORDER BY id desc LIMIT 1   [ RunTime:0.000841s ]
SQL: SHOW COLUMNS FROM `cishoo_file` [ RunTime:0.001948s ]
SQL: SELECT * FROM `cishoo_file` WHERE ( `id` = 40 )  [ RunTime:0.002072s ]
INFO: [ view_parse ] --START--
INFO: [ template_filter ] --START--
INFO: Run Behavior\ContentReplace [ RunTime:0.000117s ]
INFO: [ template_filter ] --END-- [ RunTime:0.000154s ]
SQL: SHOW COLUMNS FROM `cishoo_picture` [ RunTime:0.011103s ]
SQL: SELECT * FROM `cishoo_picture` WHERE ( `status` = 1 ) AND ( `id` = 7 ) LIMIT 1   [ RunTime:0.002174s ]
SQL: SELECT * FROM `cishoo_picture` WHERE ( `status` = 1 ) AND ( `id` = 7 ) LIMIT 1   [ RunTime:0.005254s ]
SQL: SELECT * FROM `cishoo_picture` WHERE ( `status` = 1 ) AND ( `id` = 22 ) LIMIT 1   [ RunTime:0.003471s ]
SQL: SELECT * FROM `cishoo_picture` WHERE ( `status` = 1 ) AND ( `id` = 21 ) LIMIT 1   [ RunTime:0.001517s ]
SQL: SELECT * FROM `cishoo_picture` WHERE ( `status` = 1 ) AND ( `id` = 6 ) LIMIT 1   [ RunTime:0.002092s ]
SQL: SELECT * FROM `cishoo_picture` WHERE ( `status` = 1 ) AND ( `id` = 6 ) LIMIT 1   [ RunTime:0.003156s ]
INFO: Run Behavior\ParseTemplate [ RunTime:0.040653s ]
INFO: [ view_parse ] --END-- [ RunTime:0.040675s ]
INFO: [ view_filter ] --START--
INFO: Run Behavior\WriteHtmlCache [ RunTime:0.000049s ]
INFO: [ view_filter ] --END-- [ RunTime:0.000063s ]
INFO: [ app_end ] --START--
INFO: Run Behavior\ShowPageTrace [ RunTime:0.000019s ]
INFO: [ app_end ] --END-- [ RunTime:0.000033s ]

[ 2016-09-18T14:04:28+08:00 ] 192.168.209.1 /Home/Index/index
SQL: SHOW COLUMNS FROM `cishoo_front_picture` [ RunTime:0.002160s ]
SQL: SELECT * FROM `cishoo_front_picture` WHERE ( `type` = 'banner' ) AND ( `deleted` = 0 )  [ RunTime:0.001150s ]
SQL: SHOW COLUMNS FROM `cishoo_category` [ RunTime:0.002179s ]
SQL: SELECT `id` FROM `cishoo_category` WHERE ( `name` = 'index_product' ) LIMIT 1   [ RunTime:0.001829s ]
SQL: SHOW COLUMNS FROM `cishoo_document` [ RunTime:0.002165s ]
SQL: SELECT * FROM `cishoo_document` WHERE ( `category_id` = 2 ) AND ( `status` = 1 ) ORDER BY level LIMIT 2   [ RunTime:0.002253s ]
SQL: SHOW COLUMNS FROM `cishoo_document_article` [ RunTime:0.001718s ]
SQL: SELECT * FROM `cishoo_document_article` WHERE ( `id` = 1 ) LIMIT 1   [ RunTime:0.001109s ]
SQL: SELECT * FROM `cishoo_document_article` WHERE ( `id` = 2 ) LIMIT 1   [ RunTime:0.001156s ]
SQL: SELECT `id` FROM `cishoo_category` WHERE ( `name` = 'index_prodecut_descript' ) LIMIT 1   [ RunTime:0.001133s ]
SQL: SELECT * FROM `cishoo_document` WHERE ( `category_id` = 39 ) AND ( `status` = 1 ) ORDER BY level LIMIT 2   [ RunTime:0.002162s ]
SQL: SELECT * FROM `cishoo_document_article` WHERE ( `id` = 3 ) LIMIT 1   [ RunTime:0.001253s ]
SQL: SELECT * FROM `cishoo_document_article` WHERE ( `id` = 4 ) LIMIT 1   [ RunTime:0.001122s ]
SQL: SHOW COLUMNS FROM `cishoo_front_picture` [ RunTime:0.001684s ]
SQL: SELECT `picture_id` FROM `cishoo_front_picture` WHERE ( `type` = 'video' ) ORDER BY id desc LIMIT 1   [ RunTime:0.001145s ]
SQL: SHOW COLUMNS FROM `cishoo_file` [ RunTime:0.001738s ]
SQL: SELECT * FROM `cishoo_file` WHERE ( `id` = 40 )  [ RunTime:0.001154s ]
INFO: [ view_parse ] --START--
INFO: [ template_filter ] --START--
INFO: Run Behavior\ContentReplace [ RunTime:0.000104s ]
INFO: [ template_filter ] --END-- [ RunTime:0.000129s ]
SQL: SHOW COLUMNS FROM `cishoo_picture` [ RunTime:0.002315s ]
SQL: SELECT * FROM `cishoo_picture` WHERE ( `status` = 1 ) AND ( `id` = 7 ) LIMIT 1   [ RunTime:0.001278s ]
SQL: SELECT * FROM `cishoo_picture` WHERE ( `status` = 1 ) AND ( `id` = 7 ) LIMIT 1   [ RunTime:0.001257s ]
SQL: SELECT * FROM `cishoo_picture` WHERE ( `status` = 1 ) AND ( `id` = 22 ) LIMIT 1   [ RunTime:0.001222s ]
SQL: SELECT * FROM `cishoo_picture` WHERE ( `status` = 1 ) AND ( `id` = 21 ) LIMIT 1   [ RunTime:0.001240s ]
SQL: SELECT * FROM `cishoo_picture` WHERE ( `status` = 1 ) AND ( `id` = 6 ) LIMIT 1   [ RunTime:0.001165s ]
SQL: SELECT * FROM `cishoo_picture` WHERE ( `status` = 1 ) AND ( `id` = 6 ) LIMIT 1   [ RunTime:0.001188s ]
INFO: Run Behavior\ParseTemplate [ RunTime:0.020024s ]
INFO: [ view_parse ] --END-- [ RunTime:0.020046s ]
INFO: [ view_filter ] --START--
INFO: Run Behavior\WriteHtmlCache [ RunTime:0.000305s ]
INFO: [ view_filter ] --END-- [ RunTime:0.000325s ]
INFO: [ app_end ] --START--
INFO: Run Behavior\ShowPageTrace [ RunTime:0.000227s ]
INFO: [ app_end ] --END-- [ RunTime:0.000249s ]

[ 2016-09-18T14:04:28+08:00 ] 192.168.209.1 /Home/Index/index
SQL: SHOW COLUMNS FROM `cishoo_front_picture` [ RunTime:0.002108s ]
SQL: SELECT * FROM `cishoo_front_picture` WHERE ( `type` = 'banner' ) AND ( `deleted` = 0 )  [ RunTime:0.001458s ]
SQL: SHOW COLUMNS FROM `cishoo_category` [ RunTime:0.002550s ]
SQL: SELECT `id` FROM `cishoo_category` WHERE ( `name` = 'index_product' ) LIMIT 1   [ RunTime:0.000893s ]
SQL: SHOW COLUMNS FROM `cishoo_document` [ RunTime:0.002201s ]
SQL: SELECT * FROM `cishoo_document` WHERE ( `category_id` = 2 ) AND ( `status` = 1 ) ORDER BY level LIMIT 2   [ RunTime:0.002801s ]
SQL: SHOW COLUMNS FROM `cishoo_document_article` [ RunTime:0.002228s ]
SQL: SELECT * FROM `cishoo_document_article` WHERE ( `id` = 1 ) LIMIT 1   [ RunTime:0.001139s ]
SQL: SELECT * FROM `cishoo_document_article` WHERE ( `id` = 2 ) LIMIT 1   [ RunTime:0.001746s ]
SQL: SELECT `id` FROM `cishoo_category` WHERE ( `name` = 'index_prodecut_descript' ) LIMIT 1   [ RunTime:0.001772s ]
SQL: SELECT * FROM `cishoo_document` WHERE ( `category_id` = 39 ) AND ( `status` = 1 ) ORDER BY level LIMIT 2   [ RunTime:0.002535s ]
SQL: SELECT * FROM `cishoo_document_article` WHERE ( `id` = 3 ) LIMIT 1   [ RunTime:0.001548s ]
SQL: SELECT * FROM `cishoo_document_article` WHERE ( `id` = 4 ) LIMIT 1   [ RunTime:0.002192s ]
SQL: SHOW COLUMNS FROM `cishoo_front_picture` [ RunTime:0.004522s ]
SQL: SELECT `picture_id` FROM `cishoo_front_picture` WHERE ( `type` = 'video' ) ORDER BY id desc LIMIT 1   [ RunTime:0.001468s ]
SQL: SHOW COLUMNS FROM `cishoo_file` [ RunTime:0.004410s ]
SQL: SELECT * FROM `cishoo_file` WHERE ( `id` = 40 )  [ RunTime:0.004533s ]
INFO: [ view_parse ] --START--
INFO: [ template_filter ] --START--
INFO: Run Behavior\ContentReplace [ RunTime:0.000159s ]
INFO: [ template_filter ] --END-- [ RunTime:0.000206s ]
SQL: SHOW COLUMNS FROM `cishoo_picture` [ RunTime:0.002550s ]
SQL: SELECT * FROM `cishoo_picture` WHERE ( `status` = 1 ) AND ( `id` = 7 ) LIMIT 1   [ RunTime:0.001638s ]
SQL: SELECT * FROM `cishoo_picture` WHERE ( `status` = 1 ) AND ( `id` = 7 ) LIMIT 1   [ RunTime:0.002033s ]
SQL: SELECT * FROM `cishoo_picture` WHERE ( `status` = 1 ) AND ( `id` = 22 ) LIMIT 1   [ RunTime:0.001229s ]
SQL: SELECT * FROM `cishoo_picture` WHERE ( `status` = 1 ) AND ( `id` = 21 ) LIMIT 1   [ RunTime:0.001781s ]
SQL: SELECT * FROM `cishoo_picture` WHERE ( `status` = 1 ) AND ( `id` = 6 ) LIMIT 1   [ RunTime:0.002633s ]
SQL: SELECT * FROM `cishoo_picture` WHERE ( `status` = 1 ) AND ( `id` = 6 ) LIMIT 1   [ RunTime:0.003193s ]
INFO: Run Behavior\ParseTemplate [ RunTime:0.026778s ]
INFO: [ view_parse ] --END-- [ RunTime:0.026798s ]
INFO: [ view_filter ] --START--
INFO: Run Behavior\WriteHtmlCache [ RunTime:0.000050s ]
INFO: [ view_filter ] --END-- [ RunTime:0.000063s ]
INFO: [ app_end ] --START--
INFO: Run Behavior\ShowPageTrace [ RunTime:0.000022s ]
INFO: [ app_end ] --END-- [ RunTime:0.000039s ]

[ 2016-09-18T14:07:21+08:00 ] 192.168.209.1 /Home/Partner/index.html
SQL: SHOW COLUMNS FROM `cishoo_category` [ RunTime:0.005098s ]
SQL: SELECT `id` FROM `cishoo_category` WHERE ( `name` = 'join_condition' ) LIMIT 1   [ RunTime:0.001068s ]
SQL: SHOW COLUMNS FROM `cishoo_document` [ RunTime:0.002587s ]
SQL: SELECT * FROM `cishoo_document` WHERE ( `category_id` = 42 ) AND ( `status` = 1 ) ORDER BY create_time LIMIT 1   [ RunTime:0.002583s ]
SQL: SHOW COLUMNS FROM `cishoo_document_article` [ RunTime:0.001724s ]
SQL: SELECT * FROM `cishoo_document_article` WHERE ( `id` = 34 ) LIMIT 1   [ RunTime:0.001633s ]
SQL: SELECT `id` FROM `cishoo_category` WHERE ( `name` = 'join_flow' ) LIMIT 1   [ RunTime:0.001003s ]
SQL: SELECT * FROM `cishoo_document` WHERE ( `category_id` = 43 ) AND ( `status` = 1 ) ORDER BY create_time LIMIT 1   [ RunTime:0.002552s ]
SQL: SELECT * FROM `cishoo_document_article` WHERE ( `id` = 29 ) LIMIT 1   [ RunTime:0.001876s ]
SQL: SELECT `id` FROM `cishoo_category` WHERE ( `name` = 'profit_model' ) LIMIT 1   [ RunTime:0.001088s ]
SQL: SELECT * FROM `cishoo_document` WHERE ( `category_id` = 44 ) AND ( `status` = 1 ) ORDER BY create_time LIMIT 1   [ RunTime:0.002380s ]
SQL: SELECT * FROM `cishoo_document_article` WHERE ( `id` = 20 ) LIMIT 1   [ RunTime:0.007130s ]
SQL: SELECT `id` FROM `cishoo_category` WHERE ( `name` = 'question' ) LIMIT 1   [ RunTime:0.001209s ]
SQL: SELECT * FROM `cishoo_document` WHERE ( `category_id` = 45 ) AND ( `status` = 1 ) ORDER BY create_time LIMIT 1   [ RunTime:0.001969s ]
SQL: SELECT * FROM `cishoo_document_article` WHERE ( `id` = 17 ) LIMIT 1   [ RunTime:0.001790s ]
SQL: SELECT `id` FROM `cishoo_category` WHERE ( `name` = 'service' ) LIMIT 1   [ RunTime:0.001157s ]
SQL: SELECT * FROM `cishoo_document` WHERE ( `category_id` = 46 ) AND ( `status` = 1 ) ORDER BY create_time LIMIT 1   [ RunTime:0.002092s ]
SQL: SELECT * FROM `cishoo_document_article` WHERE ( `id` = 14 ) LIMIT 1   [ RunTime:0.002393s ]
INFO: [ view_parse ] --START--
INFO: [ template_filter ] --START--
INFO: Run Behavior\ContentReplace [ RunTime:0.000127s ]
INFO: [ template_filter ] --END-- [ RunTime:0.000168s ]
INFO: Run Behavior\ParseTemplate [ RunTime:0.014060s ]
INFO: [ view_parse ] --END-- [ RunTime:0.014121s ]
INFO: [ view_filter ] --START--
INFO: Run Behavior\WriteHtmlCache [ RunTime:0.000589s ]
INFO: [ view_filter ] --END-- [ RunTime:0.000661s ]
INFO: [ app_end ] --START--
INFO: Run Behavior\ShowPageTrace [ RunTime:0.000390s ]
INFO: [ app_end ] --END-- [ RunTime:0.000438s ]

[ 2016-09-18T14:45:12+08:00 ] 192.168.209.1 /Home/Index/index
SQL: SHOW COLUMNS FROM `cishoo_front_picture` [ RunTime:0.011039s ]
SQL: SELECT * FROM `cishoo_front_picture` WHERE ( `type` = 'banner' ) AND ( `deleted` = 0 )  [ RunTime:0.001183s ]
SQL: SHOW COLUMNS FROM `cishoo_category` [ RunTime:0.002245s ]
SQL: SELECT `id` FROM `cishoo_category` WHERE ( `name` = 'index_product' ) LIMIT 1   [ RunTime:0.001142s ]
SQL: SHOW COLUMNS FROM `cishoo_document` [ RunTime:0.002536s ]
SQL: SELECT * FROM `cishoo_document` WHERE ( `category_id` = 2 ) AND ( `status` = 1 ) ORDER BY level LIMIT 2   [ RunTime:0.002391s ]
SQL: SHOW COLUMNS FROM `cishoo_document_article` [ RunTime:0.001665s ]
SQL: SELECT * FROM `cishoo_document_article` WHERE ( `id` = 1 ) LIMIT 1   [ RunTime:0.001190s ]
SQL: SELECT * FROM `cishoo_document_article` WHERE ( `id` = 2 ) LIMIT 1   [ RunTime:0.001218s ]
SQL: SELECT `id` FROM `cishoo_category` WHERE ( `name` = 'index_prodecut_descript' ) LIMIT 1   [ RunTime:0.001173s ]
SQL: SELECT * FROM `cishoo_document` WHERE ( `category_id` = 39 ) AND ( `status` = 1 ) ORDER BY level LIMIT 2   [ RunTime:0.002251s ]
SQL: SELECT * FROM `cishoo_document_article` WHERE ( `id` = 3 ) LIMIT 1   [ RunTime:0.001132s ]
SQL: SELECT * FROM `cishoo_document_article` WHERE ( `id` = 4 ) LIMIT 1   [ RunTime:0.001257s ]
SQL: SHOW COLUMNS FROM `cishoo_front_picture` [ RunTime:0.001699s ]
SQL: SELECT `picture_id` FROM `cishoo_front_picture` WHERE ( `type` = 'video' ) ORDER BY id desc LIMIT 1   [ RunTime:0.001210s ]
SQL: SHOW COLUMNS FROM `cishoo_file` [ RunTime:0.001719s ]
SQL: SELECT * FROM `cishoo_file` WHERE ( `id` = 40 )  [ RunTime:0.001333s ]
INFO: [ view_parse ] --START--
INFO: [ template_filter ] --START--
INFO: Run Behavior\ContentReplace [ RunTime:0.000086s ]
INFO: [ template_filter ] --END-- [ RunTime:0.000114s ]
SQL: SHOW COLUMNS FROM `cishoo_picture` [ RunTime:0.002182s ]
SQL: SELECT * FROM `cishoo_picture` WHERE ( `status` = 1 ) AND ( `id` = 7 ) LIMIT 1   [ RunTime:0.001357s ]
SQL: SELECT * FROM `cishoo_picture` WHERE ( `status` = 1 ) AND ( `id` = 7 ) LIMIT 1   [ RunTime:0.001290s ]
SQL: SELECT * FROM `cishoo_picture` WHERE ( `status` = 1 ) AND ( `id` = 22 ) LIMIT 1   [ RunTime:0.001151s ]
SQL: SELECT * FROM `cishoo_picture` WHERE ( `status` = 1 ) AND ( `id` = 21 ) LIMIT 1   [ RunTime:0.001211s ]
SQL: SELECT * FROM `cishoo_picture` WHERE ( `status` = 1 ) AND ( `id` = 6 ) LIMIT 1   [ RunTime:0.001156s ]
SQL: SELECT * FROM `cishoo_picture` WHERE ( `status` = 1 ) AND ( `id` = 6 ) LIMIT 1   [ RunTime:0.001151s ]
INFO: Run Behavior\ParseTemplate [ RunTime:0.035543s ]
INFO: [ view_parse ] --END-- [ RunTime:0.035571s ]
INFO: [ view_filter ] --START--
INFO: Run Behavior\WriteHtmlCache [ RunTime:0.000375s ]
INFO: [ view_filter ] --END-- [ RunTime:0.000392s ]
INFO: [ app_end ] --START--
INFO: Run Behavior\ShowPageTrace [ RunTime:0.000473s ]
INFO: [ app_end ] --END-- [ RunTime:0.000494s ]

[ 2016-09-18T14:45:13+08:00 ] 192.168.209.1 /Home/Index/index
SQL: SHOW COLUMNS FROM `cishoo_front_picture` [ RunTime:0.001413s ]
SQL: SELECT * FROM `cishoo_front_picture` WHERE ( `type` = 'banner' ) AND ( `deleted` = 0 )  [ RunTime:0.001116s ]
SQL: SHOW COLUMNS FROM `cishoo_category` [ RunTime:0.001824s ]
SQL: SELECT `id` FROM `cishoo_category` WHERE ( `name` = 'index_product' ) LIMIT 1   [ RunTime:0.001144s ]
SQL: SHOW COLUMNS FROM `cishoo_document` [ RunTime:0.002010s ]
SQL: SELECT * FROM `cishoo_document` WHERE ( `category_id` = 2 ) AND ( `status` = 1 ) ORDER BY level LIMIT 2   [ RunTime:0.002055s ]
SQL: SHOW COLUMNS FROM `cishoo_document_article` [ RunTime:0.001416s ]
SQL: SELECT * FROM `cishoo_document_article` WHERE ( `id` = 1 ) LIMIT 1   [ RunTime:0.001146s ]
SQL: SELECT * FROM `cishoo_document_article` WHERE ( `id` = 2 ) LIMIT 1   [ RunTime:0.001178s ]
SQL: SELECT `id` FROM `cishoo_category` WHERE ( `name` = 'index_prodecut_descript' ) LIMIT 1   [ RunTime:0.001208s ]
SQL: SELECT * FROM `cishoo_document` WHERE ( `category_id` = 39 ) AND ( `status` = 1 ) ORDER BY level LIMIT 2   [ RunTime:0.002184s ]
SQL: SELECT * FROM `cishoo_document_article` WHERE ( `id` = 3 ) LIMIT 1   [ RunTime:0.001080s ]
SQL: SELECT * FROM `cishoo_document_article` WHERE ( `id` = 4 ) LIMIT 1   [ RunTime:0.001190s ]
SQL: SHOW COLUMNS FROM `cishoo_front_picture` [ RunTime:0.001445s ]
SQL: SELECT `picture_id` FROM `cishoo_front_picture` WHERE ( `type` = 'video' ) ORDER BY id desc LIMIT 1   [ RunTime:0.001135s ]
SQL: SHOW COLUMNS FROM `cishoo_file` [ RunTime:0.001591s ]
SQL: SELECT * FROM `cishoo_file` WHERE ( `id` = 40 )  [ RunTime:0.001158s ]
INFO: [ view_parse ] --START--
INFO: [ template_filter ] --START--
INFO: Run Behavior\ContentReplace [ RunTime:0.000085s ]
INFO: [ template_filter ] --END-- [ RunTime:0.000104s ]
SQL: SHOW COLUMNS FROM `cishoo_picture` [ RunTime:0.001475s ]
SQL: SELECT * FROM `cishoo_picture` WHERE ( `status` = 1 ) AND ( `id` = 7 ) LIMIT 1   [ RunTime:0.001193s ]
SQL: SELECT * FROM `cishoo_picture` WHERE ( `status` = 1 ) AND ( `id` = 7 ) LIMIT 1   [ RunTime:0.001141s ]
SQL: SELECT * FROM `cishoo_picture` WHERE ( `status` = 1 ) AND ( `id` = 22 ) LIMIT 1   [ RunTime:0.001208s ]
SQL: SELECT * FROM `cishoo_picture` WHERE ( `status` = 1 ) AND ( `id` = 21 ) LIMIT 1   [ RunTime:0.001181s ]
SQL: SELECT * FROM `cishoo_picture` WHERE ( `status` = 1 ) AND ( `id` = 6 ) LIMIT 1   [ RunTime:0.001153s ]
SQL: SELECT * FROM `cishoo_picture` WHERE ( `status` = 1 ) AND ( `id` = 6 ) LIMIT 1   [ RunTime:0.001063s ]
INFO: Run Behavior\ParseTemplate [ RunTime:0.015277s ]
INFO: [ view_parse ] --END-- [ RunTime:0.015296s ]
INFO: [ view_filter ] --START--
INFO: Run Behavior\WriteHtmlCache [ RunTime:0.000193s ]
INFO: [ view_filter ] --END-- [ RunTime:0.000212s ]
INFO: [ app_end ] --START--
INFO: Run Behavior\ShowPageTrace [ RunTime:0.000022s ]
INFO: [ app_end ] --END-- [ RunTime:0.000040s ]

[ 2016-09-18T14:45:15+08:00 ] 192.168.209.1 /Home/Partner/index.html
SQL: SHOW COLUMNS FROM `cishoo_category` [ RunTime:0.001876s ]
SQL: SELECT `id` FROM `cishoo_category` WHERE ( `name` = 'join_condition' ) LIMIT 1   [ RunTime:0.000972s ]
SQL: SHOW COLUMNS FROM `cishoo_document` [ RunTime:0.001698s ]
SQL: SELECT * FROM `cishoo_document` WHERE ( `category_id` = 42 ) AND ( `status` = 1 ) ORDER BY create_time LIMIT 1   [ RunTime:0.002375s ]
SQL: SHOW COLUMNS FROM `cishoo_document_article` [ RunTime:0.001828s ]
SQL: SELECT * FROM `cishoo_document_article` WHERE ( `id` = 34 ) LIMIT 1   [ RunTime:0.001406s ]
SQL: SELECT `id` FROM `cishoo_category` WHERE ( `name` = 'join_flow' ) LIMIT 1   [ RunTime:0.001098s ]
SQL: SELECT * FROM `cishoo_document` WHERE ( `category_id` = 43 ) AND ( `status` = 1 ) ORDER BY create_time LIMIT 1   [ RunTime:0.001610s ]
SQL: SELECT * FROM `cishoo_document_article` WHERE ( `id` = 29 ) LIMIT 1   [ RunTime:0.001306s ]
SQL: SELECT `id` FROM `cishoo_category` WHERE ( `name` = 'profit_model' ) LIMIT 1   [ RunTime:0.001186s ]
SQL: SELECT * FROM `cishoo_document` WHERE ( `category_id` = 44 ) AND ( `status` = 1 ) ORDER BY create_time LIMIT 1   [ RunTime:0.002110s ]
SQL: SELECT * FROM `cishoo_document_article` WHERE ( `id` = 20 ) LIMIT 1   [ RunTime:0.001281s ]
SQL: SELECT `id` FROM `cishoo_category` WHERE ( `name` = 'question' ) LIMIT 1   [ RunTime:0.001160s ]
SQL: SELECT * FROM `cishoo_document` WHERE ( `category_id` = 45 ) AND ( `status` = 1 ) ORDER BY create_time LIMIT 1   [ RunTime:0.002318s ]
SQL: SELECT * FROM `cishoo_document_article` WHERE ( `id` = 17 ) LIMIT 1   [ RunTime:0.001303s ]
SQL: SELECT `id` FROM `cishoo_category` WHERE ( `name` = 'service' ) LIMIT 1   [ RunTime:0.001178s ]
SQL: SELECT * FROM `cishoo_document` WHERE ( `category_id` = 46 ) AND ( `status` = 1 ) ORDER BY create_time LIMIT 1   [ RunTime:0.001750s ]
SQL: SELECT * FROM `cishoo_document_article` WHERE ( `id` = 14 ) LIMIT 1   [ RunTime:0.001357s ]
INFO: [ view_parse ] --START--
INFO: [ template_filter ] --START--
INFO: Run Behavior\ContentReplace [ RunTime:0.000071s ]
INFO: [ template_filter ] --END-- [ RunTime:0.000097s ]
INFO: Run Behavior\ParseTemplate [ RunTime:0.007271s ]
INFO: [ view_parse ] --END-- [ RunTime:0.007298s ]
INFO: [ view_filter ] --START--
INFO: Run Behavior\WriteHtmlCache [ RunTime:0.000206s ]
INFO: [ view_filter ] --END-- [ RunTime:0.000223s ]
INFO: [ app_end ] --START--
INFO: Run Behavior\ShowPageTrace [ RunTime:0.000200s ]
INFO: [ app_end ] --END-- [ RunTime:0.000222s ]

[ 2016-09-18T14:46:15+08:00 ] 192.168.209.1 /Home/Partner/index.html
SQL: SHOW COLUMNS FROM `cishoo_category` [ RunTime:0.001838s ]
SQL: SELECT `id` FROM `cishoo_category` WHERE ( `name` = 'join_condition' ) LIMIT 1   [ RunTime:0.000966s ]
SQL: SHOW COLUMNS FROM `cishoo_document` [ RunTime:0.001709s ]
SQL: SELECT * FROM `cishoo_document` WHERE ( `category_id` = 42 ) AND ( `status` = 1 ) ORDER BY create_time LIMIT 1   [ RunTime:0.002221s ]
SQL: SHOW COLUMNS FROM `cishoo_document_article` [ RunTime:0.001669s ]
SQL: SELECT * FROM `cishoo_document_article` WHERE ( `id` = 34 ) LIMIT 1   [ RunTime:0.001387s ]
SQL: SELECT `id` FROM `cishoo_category` WHERE ( `name` = 'join_flow' ) LIMIT 1   [ RunTime:0.001229s ]
SQL: SELECT * FROM `cishoo_document` WHERE ( `category_id` = 43 ) AND ( `status` = 1 ) ORDER BY create_time LIMIT 1   [ RunTime:0.002147s ]
SQL: SELECT * FROM `cishoo_document_article` WHERE ( `id` = 29 ) LIMIT 1   [ RunTime:0.001372s ]
SQL: SELECT `id` FROM `cishoo_category` WHERE ( `name` = 'profit_model' ) LIMIT 1   [ RunTime:0.001147s ]
SQL: SELECT * FROM `cishoo_document` WHERE ( `category_id` = 44 ) AND ( `status` = 1 ) ORDER BY create_time LIMIT 1   [ RunTime:0.002201s ]
SQL: SELECT * FROM `cishoo_document_article` WHERE ( `id` = 20 ) LIMIT 1   [ RunTime:0.001212s ]
SQL: SELECT `id` FROM `cishoo_category` WHERE ( `name` = 'question' ) LIMIT 1   [ RunTime:0.001145s ]
SQL: SELECT * FROM `cishoo_document` WHERE ( `category_id` = 45 ) AND ( `status` = 1 ) ORDER BY create_time LIMIT 1   [ RunTime:0.002128s ]
SQL: SELECT * FROM `cishoo_document_article` WHERE ( `id` = 17 ) LIMIT 1   [ RunTime:0.001166s ]
SQL: SELECT `id` FROM `cishoo_category` WHERE ( `name` = 'service' ) LIMIT 1   [ RunTime:0.001178s ]
SQL: SELECT * FROM `cishoo_document` WHERE ( `category_id` = 46 ) AND ( `status` = 1 ) ORDER BY create_time LIMIT 1   [ RunTime:0.002173s ]
SQL: SELECT * FROM `cishoo_document_article` WHERE ( `id` = 14 ) LIMIT 1   [ RunTime:0.001423s ]
INFO: [ view_parse ] --START--
INFO: [ template_filter ] --START--
INFO: Run Behavior\ContentReplace [ RunTime:0.000070s ]
INFO: [ template_filter ] --END-- [ RunTime:0.000092s ]
INFO: Run Behavior\ParseTemplate [ RunTime:0.007270s ]
INFO: [ view_parse ] --END-- [ RunTime:0.007298s ]
INFO: [ view_filter ] --START--
INFO: Run Behavior\WriteHtmlCache [ RunTime:0.000213s ]
INFO: [ view_filter ] --END-- [ RunTime:0.000231s ]
INFO: [ app_end ] --START--
INFO: Run Behavior\ShowPageTrace [ RunTime:0.000200s ]
INFO: [ app_end ] --END-- [ RunTime:0.000222s ]

