[ 2016-09-02T18:07:29+08:00 ] 192.168.209.1 /Admin/Public/login.html
INFO: [ view_parse ] --START--
INFO: [ template_filter ] --START--
INFO: Run Behavior\ContentReplace [ RunTime:0.000048s ]
INFO: [ template_filter ] --END-- [ RunTime:0.000067s ]
INFO: Run Behavior\ParseTemplate [ RunTime:0.004776s ]
INFO: [ view_parse ] --END-- [ RunTime:0.004806s ]
INFO: [ view_filter ] --START--
INFO: Run Behavior\WriteHtmlCache [ RunTime:0.000228s ]
INFO: [ view_filter ] --END-- [ RunTime:0.000244s ]
INFO: [ app_end ] --START--
INFO: Run Behavior\ShowPageTrace [ RunTime:0.000246s ]
INFO: [ app_end ] --END-- [ RunTime:0.000264s ]

[ 2016-09-02T18:07:36+08:00 ] 192.168.209.1 /Admin/Public/login.html
INFO: [ app_begin ] --START--
INFO: Run Behavior\ReadHtmlCache [ RunTime:0.000170s ]
INFO: [ app_begin ] --END-- [ RunTime:0.000364s ]
SQL: SHOW COLUMNS FROM `cishoo_ucenter_member` [ RunTime:0.002018s ]
SQL: SELECT * FROM `cishoo_ucenter_member` WHERE ( `username` = 'admin' ) LIMIT 1   [ RunTime:0.001400s ]
SQL: UPDATE `cishoo_ucenter_member` SET `last_login_time`=1472810856,`last_login_ip`='3232289025' WHERE ( `id` = 1 ) [ RunTime:0.008105s ]
SQL: SHOW COLUMNS FROM `cishoo_member` [ RunTime:0.001666s ]
SQL: SELECT `uid`,`nickname`,`sex`,`birthday`,`qq`,`score`,`login`,`reg_ip`,`reg_time`,`last_login_ip`,`last_login_time`,`status` FROM `cishoo_member` WHERE ( `uid` = 1 ) LIMIT 1   [ RunTime:0.001290s ]
SQL: SHOW COLUMNS FROM `cishoo_action` [ RunTime:0.001417s ]
SQL: SELECT * FROM `cishoo_action` WHERE ( `name` = 'user_login' ) LIMIT 1   [ RunTime:0.001125s ]
SQL: SHOW COLUMNS FROM `cishoo_action_log` [ RunTime:0.001555s ]
SQL: INSERT INTO `cishoo_action_log` (`action_id`,`user_id`,`action_ip`,`model`,`record_id`,`create_time`,`remark`) VALUES (1,1,3232289025,'member',1,1472810856,'admin在2016-09-02 18:07登录了后台') [ RunTime:0.005170s ]
SQL: SELECT * FROM `cishoo_action` WHERE ( `name` = 'user_login' ) LIMIT 1   [ RunTime:0.001227s ]
NOTIC: [8] Undefined offset: 1 /opt/ubuntu/webvr/Application/Common/Common/function.php 第 703 行.
NOTIC: [2] array_key_exists() expects parameter 2 to be array, null given /opt/ubuntu/webvr/Application/Common/Common/function.php 第 703 行.
SQL: SELECT COUNT(*) AS tp_count FROM `cishoo_action_log` WHERE ( `action_id` = 1 ) AND ( `user_id` = 1 ) AND ( `create_time` > 1472724456 ) LIMIT 1   [ RunTime:0.001064s ]
SQL: SHOW COLUMNS FROM `cishoo_member` [ RunTime:0.001388s ]
SQL: UPDATE `cishoo_member` SET `score`=score+10 WHERE ( uid=1 AND status>-1 ) [ RunTime:0.006872s ]
SQL: UPDATE `cishoo_member` SET `login`=`login`+1,`last_login_time`=1472810856,`last_login_ip`='3232289025' WHERE ( `uid` = 1 ) [ RunTime:0.001204s ]

[ 2016-09-02T18:07:36+08:00 ] 192.168.209.1 /Admin/Index/index.html
SQL: SHOW COLUMNS FROM `cishoo_menu` [ RunTime:0.001479s ]
SQL: SELECT * FROM `cishoo_menu` WHERE ( `pid` = 0 ) AND ( `hide` = 0 ) ORDER BY sort asc  [ RunTime:0.006871s ]
SQL: SELECT `id` FROM `cishoo_menu` WHERE ( url like '%Index/index%' ) LIMIT 1   [ RunTime:0.001015s ]
SQL: SHOW COLUMNS FROM `cishoo_menu` [ RunTime:0.001597s ]
SQL: SELECT `id`,`pid`,`title` FROM `cishoo_menu` WHERE ( id=1 ) LIMIT 1   [ RunTime:0.001130s ]
SQL: SELECT DISTINCT  `group` FROM `cishoo_menu` WHERE ( pid = 1 )  [ RunTime:0.001059s ]
SQL: SELECT `id`,`url` FROM `cishoo_menu` WHERE ( `pid` = 1 ) AND ( `hide` = 0 )  [ RunTime:0.001121s ]
INFO: [ view_parse ] --START--
INFO: [ template_filter ] --START--
INFO: Run Behavior\ContentReplace [ RunTime:0.000101s ]
INFO: [ template_filter ] --END-- [ RunTime:0.000143s ]
INFO: [ AdminIndex ] --START--
SQL: SHOW COLUMNS FROM `cishoo_addons` [ RunTime:0.001827s ]
SQL: SELECT `config` FROM `cishoo_addons` WHERE ( `name` = 'SiteStat' ) AND ( `status` = 1 ) LIMIT 1   [ RunTime:0.001023s ]
SQL: SHOW COLUMNS FROM `cishoo_member` [ RunTime:0.001624s ]
SQL: SELECT COUNT(*) AS tp_count FROM `cishoo_member` LIMIT 1   [ RunTime:0.001099s ]
SQL: SHOW COLUMNS FROM `cishoo_action_log` [ RunTime:0.001376s ]
SQL: SELECT COUNT(*) AS tp_count FROM `cishoo_action_log` LIMIT 1   [ RunTime:0.001103s ]
SQL: SHOW COLUMNS FROM `cishoo_document` [ RunTime:0.001660s ]
SQL: SELECT COUNT(*) AS tp_count FROM `cishoo_document` LIMIT 1   [ RunTime:0.001095s ]
SQL: SHOW COLUMNS FROM `cishoo_category` [ RunTime:0.001756s ]
SQL: SELECT COUNT(*) AS tp_count FROM `cishoo_category` LIMIT 1   [ RunTime:0.001054s ]
SQL: SHOW COLUMNS FROM `cishoo_model` [ RunTime:0.001586s ]
SQL: SELECT COUNT(*) AS tp_count FROM `cishoo_model` LIMIT 1   [ RunTime:0.001150s ]
INFO: [ view_parse ] --START--
INFO: [ template_filter ] --START--
INFO: Run Behavior\ContentReplace [ RunTime:0.000019s ]
INFO: [ template_filter ] --END-- [ RunTime:-0.024053s ]
INFO: Run Behavior\ParseTemplate [ RunTime:0.003016s ]
INFO: [ view_parse ] --END-- [ RunTime:0.003044s ]
INFO: [ view_filter ] --START--
INFO: Run Behavior\WriteHtmlCache [ RunTime:0.000201s ]
INFO: [ view_filter ] --END-- [ RunTime:0.000218s ]
INFO: Run SiteStat [ RunTime:0.022990s ]
SQL: SELECT `config` FROM `cishoo_addons` WHERE ( `name` = 'SystemInfo' ) AND ( `status` = 1 ) LIMIT 1   [ RunTime:0.001162s ]
INFO: [ view_parse ] --START--
INFO: [ template_filter ] --START--
INFO: Run Behavior\ContentReplace [ RunTime:0.000036s ]
INFO: [ template_filter ] --END-- [ RunTime:-0.144259s ]
SQL: select version() as v; [ RunTime:0.001252s ]
INFO: Run Behavior\ParseTemplate [ RunTime:0.007287s ]
INFO: [ view_parse ] --END-- [ RunTime:-0.116208s ]
INFO: [ view_filter ] --START--
INFO: Run Behavior\WriteHtmlCache [ RunTime:0.000009s ]
INFO: [ view_filter ] --END-- [ RunTime:-0.123331s ]
INFO: Run SystemInfo [ RunTime:0.123359s ]
SQL: SELECT `config` FROM `cishoo_addons` WHERE ( `name` = 'DevTeam' ) AND ( `status` = 1 ) LIMIT 1   [ RunTime:0.001157s ]
INFO: [ view_parse ] --START--
INFO: [ template_filter ] --START--
INFO: Run Behavior\ContentReplace [ RunTime:0.000036s ]
INFO: [ template_filter ] --END-- [ RunTime:-0.154864s ]
INFO: Run Behavior\ParseTemplate [ RunTime:0.005051s ]
INFO: [ view_parse ] --END-- [ RunTime:-0.127084s ]
INFO: [ view_filter ] --START--
INFO: Run Behavior\WriteHtmlCache [ RunTime:0.000008s ]
INFO: [ view_filter ] --END-- [ RunTime:-0.131972s ]
INFO: Run DevTeam [ RunTime:0.008627s ]
INFO: [ AdminIndex ] --END-- [ RunTime:0.155027s ]
INFO: Run Behavior\ParseTemplate [ RunTime:0.005182s ]
INFO: [ view_parse ] --END-- [ RunTime:-0.127084s ]
INFO: [ view_filter ] --START--
INFO: Run Behavior\WriteHtmlCache [ RunTime:0.000005s ]
INFO: [ view_filter ] --END-- [ RunTime:-0.132080s ]
INFO: [ app_end ] --START--
INFO: Run Behavior\ShowPageTrace [ RunTime:0.000378s ]
INFO: [ app_end ] --END-- [ RunTime:0.000419s ]

[ 2016-09-02T18:14:34+08:00 ] 192.168.209.1 /Admin/Public/login.html
INFO: [ view_parse ] --START--
INFO: [ template_filter ] --START--
INFO: Run Behavior\ContentReplace [ RunTime:0.000098s ]
INFO: [ template_filter ] --END-- [ RunTime:0.000148s ]
INFO: Run Behavior\ParseTemplate [ RunTime:0.008323s ]
INFO: [ view_parse ] --END-- [ RunTime:0.008683s ]
INFO: [ view_filter ] --START--
INFO: Run Behavior\WriteHtmlCache [ RunTime:0.000361s ]
INFO: [ view_filter ] --END-- [ RunTime:0.000395s ]
INFO: [ app_end ] --START--
INFO: Run Behavior\ShowPageTrace [ RunTime:0.000470s ]
INFO: [ app_end ] --END-- [ RunTime:0.000544s ]

[ 2016-09-02T18:14:45+08:00 ] 192.168.209.1 /Admin/Public/login.html
INFO: [ app_begin ] --START--
INFO: Run Behavior\ReadHtmlCache [ RunTime:0.000215s ]
INFO: [ app_begin ] --END-- [ RunTime:0.000503s ]
SQL: SHOW COLUMNS FROM `cishoo_ucenter_member` [ RunTime:0.001707s ]
SQL: SELECT * FROM `cishoo_ucenter_member` WHERE ( `username` = 'admin' ) LIMIT 1   [ RunTime:0.001276s ]
SQL: UPDATE `cishoo_ucenter_member` SET `last_login_time`=1472811285,`last_login_ip`='3232289025' WHERE ( `id` = 1 ) [ RunTime:0.001746s ]

