[ 2016-09-27T10:19:51+08:00 ] 192.168.209.1 /Home/Index/index
SQL: SHOW COLUMNS FROM `cishoo_category` [ RunTime:0.001848s ]
SQL: SELECT `id` FROM `cishoo_category` WHERE ( `name` = 'product_introduce' ) LIMIT 1   [ RunTime:0.001007s ]
SQL: SELECT * FROM `cishoo_category` WHERE ( `pid` = 41 )  [ RunTime:0.001960s ]
SQL: SELECT `id` FROM `cishoo_category` WHERE ( `name` = 'product_instruction' ) LIMIT 1   [ RunTime:0.001162s ]
SQL: SELECT * FROM `cishoo_category` WHERE ( `pid` = 40 )  [ RunTime:0.002019s ]
SQL: SHOW COLUMNS FROM `cishoo_front_picture` [ RunTime:0.001725s ]
SQL: SELECT * FROM `cishoo_front_picture` WHERE ( `type` = 'banner' ) AND ( `deleted` = 0 )  [ RunTime:0.001118s ]
SQL: SELECT `id` FROM `cishoo_category` WHERE ( `name` = 'index_product' ) LIMIT 1   [ RunTime:0.001188s ]
SQL: SHOW COLUMNS FROM `cishoo_document` [ RunTime:0.002141s ]
SQL: SELECT * FROM `cishoo_document` WHERE ( `category_id` = 2 ) AND ( `status` = 1 ) ORDER BY level LIMIT 2   [ RunTime:0.002176s ]
SQL: SHOW COLUMNS FROM `cishoo_document_article` [ RunTime:0.001734s ]
SQL: SELECT * FROM `cishoo_document_article` WHERE ( `id` = 1 ) LIMIT 1   [ RunTime:0.001171s ]
SQL: SELECT * FROM `cishoo_document_article` WHERE ( `id` = 2 ) LIMIT 1   [ RunTime:0.001179s ]
SQL: SELECT `id` FROM `cishoo_category` WHERE ( `name` = 'index_prodecut_descript' ) LIMIT 1   [ RunTime:0.001184s ]
SQL: SELECT * FROM `cishoo_document` WHERE ( `category_id` = 39 ) AND ( `status` = 1 ) ORDER BY level LIMIT 2   [ RunTime:0.002159s ]
SQL: SELECT * FROM `cishoo_document_article` WHERE ( `id` = 3 ) LIMIT 1   [ RunTime:0.001073s ]
SQL: SELECT * FROM `cishoo_document_article` WHERE ( `id` = 4 ) LIMIT 1   [ RunTime:0.001181s ]
SQL: SHOW COLUMNS FROM `cishoo_front_picture` [ RunTime:0.001666s ]
SQL: SELECT `picture_id` FROM `cishoo_front_picture` WHERE ( `type` = 'video' ) ORDER BY id desc LIMIT 1   [ RunTime:0.001151s ]
SQL: SHOW COLUMNS FROM `cishoo_file` [ RunTime:0.001769s ]
SQL: SELECT * FROM `cishoo_file` WHERE ( `id` = 40 )  [ RunTime:0.001167s ]
INFO: [ view_parse ] --START--
INFO: [ template_filter ] --START--
INFO: Run Behavior\ContentReplace [ RunTime:0.000111s ]
INFO: [ template_filter ] --END-- [ RunTime:0.000134s ]
SQL: SHOW COLUMNS FROM `cishoo_picture` [ RunTime:0.001932s ]
SQL: SELECT * FROM `cishoo_picture` WHERE ( `status` = 1 ) AND ( `id` = 7 ) LIMIT 1   [ RunTime:0.001306s ]
SQL: SELECT * FROM `cishoo_picture` WHERE ( `status` = 1 ) AND ( `id` = 7 ) LIMIT 1   [ RunTime:0.001391s ]
SQL: SELECT * FROM `cishoo_picture` WHERE ( `status` = 1 ) AND ( `id` = 22 ) LIMIT 1   [ RunTime:0.001109s ]
SQL: SELECT * FROM `cishoo_picture` WHERE ( `status` = 1 ) AND ( `id` = 25 ) LIMIT 1   [ RunTime:0.001168s ]
SQL: SELECT * FROM `cishoo_picture` WHERE ( `status` = 1 ) AND ( `id` = 21 ) LIMIT 1   [ RunTime:0.001168s ]
SQL: SELECT * FROM `cishoo_picture` WHERE ( `status` = 1 ) AND ( `id` = 24 ) LIMIT 1   [ RunTime:0.001126s ]
SQL: SELECT * FROM `cishoo_picture` WHERE ( `status` = 1 ) AND ( `id` = 6 ) LIMIT 1   [ RunTime:0.001206s ]
SQL: SELECT * FROM `cishoo_picture` WHERE ( `status` = 1 ) AND ( `id` = 6 ) LIMIT 1   [ RunTime:0.001114s ]
INFO: Run Behavior\ParseTemplate [ RunTime:0.022951s ]
INFO: [ view_parse ] --END-- [ RunTime:0.022971s ]
INFO: [ view_filter ] --START--
INFO: Run Behavior\WriteHtmlCache [ RunTime:0.000369s ]
INFO: [ view_filter ] --END-- [ RunTime:0.000387s ]
INFO: [ app_end ] --START--
INFO: Run Behavior\ShowPageTrace [ RunTime:0.000251s ]
INFO: [ app_end ] --END-- [ RunTime:0.000271s ]

[ 2016-09-27T10:19:51+08:00 ] 192.168.209.1 /Home/Index/index
SQL: SHOW COLUMNS FROM `cishoo_category` [ RunTime:0.001891s ]
SQL: SELECT `id` FROM `cishoo_category` WHERE ( `name` = 'product_introduce' ) LIMIT 1   [ RunTime:0.001113s ]
SQL: SELECT * FROM `cishoo_category` WHERE ( `pid` = 41 )  [ RunTime:0.002073s ]
SQL: SELECT `id` FROM `cishoo_category` WHERE ( `name` = 'product_instruction' ) LIMIT 1   [ RunTime:0.001097s ]
SQL: SELECT * FROM `cishoo_category` WHERE ( `pid` = 40 )  [ RunTime:0.002127s ]
SQL: SHOW COLUMNS FROM `cishoo_front_picture` [ RunTime:0.001748s ]
SQL: SELECT * FROM `cishoo_front_picture` WHERE ( `type` = 'banner' ) AND ( `deleted` = 0 )  [ RunTime:0.001238s ]
SQL: SELECT `id` FROM `cishoo_category` WHERE ( `name` = 'index_product' ) LIMIT 1   [ RunTime:0.001167s ]
SQL: SHOW COLUMNS FROM `cishoo_document` [ RunTime:0.001864s ]
SQL: SELECT * FROM `cishoo_document` WHERE ( `category_id` = 2 ) AND ( `status` = 1 ) ORDER BY level LIMIT 2   [ RunTime:0.002195s ]
SQL: SHOW COLUMNS FROM `cishoo_document_article` [ RunTime:0.001237s ]
SQL: SELECT * FROM `cishoo_document_article` WHERE ( `id` = 1 ) LIMIT 1   [ RunTime:0.001136s ]
SQL: SELECT * FROM `cishoo_document_article` WHERE ( `id` = 2 ) LIMIT 1   [ RunTime:0.001205s ]
SQL: SELECT `id` FROM `cishoo_category` WHERE ( `name` = 'index_prodecut_descript' ) LIMIT 1   [ RunTime:0.001134s ]
SQL: SELECT * FROM `cishoo_document` WHERE ( `category_id` = 39 ) AND ( `status` = 1 ) ORDER BY level LIMIT 2   [ RunTime:0.002035s ]
SQL: SELECT * FROM `cishoo_document_article` WHERE ( `id` = 3 ) LIMIT 1   [ RunTime:0.001163s ]
SQL: SELECT * FROM `cishoo_document_article` WHERE ( `id` = 4 ) LIMIT 1   [ RunTime:0.001150s ]
SQL: SHOW COLUMNS FROM `cishoo_front_picture` [ RunTime:0.001433s ]
SQL: SELECT `picture_id` FROM `cishoo_front_picture` WHERE ( `type` = 'video' ) ORDER BY id desc LIMIT 1   [ RunTime:0.001220s ]
SQL: SHOW COLUMNS FROM `cishoo_file` [ RunTime:0.001386s ]
SQL: SELECT * FROM `cishoo_file` WHERE ( `id` = 40 )  [ RunTime:0.001151s ]
INFO: [ view_parse ] --START--
INFO: [ template_filter ] --START--
INFO: Run Behavior\ContentReplace [ RunTime:0.000111s ]
INFO: [ template_filter ] --END-- [ RunTime:0.000135s ]
SQL: SHOW COLUMNS FROM `cishoo_picture` [ RunTime:0.001823s ]
SQL: SELECT * FROM `cishoo_picture` WHERE ( `status` = 1 ) AND ( `id` = 7 ) LIMIT 1   [ RunTime:0.001177s ]
SQL: SELECT * FROM `cishoo_picture` WHERE ( `status` = 1 ) AND ( `id` = 7 ) LIMIT 1   [ RunTime:0.001168s ]
SQL: SELECT * FROM `cishoo_picture` WHERE ( `status` = 1 ) AND ( `id` = 22 ) LIMIT 1   [ RunTime:0.001148s ]
SQL: SELECT * FROM `cishoo_picture` WHERE ( `status` = 1 ) AND ( `id` = 25 ) LIMIT 1   [ RunTime:0.001198s ]
SQL: SELECT * FROM `cishoo_picture` WHERE ( `status` = 1 ) AND ( `id` = 21 ) LIMIT 1   [ RunTime:0.001150s ]
SQL: SELECT * FROM `cishoo_picture` WHERE ( `status` = 1 ) AND ( `id` = 24 ) LIMIT 1   [ RunTime:0.001140s ]
SQL: SELECT * FROM `cishoo_picture` WHERE ( `status` = 1 ) AND ( `id` = 6 ) LIMIT 1   [ RunTime:0.001133s ]
SQL: SELECT * FROM `cishoo_picture` WHERE ( `status` = 1 ) AND ( `id` = 6 ) LIMIT 1   [ RunTime:0.001146s ]
INFO: Run Behavior\ParseTemplate [ RunTime:0.019671s ]
INFO: [ view_parse ] --END-- [ RunTime:0.019688s ]
INFO: [ view_filter ] --START--
INFO: Run Behavior\WriteHtmlCache [ RunTime:0.000041s ]
INFO: [ view_filter ] --END-- [ RunTime:0.000053s ]
INFO: [ app_end ] --START--
INFO: Run Behavior\ShowPageTrace [ RunTime:0.000021s ]
INFO: [ app_end ] --END-- [ RunTime:0.000038s ]

[ 2016-09-27T10:19:53+08:00 ] 192.168.209.1 /Home/Product/index.html
SQL: SHOW COLUMNS FROM `cishoo_category` [ RunTime:0.002202s ]
SQL: SELECT `id` FROM `cishoo_category` WHERE ( `name` = 'product_introduce' ) LIMIT 1   [ RunTime:0.001062s ]
SQL: SELECT * FROM `cishoo_category` WHERE ( `pid` = 41 )  [ RunTime:0.002356s ]
SQL: SELECT `id` FROM `cishoo_category` WHERE ( `name` = 'product_instruction' ) LIMIT 1   [ RunTime:0.001045s ]
SQL: SELECT * FROM `cishoo_category` WHERE ( `pid` = 40 )  [ RunTime:0.002332s ]
SQL: SHOW COLUMNS FROM `cishoo_picture` [ RunTime:0.001826s ]
SQL: SELECT * FROM `cishoo_picture` WHERE ( `deleted` = 0 ) AND ( `marks` = 'product_introduce' )  [ RunTime:0.001461s ]
INFO: [ view_parse ] --START--
INFO: [ template_filter ] --START--
INFO: Run Behavior\ContentReplace [ RunTime:0.000092s ]
INFO: [ template_filter ] --END-- [ RunTime:0.000135s ]
INFO: Run Behavior\ParseTemplate [ RunTime:0.013078s ]
INFO: [ view_parse ] --END-- [ RunTime:0.013127s ]
INFO: [ view_filter ] --START--
INFO: Run Behavior\WriteHtmlCache [ RunTime:0.000345s ]
INFO: [ view_filter ] --END-- [ RunTime:0.000376s ]
INFO: [ app_end ] --START--
INFO: Run Behavior\ShowPageTrace [ RunTime:0.000318s ]
INFO: [ app_end ] --END-- [ RunTime:0.000349s ]

[ 2016-09-27T10:19:55+08:00 ] 192.168.209.1 /Home/Product/index/name/p1.html
SQL: SHOW COLUMNS FROM `cishoo_category` [ RunTime:0.002287s ]
SQL: SELECT `id` FROM `cishoo_category` WHERE ( `name` = 'product_introduce' ) LIMIT 1   [ RunTime:0.001241s ]
SQL: SELECT * FROM `cishoo_category` WHERE ( `pid` = 41 )  [ RunTime:0.002230s ]
SQL: SELECT `id` FROM `cishoo_category` WHERE ( `name` = 'product_instruction' ) LIMIT 1   [ RunTime:0.001137s ]
SQL: SELECT * FROM `cishoo_category` WHERE ( `pid` = 40 )  [ RunTime:0.002228s ]
SQL: SHOW COLUMNS FROM `cishoo_picture` [ RunTime:0.001868s ]
SQL: SELECT * FROM `cishoo_picture` WHERE ( `deleted` = 0 ) AND ( `marks` = 'p1' )  [ RunTime:0.001328s ]
INFO: [ view_parse ] --START--
INFO: [ template_filter ] --START--
INFO: Run Behavior\ContentReplace [ RunTime:0.000106s ]
INFO: [ template_filter ] --END-- [ RunTime:0.000150s ]
INFO: Run Behavior\ParseTemplate [ RunTime:0.012278s ]
INFO: [ view_parse ] --END-- [ RunTime:0.012318s ]
INFO: [ view_filter ] --START--
INFO: Run Behavior\WriteHtmlCache [ RunTime:0.000317s ]
INFO: [ view_filter ] --END-- [ RunTime:0.000344s ]
INFO: [ app_end ] --START--
INFO: Run Behavior\ShowPageTrace [ RunTime:0.000304s ]
INFO: [ app_end ] --END-- [ RunTime:0.000333s ]

[ 2016-09-27T10:19:57+08:00 ] 192.168.209.1 /Home/Product/index.html
SQL: SHOW COLUMNS FROM `cishoo_category` [ RunTime:0.002179s ]
SQL: SELECT `id` FROM `cishoo_category` WHERE ( `name` = 'product_introduce' ) LIMIT 1   [ RunTime:0.001138s ]
SQL: SELECT * FROM `cishoo_category` WHERE ( `pid` = 41 )  [ RunTime:0.002127s ]
SQL: SELECT `id` FROM `cishoo_category` WHERE ( `name` = 'product_instruction' ) LIMIT 1   [ RunTime:0.001178s ]
SQL: SELECT * FROM `cishoo_category` WHERE ( `pid` = 40 )  [ RunTime:0.002138s ]
SQL: SHOW COLUMNS FROM `cishoo_picture` [ RunTime:0.001855s ]
SQL: SELECT * FROM `cishoo_picture` WHERE ( `deleted` = 0 ) AND ( `marks` = 'product_introduce' )  [ RunTime:0.001360s ]
INFO: [ view_parse ] --START--
INFO: [ template_filter ] --START--
INFO: Run Behavior\ContentReplace [ RunTime:0.000059s ]
INFO: [ template_filter ] --END-- [ RunTime:0.000086s ]
INFO: Run Behavior\ParseTemplate [ RunTime:0.007812s ]
INFO: [ view_parse ] --END-- [ RunTime:0.007838s ]
INFO: [ view_filter ] --START--
INFO: Run Behavior\WriteHtmlCache [ RunTime:0.000210s ]
INFO: [ view_filter ] --END-- [ RunTime:0.000229s ]
INFO: [ app_end ] --START--
INFO: Run Behavior\ShowPageTrace [ RunTime:0.000236s ]
INFO: [ app_end ] --END-- [ RunTime:0.000257s ]

[ 2016-09-27T10:19:59+08:00 ] 192.168.209.1 /Home/Solution/index.html
SQL: SHOW COLUMNS FROM `cishoo_category` [ RunTime:0.002160s ]
SQL: SELECT `id` FROM `cishoo_category` WHERE ( `name` = 'product_introduce' ) LIMIT 1   [ RunTime:0.000931s ]
SQL: SELECT * FROM `cishoo_category` WHERE ( `pid` = 41 )  [ RunTime:0.002224s ]
SQL: SELECT `id` FROM `cishoo_category` WHERE ( `name` = 'product_instruction' ) LIMIT 1   [ RunTime:0.001074s ]
SQL: SELECT * FROM `cishoo_category` WHERE ( `pid` = 40 )  [ RunTime:0.002111s ]
SQL: SELECT `id` FROM `cishoo_category` WHERE ( `name` = 'product_instruction' ) LIMIT 1   [ RunTime:0.001078s ]
SQL: SHOW COLUMNS FROM `cishoo_document` [ RunTime:0.002249s ]
SQL: SELECT * FROM `cishoo_document` WHERE ( `category_id` = 40 ) AND ( `status` = 1 ) ORDER BY level  [ RunTime:0.002347s ]
SQL: SHOW COLUMNS FROM `cishoo_document_article` [ RunTime:0.001589s ]
SQL: SELECT * FROM `cishoo_document_article` WHERE ( `id` = 5 ) LIMIT 1   [ RunTime:0.001292s ]
SQL: SELECT * FROM `cishoo_document_article` WHERE ( `id` = 6 ) LIMIT 1   [ RunTime:0.001295s ]
SQL: SELECT * FROM `cishoo_document_article` WHERE ( `id` = 7 ) LIMIT 1   [ RunTime:0.001212s ]
SQL: SELECT * FROM `cishoo_document_article` WHERE ( `id` = 8 ) LIMIT 1   [ RunTime:0.001212s ]
SQL: SELECT * FROM `cishoo_document_article` WHERE ( `id` = 9 ) LIMIT 1   [ RunTime:0.001203s ]
INFO: [ view_parse ] --START--
INFO: [ template_filter ] --START--
INFO: Run Behavior\ContentReplace [ RunTime:0.000095s ]
INFO: [ template_filter ] --END-- [ RunTime:0.000124s ]
SQL: SHOW COLUMNS FROM `cishoo_picture` [ RunTime:0.002029s ]
SQL: SELECT * FROM `cishoo_picture` WHERE ( `status` = 1 ) AND ( `id` = 23 ) LIMIT 1   [ RunTime:0.001326s ]
SQL: SELECT * FROM `cishoo_picture` WHERE ( `status` = 1 ) AND ( `id` = 23 ) LIMIT 1   [ RunTime:0.001264s ]
SQL: SELECT * FROM `cishoo_picture` WHERE ( `status` = 1 ) AND ( `id` = 23 ) LIMIT 1   [ RunTime:0.001187s ]
SQL: SELECT * FROM `cishoo_picture` WHERE ( `status` = 1 ) AND ( `id` = 23 ) LIMIT 1   [ RunTime:0.001324s ]
INFO: Run Behavior\ParseTemplate [ RunTime:0.018405s ]
INFO: [ view_parse ] --END-- [ RunTime:0.018429s ]
INFO: [ view_filter ] --START--
INFO: Run Behavior\WriteHtmlCache [ RunTime:0.000270s ]
INFO: [ view_filter ] --END-- [ RunTime:0.000291s ]
INFO: [ app_end ] --START--
INFO: Run Behavior\ShowPageTrace [ RunTime:0.000242s ]
INFO: [ app_end ] --END-- [ RunTime:0.000282s ]

[ 2016-09-27T10:20:01+08:00 ] 192.168.209.1 /Home/Product/index.html
SQL: SHOW COLUMNS FROM `cishoo_category` [ RunTime:0.001963s ]
SQL: SELECT `id` FROM `cishoo_category` WHERE ( `name` = 'product_introduce' ) LIMIT 1   [ RunTime:0.001074s ]
SQL: SELECT * FROM `cishoo_category` WHERE ( `pid` = 41 )  [ RunTime:0.002240s ]
SQL: SELECT `id` FROM `cishoo_category` WHERE ( `name` = 'product_instruction' ) LIMIT 1   [ RunTime:0.001017s ]
SQL: SELECT * FROM `cishoo_category` WHERE ( `pid` = 40 )  [ RunTime:0.002215s ]
SQL: SHOW COLUMNS FROM `cishoo_picture` [ RunTime:0.001609s ]
SQL: SELECT * FROM `cishoo_picture` WHERE ( `deleted` = 0 ) AND ( `marks` = 'product_introduce' )  [ RunTime:0.001514s ]
INFO: [ view_parse ] --START--
INFO: [ template_filter ] --START--
INFO: Run Behavior\ContentReplace [ RunTime:0.000095s ]
INFO: [ template_filter ] --END-- [ RunTime:0.000133s ]
INFO: Run Behavior\ParseTemplate [ RunTime:0.013292s ]
INFO: [ view_parse ] --END-- [ RunTime:0.013344s ]
INFO: [ view_filter ] --START--
INFO: Run Behavior\WriteHtmlCache [ RunTime:0.000423s ]
INFO: [ view_filter ] --END-- [ RunTime:0.000457s ]
INFO: [ app_end ] --START--
INFO: Run Behavior\ShowPageTrace [ RunTime:0.000343s ]
INFO: [ app_end ] --END-- [ RunTime:0.000377s ]

[ 2016-09-27T13:42:48+08:00 ] 192.168.209.1 /Home/Solution/index.html
SQL: SHOW COLUMNS FROM `cishoo_category` [ RunTime:0.001982s ]
SQL: SELECT `id` FROM `cishoo_category` WHERE ( `name` = 'product_introduce' ) LIMIT 1   [ RunTime:0.001007s ]
SQL: SELECT * FROM `cishoo_category` WHERE ( `pid` = 41 )  [ RunTime:0.002206s ]
SQL: SELECT `id` FROM `cishoo_category` WHERE ( `name` = 'product_instruction' ) LIMIT 1   [ RunTime:0.001186s ]
SQL: SELECT * FROM `cishoo_category` WHERE ( `pid` = 40 )  [ RunTime:0.002110s ]
SQL: SELECT `id` FROM `cishoo_category` WHERE ( `name` = 'product_instruction' ) LIMIT 1   [ RunTime:0.000986s ]
SQL: SHOW COLUMNS FROM `cishoo_document` [ RunTime:0.001908s ]
SQL: SELECT * FROM `cishoo_document` WHERE ( `category_id` = 40 ) AND ( `status` = 1 ) ORDER BY level  [ RunTime:0.002168s ]
SQL: SHOW COLUMNS FROM `cishoo_document_article` [ RunTime:0.001496s ]
SQL: SELECT * FROM `cishoo_document_article` WHERE ( `id` = 5 ) LIMIT 1   [ RunTime:0.001283s ]
SQL: SELECT * FROM `cishoo_document_article` WHERE ( `id` = 6 ) LIMIT 1   [ RunTime:0.001238s ]
SQL: SELECT * FROM `cishoo_document_article` WHERE ( `id` = 7 ) LIMIT 1   [ RunTime:0.001304s ]
SQL: SELECT * FROM `cishoo_document_article` WHERE ( `id` = 8 ) LIMIT 1   [ RunTime:0.001289s ]
SQL: SELECT * FROM `cishoo_document_article` WHERE ( `id` = 9 ) LIMIT 1   [ RunTime:0.001192s ]
INFO: [ view_parse ] --START--
INFO: [ template_filter ] --START--
INFO: Run Behavior\ContentReplace [ RunTime:0.000103s ]
INFO: [ template_filter ] --END-- [ RunTime:0.000139s ]
SQL: SHOW COLUMNS FROM `cishoo_picture` [ RunTime:0.001841s ]
SQL: SELECT * FROM `cishoo_picture` WHERE ( `status` = 1 ) AND ( `id` = 23 ) LIMIT 1   [ RunTime:0.001251s ]
SQL: SELECT * FROM `cishoo_picture` WHERE ( `status` = 1 ) AND ( `id` = 23 ) LIMIT 1   [ RunTime:0.001379s ]
SQL: SELECT * FROM `cishoo_picture` WHERE ( `status` = 1 ) AND ( `id` = 23 ) LIMIT 1   [ RunTime:0.001532s ]
SQL: SELECT * FROM `cishoo_picture` WHERE ( `status` = 1 ) AND ( `id` = 23 ) LIMIT 1   [ RunTime:0.001337s ]
INFO: Run Behavior\ParseTemplate [ RunTime:0.019727s ]
INFO: [ view_parse ] --END-- [ RunTime:0.019756s ]
INFO: [ view_filter ] --START--
INFO: Run Behavior\WriteHtmlCache [ RunTime:0.000448s ]
INFO: [ view_filter ] --END-- [ RunTime:0.000469s ]
INFO: [ app_end ] --START--
INFO: Run Behavior\ShowPageTrace [ RunTime:0.000282s ]
INFO: [ app_end ] --END-- [ RunTime:0.000307s ]

[ 2016-09-27T13:42:50+08:00 ] 192.168.209.1 /Home/Partner/index.html
SQL: SHOW COLUMNS FROM `cishoo_category` [ RunTime:0.001686s ]
SQL: SELECT `id` FROM `cishoo_category` WHERE ( `name` = 'product_introduce' ) LIMIT 1   [ RunTime:0.001070s ]
SQL: SELECT * FROM `cishoo_category` WHERE ( `pid` = 41 )  [ RunTime:0.002048s ]
SQL: SELECT `id` FROM `cishoo_category` WHERE ( `name` = 'product_instruction' ) LIMIT 1   [ RunTime:0.001104s ]
SQL: SELECT * FROM `cishoo_category` WHERE ( `pid` = 40 )  [ RunTime:0.002096s ]
SQL: SELECT `id` FROM `cishoo_category` WHERE ( `name` = 'join_condition' ) LIMIT 1   [ RunTime:0.001105s ]
SQL: SHOW COLUMNS FROM `cishoo_document` [ RunTime:0.001797s ]
SQL: SELECT * FROM `cishoo_document` WHERE ( `category_id` = 42 ) AND ( `status` = 1 ) ORDER BY create_time LIMIT 1   [ RunTime:0.001555s ]
SQL: SHOW COLUMNS FROM `cishoo_document_article` [ RunTime:0.001377s ]
SQL: SELECT * FROM `cishoo_document_article` WHERE ( `id` = 34 ) LIMIT 1   [ RunTime:0.001424s ]
SQL: SELECT `id` FROM `cishoo_category` WHERE ( `name` = 'join_flow' ) LIMIT 1   [ RunTime:0.001116s ]
SQL: SELECT * FROM `cishoo_document` WHERE ( `category_id` = 43 ) AND ( `status` = 1 ) ORDER BY create_time LIMIT 1   [ RunTime:0.001609s ]
SQL: SELECT * FROM `cishoo_document_article` WHERE ( `id` = 29 ) LIMIT 1   [ RunTime:0.001320s ]
SQL: SELECT `id` FROM `cishoo_category` WHERE ( `name` = 'profit_model' ) LIMIT 1   [ RunTime:0.001215s ]
SQL: SELECT * FROM `cishoo_document` WHERE ( `category_id` = 44 ) AND ( `status` = 1 ) ORDER BY create_time LIMIT 1   [ RunTime:0.002236s ]
SQL: SELECT * FROM `cishoo_document_article` WHERE ( `id` = 20 ) LIMIT 1   [ RunTime:0.001229s ]
SQL: SELECT `id` FROM `cishoo_category` WHERE ( `name` = 'question' ) LIMIT 1   [ RunTime:0.001215s ]
SQL: SELECT * FROM `cishoo_document` WHERE ( `category_id` = 45 ) AND ( `status` = 1 ) ORDER BY create_time LIMIT 1   [ RunTime:0.002112s ]
SQL: SELECT * FROM `cishoo_document_article` WHERE ( `id` = 17 ) LIMIT 1   [ RunTime:0.001243s ]
SQL: SELECT `id` FROM `cishoo_category` WHERE ( `name` = 'service' ) LIMIT 1   [ RunTime:0.001198s ]
SQL: SELECT * FROM `cishoo_document` WHERE ( `category_id` = 46 ) AND ( `status` = 1 ) ORDER BY create_time LIMIT 1   [ RunTime:0.002019s ]
SQL: SELECT * FROM `cishoo_document_article` WHERE ( `id` = 14 ) LIMIT 1   [ RunTime:0.001218s ]
INFO: [ view_parse ] --START--
INFO: [ template_filter ] --START--
INFO: Run Behavior\ContentReplace [ RunTime:0.000078s ]
INFO: [ template_filter ] --END-- [ RunTime:0.000098s ]
INFO: Run Behavior\ParseTemplate [ RunTime:0.007624s ]
INFO: [ view_parse ] --END-- [ RunTime:0.007647s ]
INFO: [ view_filter ] --START--
INFO: Run Behavior\WriteHtmlCache [ RunTime:0.000177s ]
INFO: [ view_filter ] --END-- [ RunTime:0.000194s ]
INFO: [ app_end ] --START--
INFO: Run Behavior\ShowPageTrace [ RunTime:0.000196s ]
INFO: [ app_end ] --END-- [ RunTime:0.000216s ]

