[ 2016-11-08T10:12:42+08:00 ] 192.168.19.1 /Home/Index/index
SQL: SHOW COLUMNS FROM `cishoo_category` [ RunTime:0.000807s ]
SQL: SELECT `id` FROM `cishoo_category` WHERE ( `name` = 'product_introduce' ) LIMIT 1   [ RunTime:0.000383s ]
SQL: SELECT * FROM `cishoo_category` WHERE ( `pid` = 41 )  [ RunTime:0.000439s ]
SQL: SELECT `id` FROM `cishoo_category` WHERE ( `name` = 'product_instruction' ) LIMIT 1   [ RunTime:0.000290s ]
SQL: SELECT * FROM `cishoo_category` WHERE ( `pid` = 40 )  [ RunTime:0.000402s ]
SQL: SHOW COLUMNS FROM `cishoo_front_picture` [ RunTime:0.000655s ]
SQL: SELECT * FROM `cishoo_front_picture` WHERE ( `type` = 'banner' ) AND ( `deleted` = 0 )  [ RunTime:0.000327s ]
SQL: SELECT `id` FROM `cishoo_category` WHERE ( `name` = 'index_product' ) LIMIT 1   [ RunTime:0.000282s ]
SQL: SHOW COLUMNS FROM `cishoo_document` [ RunTime:0.000753s ]
SQL: SELECT * FROM `cishoo_document` WHERE ( `category_id` = 2 ) AND ( `status` = 1 ) ORDER BY level LIMIT 2   [ RunTime:0.000748s ]
SQL: SHOW COLUMNS FROM `cishoo_document_article` [ RunTime:0.000633s ]
SQL: SELECT * FROM `cishoo_document_article` WHERE ( `id` = 1 ) LIMIT 1   [ RunTime:0.000276s ]
SQL: SELECT * FROM `cishoo_document_article` WHERE ( `id` = 2 ) LIMIT 1   [ RunTime:0.000286s ]
SQL: SELECT `id` FROM `cishoo_category` WHERE ( `name` = 'index_prodecut_descript' ) LIMIT 1   [ RunTime:0.000254s ]
SQL: SELECT * FROM `cishoo_document` WHERE ( `category_id` = 39 ) AND ( `status` = 1 ) ORDER BY level LIMIT 2   [ RunTime:0.000378s ]
SQL: SELECT * FROM `cishoo_document_article` WHERE ( `id` = 3 ) LIMIT 1   [ RunTime:0.000286s ]
SQL: SELECT * FROM `cishoo_document_article` WHERE ( `id` = 4 ) LIMIT 1   [ RunTime:0.000253s ]
SQL: SHOW COLUMNS FROM `cishoo_front_picture` [ RunTime:0.000573s ]
SQL: SELECT `picture_id` FROM `cishoo_front_picture` WHERE ( `type` = 'video' ) ORDER BY id desc LIMIT 1   [ RunTime:0.000249s ]
SQL: SHOW COLUMNS FROM `cishoo_file` [ RunTime:0.000636s ]
SQL: SELECT * FROM `cishoo_file` WHERE ( `id` = 40 )  [ RunTime:0.000247s ]
INFO: [ view_parse ] --START--
INFO: [ template_filter ] --START--
INFO: Run Behavior\ContentReplace [ RunTime:0.000142s ]
INFO: [ template_filter ] --END-- [ RunTime:0.000171s ]
SQL: SHOW COLUMNS FROM `cishoo_picture` [ RunTime:0.001013s ]
SQL: SELECT * FROM `cishoo_picture` WHERE ( `status` = 1 ) AND ( `id` = 7 ) LIMIT 1   [ RunTime:0.000403s ]
SQL: SELECT * FROM `cishoo_picture` WHERE ( `status` = 1 ) AND ( `id` = 7 ) LIMIT 1   [ RunTime:0.000162s ]
SQL: SELECT * FROM `cishoo_picture` WHERE ( `status` = 1 ) AND ( `id` = 7 ) LIMIT 1   [ RunTime:0.000142s ]
SQL: SELECT * FROM `cishoo_picture` WHERE ( `status` = 1 ) AND ( `id` = 7 ) LIMIT 1   [ RunTime:0.000216s ]
SQL: SELECT * FROM `cishoo_picture` WHERE ( `status` = 1 ) AND ( `id` = 22 ) LIMIT 1   [ RunTime:0.000429s ]
SQL: SELECT * FROM `cishoo_picture` WHERE ( `status` = 1 ) AND ( `id` = 25 ) LIMIT 1   [ RunTime:0.000323s ]
SQL: SELECT * FROM `cishoo_picture` WHERE ( `status` = 1 ) AND ( `id` = 21 ) LIMIT 1   [ RunTime:0.000320s ]
SQL: SELECT * FROM `cishoo_picture` WHERE ( `status` = 1 ) AND ( `id` = 24 ) LIMIT 1   [ RunTime:0.000213s ]
SQL: SELECT * FROM `cishoo_picture` WHERE ( `status` = 1 ) AND ( `id` = 6 ) LIMIT 1   [ RunTime:0.000181s ]
SQL: SELECT * FROM `cishoo_picture` WHERE ( `status` = 1 ) AND ( `id` = 6 ) LIMIT 1   [ RunTime:0.000143s ]
INFO: Run Behavior\ParseTemplate [ RunTime:0.130806s ]
INFO: [ view_parse ] --END-- [ RunTime:0.130830s ]
INFO: [ view_filter ] --START--
INFO: Run Behavior\WriteHtmlCache [ RunTime:0.001344s ]
INFO: [ view_filter ] --END-- [ RunTime:0.001367s ]
INFO: [ app_end ] --START--
INFO: Run Behavior\ShowPageTrace [ RunTime:0.001637s ]
INFO: [ app_end ] --END-- [ RunTime:0.001664s ]

[ 2016-11-08T10:12:43+08:00 ] 192.168.19.1 /Home/Index/index
SQL: SHOW COLUMNS FROM `cishoo_category` [ RunTime:0.003380s ]
SQL: SELECT `id` FROM `cishoo_category` WHERE ( `name` = 'product_introduce' ) LIMIT 1   [ RunTime:0.000194s ]
SQL: SELECT * FROM `cishoo_category` WHERE ( `pid` = 41 )  [ RunTime:0.000164s ]
SQL: SELECT `id` FROM `cishoo_category` WHERE ( `name` = 'product_instruction' ) LIMIT 1   [ RunTime:0.000132s ]
SQL: SELECT * FROM `cishoo_category` WHERE ( `pid` = 40 )  [ RunTime:0.000150s ]
SQL: SHOW COLUMNS FROM `cishoo_front_picture` [ RunTime:0.002895s ]
SQL: SELECT * FROM `cishoo_front_picture` WHERE ( `type` = 'banner' ) AND ( `deleted` = 0 )  [ RunTime:0.000388s ]
SQL: SELECT `id` FROM `cishoo_category` WHERE ( `name` = 'index_product' ) LIMIT 1   [ RunTime:0.000052s ]
SQL: SHOW COLUMNS FROM `cishoo_document` [ RunTime:0.000513s ]
SQL: SELECT * FROM `cishoo_document` WHERE ( `category_id` = 2 ) AND ( `status` = 1 ) ORDER BY level LIMIT 2   [ RunTime:0.000062s ]
SQL: SHOW COLUMNS FROM `cishoo_document_article` [ RunTime:0.000278s ]
SQL: SELECT * FROM `cishoo_document_article` WHERE ( `id` = 1 ) LIMIT 1   [ RunTime:0.000046s ]
SQL: SELECT * FROM `cishoo_document_article` WHERE ( `id` = 2 ) LIMIT 1   [ RunTime:0.000042s ]
SQL: SELECT `id` FROM `cishoo_category` WHERE ( `name` = 'index_prodecut_descript' ) LIMIT 1   [ RunTime:0.000036s ]
SQL: SELECT * FROM `cishoo_document` WHERE ( `category_id` = 39 ) AND ( `status` = 1 ) ORDER BY level LIMIT 2   [ RunTime:0.000049s ]
SQL: SELECT * FROM `cishoo_document_article` WHERE ( `id` = 3 ) LIMIT 1   [ RunTime:0.000040s ]
SQL: SELECT * FROM `cishoo_document_article` WHERE ( `id` = 4 ) LIMIT 1   [ RunTime:0.000037s ]
SQL: SHOW COLUMNS FROM `cishoo_front_picture` [ RunTime:0.000396s ]
SQL: SELECT `picture_id` FROM `cishoo_front_picture` WHERE ( `type` = 'video' ) ORDER BY id desc LIMIT 1   [ RunTime:0.000042s ]
SQL: SHOW COLUMNS FROM `cishoo_file` [ RunTime:0.000291s ]
SQL: SELECT * FROM `cishoo_file` WHERE ( `id` = 40 )  [ RunTime:0.000046s ]
INFO: [ view_parse ] --START--
INFO: [ template_filter ] --START--
INFO: Run Behavior\ContentReplace [ RunTime:0.000144s ]
INFO: [ template_filter ] --END-- [ RunTime:0.000236s ]
SQL: SHOW COLUMNS FROM `cishoo_picture` [ RunTime:0.000711s ]
SQL: SELECT * FROM `cishoo_picture` WHERE ( `status` = 1 ) AND ( `id` = 7 ) LIMIT 1   [ RunTime:0.000108s ]
SQL: SELECT * FROM `cishoo_picture` WHERE ( `status` = 1 ) AND ( `id` = 7 ) LIMIT 1   [ RunTime:0.000084s ]
SQL: SELECT * FROM `cishoo_picture` WHERE ( `status` = 1 ) AND ( `id` = 7 ) LIMIT 1   [ RunTime:0.000085s ]
SQL: SELECT * FROM `cishoo_picture` WHERE ( `status` = 1 ) AND ( `id` = 7 ) LIMIT 1   [ RunTime:0.000147s ]
SQL: SELECT * FROM `cishoo_picture` WHERE ( `status` = 1 ) AND ( `id` = 22 ) LIMIT 1   [ RunTime:0.000332s ]
SQL: SELECT * FROM `cishoo_picture` WHERE ( `status` = 1 ) AND ( `id` = 25 ) LIMIT 1   [ RunTime:0.000107s ]
SQL: SELECT * FROM `cishoo_picture` WHERE ( `status` = 1 ) AND ( `id` = 21 ) LIMIT 1   [ RunTime:0.000287s ]
SQL: SELECT * FROM `cishoo_picture` WHERE ( `status` = 1 ) AND ( `id` = 24 ) LIMIT 1   [ RunTime:0.000197s ]
SQL: SELECT * FROM `cishoo_picture` WHERE ( `status` = 1 ) AND ( `id` = 6 ) LIMIT 1   [ RunTime:0.000087s ]
SQL: SELECT * FROM `cishoo_picture` WHERE ( `status` = 1 ) AND ( `id` = 6 ) LIMIT 1   [ RunTime:0.000083s ]
INFO: Run Behavior\ParseTemplate [ RunTime:0.018943s ]
INFO: [ view_parse ] --END-- [ RunTime:0.018970s ]
INFO: [ view_filter ] --START--
INFO: Run Behavior\WriteHtmlCache [ RunTime:0.000356s ]
INFO: [ view_filter ] --END-- [ RunTime:0.000378s ]
INFO: [ app_end ] --START--
INFO: Run Behavior\ShowPageTrace [ RunTime:0.000198s ]
INFO: [ app_end ] --END-- [ RunTime:0.000219s ]

[ 2016-11-08T10:12:58+08:00 ] 192.168.19.1 /Admin/Public/login.html
INFO: [ view_parse ] --START--
INFO: [ template_filter ] --START--
INFO: Run Behavior\ContentReplace [ RunTime:0.000048s ]
INFO: [ template_filter ] --END-- [ RunTime:0.000076s ]
INFO: Run Behavior\ParseTemplate [ RunTime:0.011311s ]
INFO: [ view_parse ] --END-- [ RunTime:0.011356s ]
INFO: [ view_filter ] --START--
INFO: Run Behavior\WriteHtmlCache [ RunTime:0.000166s ]
INFO: [ view_filter ] --END-- [ RunTime:0.000179s ]
INFO: [ app_end ] --START--
INFO: Run Behavior\ShowPageTrace [ RunTime:0.000152s ]
INFO: [ app_end ] --END-- [ RunTime:0.000164s ]

[ 2016-11-08T10:13:12+08:00 ] 192.168.19.1 /Admin/Public/login.html
INFO: [ app_begin ] --START--
INFO: Run Behavior\ReadHtmlCache [ RunTime:0.000193s ]
INFO: [ app_begin ] --END-- [ RunTime:0.000414s ]
SQL: SHOW COLUMNS FROM `cishoo_ucenter_member` [ RunTime:0.000484s ]
SQL: SELECT * FROM `cishoo_ucenter_member` WHERE ( `username` = 'admin' ) LIMIT 1   [ RunTime:0.000239s ]
SQL: UPDATE `cishoo_ucenter_member` SET `last_login_time`=1478571192,`last_login_ip`='3232240385' WHERE ( `id` = 1 ) [ RunTime:0.007820s ]
SQL: SHOW COLUMNS FROM `cishoo_member` [ RunTime:0.000526s ]
SQL: SELECT `uid`,`nickname`,`sex`,`birthday`,`qq`,`score`,`login`,`reg_ip`,`reg_time`,`last_login_ip`,`last_login_time`,`status` FROM `cishoo_member` WHERE ( `uid` = 1 ) LIMIT 1   [ RunTime:0.000637s ]
SQL: SHOW COLUMNS FROM `cishoo_action` [ RunTime:0.000554s ]
SQL: SELECT * FROM `cishoo_action` WHERE ( `name` = 'user_login' ) LIMIT 1   [ RunTime:0.000168s ]
SQL: SHOW COLUMNS FROM `cishoo_action_log` [ RunTime:0.000337s ]
SQL: INSERT INTO `cishoo_action_log` (`action_id`,`user_id`,`action_ip`,`model`,`record_id`,`create_time`,`remark`) VALUES (1,1,3232240385,'member',1,1478571192,'admin在2016-11-08 10:13登录了后台') [ RunTime:0.000972s ]
SQL: SELECT * FROM `cishoo_action` WHERE ( `name` = 'user_login' ) LIMIT 1   [ RunTime:0.000102s ]
NOTIC: [8] Undefined offset: 1 /opt/ubuntu/webvr/Application/Common/Common/function.php 第 721 行.
NOTIC: [2] array_key_exists() expects parameter 2 to be array, null given /opt/ubuntu/webvr/Application/Common/Common/function.php 第 721 行.
SQL: SELECT COUNT(*) AS tp_count FROM `cishoo_action_log` WHERE ( `action_id` = 1 ) AND ( `user_id` = 1 ) AND ( `create_time` > 1478484792 ) LIMIT 1   [ RunTime:0.005628s ]
SQL: SHOW COLUMNS FROM `cishoo_member` [ RunTime:0.000420s ]
SQL: UPDATE `cishoo_member` SET `score`=score+10 WHERE ( uid=1 AND status>-1 ) [ RunTime:0.066830s ]
SQL: UPDATE `cishoo_member` SET `login`=`login`+1,`last_login_time`=1478571192,`last_login_ip`='3232240385' WHERE ( `uid` = 1 ) [ RunTime:0.000991s ]

[ 2016-11-08T10:13:12+08:00 ] 192.168.19.1 /Admin/Index/index.html
SQL: SHOW COLUMNS FROM `cishoo_menu` [ RunTime:0.000471s ]
SQL: SELECT * FROM `cishoo_menu` WHERE ( `pid` = 0 ) AND ( `hide` = 0 ) ORDER BY sort asc  [ RunTime:0.000459s ]
SQL: SELECT `id` FROM `cishoo_menu` WHERE ( url like '%Index/index%' ) LIMIT 1   [ RunTime:0.000268s ]
SQL: SHOW COLUMNS FROM `cishoo_menu` [ RunTime:0.000459s ]
SQL: SELECT `id`,`pid`,`title` FROM `cishoo_menu` WHERE ( id=1 ) LIMIT 1   [ RunTime:0.000194s ]
SQL: SELECT DISTINCT  `group` FROM `cishoo_menu` WHERE ( pid = 1 )  [ RunTime:0.000255s ]
SQL: SELECT `id`,`url` FROM `cishoo_menu` WHERE ( `pid` = 1 ) AND ( `hide` = 0 )  [ RunTime:0.000266s ]
INFO: [ view_parse ] --START--
INFO: [ template_filter ] --START--
INFO: Run Behavior\ContentReplace [ RunTime:0.000083s ]
INFO: [ template_filter ] --END-- [ RunTime:0.000107s ]
INFO: [ AdminIndex ] --START--
SQL: SHOW COLUMNS FROM `cishoo_addons` [ RunTime:0.000592s ]
SQL: SELECT `config` FROM `cishoo_addons` WHERE ( `name` = 'SiteStat' ) AND ( `status` = 1 ) LIMIT 1   [ RunTime:0.000188s ]
SQL: SHOW COLUMNS FROM `cishoo_member` [ RunTime:0.000366s ]
SQL: SELECT COUNT(*) AS tp_count FROM `cishoo_member` LIMIT 1   [ RunTime:0.000142s ]
SQL: SHOW COLUMNS FROM `cishoo_action_log` [ RunTime:0.000293s ]
SQL: SELECT COUNT(*) AS tp_count FROM `cishoo_action_log` LIMIT 1   [ RunTime:0.000145s ]
SQL: SHOW COLUMNS FROM `cishoo_document` [ RunTime:0.000417s ]
SQL: SELECT COUNT(*) AS tp_count FROM `cishoo_document` LIMIT 1   [ RunTime:0.000136s ]
SQL: SHOW COLUMNS FROM `cishoo_category` [ RunTime:0.000502s ]
SQL: SELECT COUNT(*) AS tp_count FROM `cishoo_category` LIMIT 1   [ RunTime:0.000182s ]
SQL: SHOW COLUMNS FROM `cishoo_model` [ RunTime:0.000455s ]
SQL: SELECT COUNT(*) AS tp_count FROM `cishoo_model` LIMIT 1   [ RunTime:0.000197s ]
INFO: [ view_parse ] --START--
INFO: [ template_filter ] --START--
INFO: Run Behavior\ContentReplace [ RunTime:0.000014s ]
INFO: [ template_filter ] --END-- [ RunTime:-0.031459s ]
INFO: Run Behavior\ParseTemplate [ RunTime:0.002283s ]
INFO: [ view_parse ] --END-- [ RunTime:0.002306s ]
INFO: [ view_filter ] --START--
INFO: Run Behavior\WriteHtmlCache [ RunTime:0.000160s ]
INFO: [ view_filter ] --END-- [ RunTime:0.000192s ]
INFO: Run SiteStat [ RunTime:0.015989s ]
SQL: SELECT `config` FROM `cishoo_addons` WHERE ( `name` = 'SystemInfo' ) AND ( `status` = 1 ) LIMIT 1   [ RunTime:0.000316s ]
INFO: [ view_parse ] --START--
INFO: [ template_filter ] --START--
INFO: Run Behavior\ContentReplace [ RunTime:0.000026s ]
INFO: [ template_filter ] --END-- [ RunTime:-0.196205s ]
SQL: select version() as v; [ RunTime:0.000327s ]
INFO: Run Behavior\ParseTemplate [ RunTime:0.091518s ]
INFO: [ view_parse ] --END-- [ RunTime:-0.074490s ]
INFO: [ view_filter ] --START--
INFO: Run Behavior\WriteHtmlCache [ RunTime:0.000006s ]
INFO: [ view_filter ] --END-- [ RunTime:-0.165844s ]
INFO: Run SystemInfo [ RunTime:0.165857s ]
SQL: SELECT `config` FROM `cishoo_addons` WHERE ( `name` = 'DevTeam' ) AND ( `status` = 1 ) LIMIT 1   [ RunTime:0.000308s ]
INFO: [ view_parse ] --START--
INFO: [ template_filter ] --START--
INFO: Run Behavior\ContentReplace [ RunTime:0.000017s ]
INFO: [ template_filter ] --END-- [ RunTime:-0.253340s ]
INFO: Run Behavior\ParseTemplate [ RunTime:0.008597s ]
INFO: [ view_parse ] --END-- [ RunTime:-0.213260s ]
INFO: [ view_filter ] --START--
INFO: Run Behavior\WriteHtmlCache [ RunTime:0.000004s ]
INFO: [ view_filter ] --END-- [ RunTime:-0.221685s ]
INFO: Run DevTeam [ RunTime:0.055827s ]
INFO: [ AdminIndex ] --END-- [ RunTime:0.237700s ]
INFO: Run Behavior\ParseTemplate [ RunTime:0.008646s ]
INFO: [ view_parse ] --END-- [ RunTime:-0.213260s ]
INFO: [ view_filter ] --START--
INFO: Run Behavior\WriteHtmlCache [ RunTime:0.000002s ]
INFO: [ view_filter ] --END-- [ RunTime:-0.221723s ]
INFO: [ app_end ] --START--
INFO: Run Behavior\ShowPageTrace [ RunTime:0.000163s ]
INFO: [ app_end ] --END-- [ RunTime:0.000175s ]

[ 2016-11-08T10:13:14+08:00 ] 192.168.19.1 /Admin/Article/mydocument.html
SQL: SHOW COLUMNS FROM `cishoo_menu` [ RunTime:0.000480s ]
SQL: SELECT * FROM `cishoo_menu` WHERE ( `pid` = 0 ) AND ( `hide` = 0 ) ORDER BY sort asc  [ RunTime:0.000088s ]
SQL: SELECT `id` FROM `cishoo_menu` WHERE ( url like '%Article/mydocument%' ) LIMIT 1   [ RunTime:0.000182s ]
SQL: SHOW COLUMNS FROM `cishoo_menu` [ RunTime:0.000325s ]
SQL: SELECT `id`,`pid`,`title` FROM `cishoo_menu` WHERE ( id=2 ) LIMIT 1   [ RunTime:0.000145s ]
SQL: SELECT DISTINCT  `group` FROM `cishoo_menu` WHERE ( pid = 2 )  [ RunTime:0.000173s ]
SQL: SELECT `id`,`url` FROM `cishoo_menu` WHERE ( `pid` = 2 ) AND ( `hide` = 0 )  [ RunTime:0.000129s ]
SQL: SELECT `id`,`pid`,`title`,`url`,`tip` FROM `cishoo_menu` WHERE ( `group` = '内容' ) AND ( `pid` = 2 ) AND ( `hide` = 0 ) ORDER BY sort asc  [ RunTime:0.000154s ]
SQL: SHOW COLUMNS FROM `cishoo_auth_group_access` [ RunTime:0.000425s ]
SQL: SELECT `extend_id` FROM cishoo_auth_group_access g INNER JOIN cishoo_auth_extend c on g.group_id=c.group_id  WHERE ( g.uid='1' and c.type='1' and !isnull(extend_id) )  [ RunTime:0.000188s ]
SQL: SHOW COLUMNS FROM `cishoo_category` [ RunTime:0.000388s ]
SQL: SELECT `id`,`title`,`pid`,`allow_publish` FROM `cishoo_category` WHERE ( `status` = 1 ) ORDER BY pid,sort  [ RunTime:0.000173s ]
SQL: SHOW COLUMNS FROM `cishoo_document` [ RunTime:0.000540s ]
SQL: SELECT COUNT(*) AS tp_count FROM `cishoo_document` WHERE ( `status` IN ('0','1','2') ) AND ( `uid` = 1 ) AND ( `pid` = 0 ) LIMIT 1   [ RunTime:0.000265s ]
SQL: SELECT `id`,`uid`,`name`,`title`,`category_id`,`description`,`root`,`pid`,`model_id`,`type`,`position`,`link_id`,`cover_id`,`display`,`deadline`,`attach`,`view`,`comment`,`extend`,`level`,`create_time`,`update_time`,`status`,`title2`,`hover_cover_id`,`url` FROM `cishoo_document` WHERE ( `status` IN ('0','1','2') ) AND ( `uid` = 1 ) AND ( `pid` = 0 ) ORDER BY update_time desc LIMIT 0,10   [ RunTime:0.000696s ]
INFO: [ view_parse ] --START--
INFO: [ template_filter ] --START--
INFO: Run Behavior\ContentReplace [ RunTime:0.000183s ]
INFO: [ template_filter ] --END-- [ RunTime:0.000210s ]
SQL: SHOW COLUMNS FROM `cishoo_document` [ RunTime:0.000816s ]
SQL: SELECT COUNT(*) AS tp_count FROM `cishoo_document` WHERE ( pid=44 ) LIMIT 1   [ RunTime:0.000250s ]
SQL: SELECT `title` FROM `cishoo_category` WHERE ( id=42 ) LIMIT 1   [ RunTime:0.000192s ]
SQL: SELECT COUNT(*) AS tp_count FROM `cishoo_document` WHERE ( pid=34 ) LIMIT 1   [ RunTime:0.000140s ]
SQL: SELECT `title` FROM `cishoo_category` WHERE ( id=42 ) LIMIT 1   [ RunTime:0.000070s ]
SQL: SELECT COUNT(*) AS tp_count FROM `cishoo_document` WHERE ( pid=35 ) LIMIT 1   [ RunTime:0.000212s ]
SQL: SELECT `title` FROM `cishoo_category` WHERE ( id=42 ) LIMIT 1   [ RunTime:0.000089s ]
SQL: SELECT COUNT(*) AS tp_count FROM `cishoo_document` WHERE ( pid=36 ) LIMIT 1   [ RunTime:0.000143s ]
SQL: SELECT `title` FROM `cishoo_category` WHERE ( id=42 ) LIMIT 1   [ RunTime:0.000067s ]
SQL: SELECT COUNT(*) AS tp_count FROM `cishoo_document` WHERE ( pid=37 ) LIMIT 1   [ RunTime:0.000111s ]
SQL: SELECT `title` FROM `cishoo_category` WHERE ( id=42 ) LIMIT 1   [ RunTime:0.000064s ]
SQL: SELECT COUNT(*) AS tp_count FROM `cishoo_document` WHERE ( pid=38 ) LIMIT 1   [ RunTime:0.000156s ]
SQL: SELECT `title` FROM `cishoo_category` WHERE ( id=42 ) LIMIT 1   [ RunTime:0.000100s ]
SQL: SELECT COUNT(*) AS tp_count FROM `cishoo_document` WHERE ( pid=26 ) LIMIT 1   [ RunTime:0.000134s ]
SQL: SELECT `title` FROM `cishoo_category` WHERE ( id=45 ) LIMIT 1   [ RunTime:0.000142s ]
SQL: SELECT COUNT(*) AS tp_count FROM `cishoo_document` WHERE ( pid=25 ) LIMIT 1   [ RunTime:0.000158s ]
SQL: SELECT `title` FROM `cishoo_category` WHERE ( id=45 ) LIMIT 1   [ RunTime:0.000082s ]
SQL: SELECT COUNT(*) AS tp_count FROM `cishoo_document` WHERE ( pid=1 ) LIMIT 1   [ RunTime:0.000116s ]
SQL: SELECT `title` FROM `cishoo_category` WHERE ( id=2 ) LIMIT 1   [ RunTime:0.000191s ]
SQL: SELECT COUNT(*) AS tp_count FROM `cishoo_document` WHERE ( pid=2 ) LIMIT 1   [ RunTime:0.000137s ]
SQL: SELECT `title` FROM `cishoo_category` WHERE ( id=2 ) LIMIT 1   [ RunTime:0.000074s ]
INFO: Run Behavior\ParseTemplate [ RunTime:0.022517s ]
INFO: [ view_parse ] --END-- [ RunTime:0.022534s ]
INFO: [ view_filter ] --START--
INFO: Run Behavior\WriteHtmlCache [ RunTime:0.000379s ]
INFO: [ view_filter ] --END-- [ RunTime:0.000399s ]
INFO: [ app_end ] --START--
INFO: Run Behavior\ShowPageTrace [ RunTime:0.000196s ]
INFO: [ app_end ] --END-- [ RunTime:0.000212s ]

[ 2016-11-08T10:13:15+08:00 ] 192.168.19.1 /Admin/About/index.html
SQL: SHOW COLUMNS FROM `cishoo_menu` [ RunTime:0.000730s ]
SQL: SELECT * FROM `cishoo_menu` WHERE ( `pid` = 0 ) AND ( `hide` = 0 ) ORDER BY sort asc  [ RunTime:0.000228s ]
SQL: SELECT `id` FROM `cishoo_menu` WHERE ( url like '%About/index%' ) LIMIT 1   [ RunTime:0.000411s ]
SQL: SHOW COLUMNS FROM `cishoo_menu` [ RunTime:0.000633s ]
SQL: SELECT `id`,`pid`,`title` FROM `cishoo_menu` WHERE ( id=122 ) LIMIT 1   [ RunTime:0.000491s ]
SQL: SELECT `id`,`pid`,`title` FROM `cishoo_menu` WHERE ( id=123 ) LIMIT 1   [ RunTime:0.000293s ]
SQL: SELECT DISTINCT  `group` FROM `cishoo_menu` WHERE ( pid = 123 )  [ RunTime:0.000381s ]
SQL: SELECT `id`,`url` FROM `cishoo_menu` WHERE ( `pid` = 123 ) AND ( `hide` = 0 )  [ RunTime:0.000335s ]
SQL: SELECT `id`,`pid`,`title`,`url`,`tip` FROM `cishoo_menu` WHERE ( `group` = '网站管理' ) AND ( `pid` = 123 ) AND ( `hide` = 0 ) ORDER BY sort asc  [ RunTime:0.000475s ]
SQL: SELECT `id`,`pid`,`title`,`url`,`tip` FROM `cishoo_menu` WHERE ( `group` = '' ) AND ( `pid` = 123 ) AND ( `hide` = 0 ) ORDER BY sort asc  [ RunTime:0.000382s ]
SQL: SHOW COLUMNS FROM `cishoo_contact` [ RunTime:0.000704s ]
SQL: SELECT * FROM `cishoo_contact` LIMIT 1   [ RunTime:0.000216s ]
INFO: [ view_parse ] --START--
INFO: [ template_filter ] --START--
INFO: Run Behavior\ContentReplace [ RunTime:0.000201s ]
INFO: [ template_filter ] --END-- [ RunTime:0.000235s ]
INFO: Run Behavior\ParseTemplate [ RunTime:0.037215s ]
INFO: [ view_parse ] --END-- [ RunTime:0.037251s ]
INFO: [ view_filter ] --START--
INFO: Run Behavior\WriteHtmlCache [ RunTime:0.000312s ]
INFO: [ view_filter ] --END-- [ RunTime:0.000334s ]
INFO: [ app_end ] --START--
INFO: Run Behavior\ShowPageTrace [ RunTime:0.000288s ]
INFO: [ app_end ] --END-- [ RunTime:0.000314s ]

[ 2016-11-08T10:13:18+08:00 ] 192.168.19.1 /Admin/User/index.html
SQL: SHOW COLUMNS FROM `cishoo_menu` [ RunTime:0.000856s ]
SQL: SELECT * FROM `cishoo_menu` WHERE ( `pid` = 0 ) AND ( `hide` = 0 ) ORDER BY sort asc  [ RunTime:0.000160s ]
SQL: SELECT `id` FROM `cishoo_menu` WHERE ( url like '%User/index%' ) LIMIT 1   [ RunTime:0.000182s ]
SQL: SHOW COLUMNS FROM `cishoo_menu` [ RunTime:0.000405s ]
SQL: SELECT `id`,`pid`,`title` FROM `cishoo_menu` WHERE ( id=16 ) LIMIT 1   [ RunTime:0.000173s ]
SQL: SELECT DISTINCT  `group` FROM `cishoo_menu` WHERE ( pid = 16 )  [ RunTime:0.000190s ]
SQL: SELECT `id`,`url` FROM `cishoo_menu` WHERE ( `pid` = 16 ) AND ( `hide` = 0 )  [ RunTime:0.000141s ]
SQL: SELECT `id`,`pid`,`title`,`url`,`tip` FROM `cishoo_menu` WHERE ( `group` = '用户管理' ) AND ( `pid` = 16 ) AND ( `hide` = 0 ) ORDER BY sort asc  [ RunTime:0.000175s ]
SQL: SELECT `id`,`pid`,`title`,`url`,`tip` FROM `cishoo_menu` WHERE ( `group` = '行为管理' ) AND ( `pid` = 16 ) AND ( `hide` = 0 ) ORDER BY sort asc  [ RunTime:0.000158s ]
SQL: SELECT `id`,`pid`,`title`,`url`,`tip` FROM `cishoo_menu` WHERE ( `group` = '' ) AND ( `pid` = 16 ) AND ( `hide` = 0 ) ORDER BY sort asc  [ RunTime:0.000149s ]
SQL: SHOW COLUMNS FROM `cishoo_member` [ RunTime:0.000388s ]
SQL: SELECT COUNT(*) AS tp_count FROM `cishoo_member` WHERE ( `status` >= 0 ) AND ( `nickname` LIKE '%%' ) LIMIT 1   [ RunTime:0.000158s ]
SQL: SELECT `uid`,`nickname`,`sex`,`birthday`,`qq`,`score`,`login`,`reg_ip`,`reg_time`,`last_login_ip`,`last_login_time`,`status` FROM `cishoo_member` WHERE ( `status` >= 0 ) AND ( `nickname` LIKE '%%' ) ORDER BY uid desc LIMIT 0,10   [ RunTime:0.000159s ]
INFO: [ view_parse ] --START--
INFO: [ template_filter ] --START--
INFO: Run Behavior\ContentReplace [ RunTime:0.000111s ]
INFO: [ template_filter ] --END-- [ RunTime:0.000124s ]
INFO: Run Behavior\ParseTemplate [ RunTime:0.006874s ]
INFO: [ view_parse ] --END-- [ RunTime:0.006894s ]
INFO: [ view_filter ] --START--
INFO: Run Behavior\WriteHtmlCache [ RunTime:0.000190s ]
INFO: [ view_filter ] --END-- [ RunTime:0.000201s ]
INFO: [ app_end ] --START--
INFO: Run Behavior\ShowPageTrace [ RunTime:0.000154s ]
INFO: [ app_end ] --END-- [ RunTime:0.000166s ]

[ 2016-11-08T10:13:19+08:00 ] 192.168.19.1 /Admin/Config/group.html
SQL: SHOW COLUMNS FROM `cishoo_menu` [ RunTime:0.000509s ]
SQL: SELECT * FROM `cishoo_menu` WHERE ( `pid` = 0 ) AND ( `hide` = 0 ) ORDER BY sort asc  [ RunTime:0.000116s ]
SQL: SELECT `id` FROM `cishoo_menu` WHERE ( url like '%Config/group%' ) LIMIT 1   [ RunTime:0.000266s ]
SQL: SHOW COLUMNS FROM `cishoo_menu` [ RunTime:0.000369s ]
SQL: SELECT `id`,`pid`,`title` FROM `cishoo_menu` WHERE ( id=68 ) LIMIT 1   [ RunTime:0.000243s ]
SQL: SELECT DISTINCT  `group` FROM `cishoo_menu` WHERE ( pid = 68 )  [ RunTime:0.000195s ]
SQL: SELECT `id`,`url` FROM `cishoo_menu` WHERE ( `pid` = 68 ) AND ( `hide` = 0 )  [ RunTime:0.000173s ]
SQL: SELECT `id`,`pid`,`title`,`url`,`tip` FROM `cishoo_menu` WHERE ( `group` = '系统设置' ) AND ( `pid` = 68 ) AND ( `hide` = 0 ) ORDER BY sort asc  [ RunTime:0.000235s ]
SQL: SELECT `id`,`pid`,`title`,`url`,`tip` FROM `cishoo_menu` WHERE ( `group` = '' ) AND ( `pid` = 68 ) AND ( `hide` = 0 ) ORDER BY sort asc  [ RunTime:0.000262s ]
SQL: SELECT `id`,`pid`,`title`,`url`,`tip` FROM `cishoo_menu` WHERE ( `group` = '数据备份' ) AND ( `pid` = 68 ) AND ( `hide` = 0 ) ORDER BY sort asc  [ RunTime:0.000183s ]
SQL: SHOW COLUMNS FROM `cishoo_config` [ RunTime:0.000462s ]
SQL: SELECT `id`,`name`,`title`,`extra`,`value`,`remark`,`type` FROM `cishoo_config` WHERE ( `status` = 1 ) AND ( `group` = 1 ) ORDER BY sort  [ RunTime:0.000252s ]
INFO: [ view_parse ] --START--
INFO: [ template_filter ] --START--
INFO: Run Behavior\ContentReplace [ RunTime:0.000113s ]
INFO: [ template_filter ] --END-- [ RunTime:0.000136s ]
INFO: Run Behavior\ParseTemplate [ RunTime:0.037541s ]
INFO: [ view_parse ] --END-- [ RunTime:0.037571s ]
INFO: [ view_filter ] --START--
INFO: Run Behavior\WriteHtmlCache [ RunTime:0.000023s ]
INFO: [ view_filter ] --END-- [ RunTime:0.000031s ]
INFO: [ app_end ] --START--
INFO: Run Behavior\ShowPageTrace [ RunTime:0.000014s ]
INFO: [ app_end ] --END-- [ RunTime:0.000024s ]

[ 2016-11-08T10:13:20+08:00 ] 192.168.19.1 /Admin/Addons/index.html
SQL: SHOW COLUMNS FROM `cishoo_menu` [ RunTime:0.000451s ]
SQL: SELECT * FROM `cishoo_menu` WHERE ( `pid` = 0 ) AND ( `hide` = 0 ) ORDER BY sort asc  [ RunTime:0.000098s ]
SQL: SELECT `id` FROM `cishoo_menu` WHERE ( url like '%Addons/index%' ) LIMIT 1   [ RunTime:0.000183s ]
SQL: SHOW COLUMNS FROM `cishoo_menu` [ RunTime:0.000356s ]
SQL: SELECT `id`,`pid`,`title` FROM `cishoo_menu` WHERE ( id=43 ) LIMIT 1   [ RunTime:0.000159s ]
SQL: SELECT DISTINCT  `group` FROM `cishoo_menu` WHERE ( pid = 43 )  [ RunTime:0.000208s ]
SQL: SELECT `id`,`url` FROM `cishoo_menu` WHERE ( `pid` = 43 ) AND ( `hide` = 0 )  [ RunTime:0.000248s ]
SQL: SELECT `id`,`pid`,`title`,`url`,`tip` FROM `cishoo_menu` WHERE ( `group` = '扩展' ) AND ( `pid` = 43 ) AND ( `hide` = 0 ) ORDER BY sort asc  [ RunTime:0.000196s ]
SQL: SELECT `id`,`name`,`title`,`description`,`status`,`config`,`author`,`version`,`create_time`,`has_adminlist` FROM `cishoo_addons` WHERE ( `name` IN ('Attachment','DevTeam','Editor','EditorForAdmin','SiteStat','SocialComment','SystemInfo') )  [ RunTime:0.000331s ]
INFO: [ view_parse ] --START--
INFO: [ template_filter ] --START--
INFO: Run Behavior\ContentReplace [ RunTime:0.000107s ]
INFO: [ template_filter ] --END-- [ RunTime:0.000130s ]
SQL: SHOW COLUMNS FROM `cishoo_addons` [ RunTime:0.000519s ]
SQL: SELECT `config` FROM `cishoo_addons` WHERE ( `name` = 'SiteStat' ) AND ( `status` = 1 ) LIMIT 1   [ RunTime:0.000076s ]
SQL: SELECT `config` FROM `cishoo_addons` WHERE ( `name` = 'DevTeam' ) AND ( `status` = 1 ) LIMIT 1   [ RunTime:0.000726s ]
SQL: SELECT `config` FROM `cishoo_addons` WHERE ( `name` = 'SystemInfo' ) AND ( `status` = 1 ) LIMIT 1   [ RunTime:0.000103s ]
SQL: SELECT `config` FROM `cishoo_addons` WHERE ( `name` = 'Editor' ) AND ( `status` = 1 ) LIMIT 1   [ RunTime:0.000311s ]
SQL: SELECT `config` FROM `cishoo_addons` WHERE ( `name` = 'Attachment' ) AND ( `status` = 1 ) LIMIT 1   [ RunTime:0.000312s ]
SQL: SELECT `config` FROM `cishoo_addons` WHERE ( `name` = 'SocialComment' ) AND ( `status` = 1 ) LIMIT 1   [ RunTime:0.000259s ]
SQL: SELECT `config` FROM `cishoo_addons` WHERE ( `name` = 'EditorForAdmin' ) AND ( `status` = 1 ) LIMIT 1   [ RunTime:0.000229s ]
INFO: Run Behavior\ParseTemplate [ RunTime:0.017881s ]
INFO: [ view_parse ] --END-- [ RunTime:0.017903s ]
INFO: [ view_filter ] --START--
INFO: Run Behavior\WriteHtmlCache [ RunTime:0.000180s ]
INFO: [ view_filter ] --END-- [ RunTime:0.000192s ]
INFO: [ app_end ] --START--
INFO: Run Behavior\ShowPageTrace [ RunTime:0.000214s ]
INFO: [ app_end ] --END-- [ RunTime:0.000238s ]

[ 2016-11-08T10:13:21+08:00 ] 192.168.19.1 /Admin/Article/mydocument.html
SQL: SHOW COLUMNS FROM `cishoo_menu` [ RunTime:0.000622s ]
SQL: SELECT * FROM `cishoo_menu` WHERE ( `pid` = 0 ) AND ( `hide` = 0 ) ORDER BY sort asc  [ RunTime:0.000135s ]
SQL: SELECT `id` FROM `cishoo_menu` WHERE ( url like '%Article/mydocument%' ) LIMIT 1   [ RunTime:0.000152s ]
SQL: SHOW COLUMNS FROM `cishoo_menu` [ RunTime:0.000525s ]
SQL: SELECT `id`,`pid`,`title` FROM `cishoo_menu` WHERE ( id=2 ) LIMIT 1   [ RunTime:0.000161s ]
SQL: SELECT DISTINCT  `group` FROM `cishoo_menu` WHERE ( pid = 2 )  [ RunTime:0.000140s ]
SQL: SELECT `id`,`url` FROM `cishoo_menu` WHERE ( `pid` = 2 ) AND ( `hide` = 0 )  [ RunTime:0.000136s ]
SQL: SELECT `id`,`pid`,`title`,`url`,`tip` FROM `cishoo_menu` WHERE ( `group` = '内容' ) AND ( `pid` = 2 ) AND ( `hide` = 0 ) ORDER BY sort asc  [ RunTime:0.000144s ]
SQL: SHOW COLUMNS FROM `cishoo_auth_group_access` [ RunTime:0.000555s ]
SQL: SELECT `extend_id` FROM cishoo_auth_group_access g INNER JOIN cishoo_auth_extend c on g.group_id=c.group_id  WHERE ( g.uid='1' and c.type='1' and !isnull(extend_id) )  [ RunTime:0.000126s ]
SQL: SHOW COLUMNS FROM `cishoo_category` [ RunTime:0.000567s ]
SQL: SELECT `id`,`title`,`pid`,`allow_publish` FROM `cishoo_category` WHERE ( `status` = 1 ) ORDER BY pid,sort  [ RunTime:0.000346s ]
SQL: SHOW COLUMNS FROM `cishoo_document` [ RunTime:0.000573s ]
SQL: SELECT COUNT(*) AS tp_count FROM `cishoo_document` WHERE ( `status` IN ('0','1','2') ) AND ( `uid` = 1 ) AND ( `pid` = 0 ) LIMIT 1   [ RunTime:0.000150s ]
SQL: SELECT `id`,`uid`,`name`,`title`,`category_id`,`description`,`root`,`pid`,`model_id`,`type`,`position`,`link_id`,`cover_id`,`display`,`deadline`,`attach`,`view`,`comment`,`extend`,`level`,`create_time`,`update_time`,`status`,`title2`,`hover_cover_id`,`url` FROM `cishoo_document` WHERE ( `status` IN ('0','1','2') ) AND ( `uid` = 1 ) AND ( `pid` = 0 ) ORDER BY update_time desc LIMIT 0,10   [ RunTime:0.000197s ]
INFO: [ view_parse ] --START--
INFO: [ template_filter ] --START--
INFO: Run Behavior\ContentReplace [ RunTime:0.000190s ]
INFO: [ template_filter ] --END-- [ RunTime:0.000223s ]
SQL: SHOW COLUMNS FROM `cishoo_document` [ RunTime:0.000579s ]
SQL: SELECT COUNT(*) AS tp_count FROM `cishoo_document` WHERE ( pid=44 ) LIMIT 1   [ RunTime:0.000081s ]
SQL: SELECT `title` FROM `cishoo_category` WHERE ( id=42 ) LIMIT 1   [ RunTime:0.000063s ]
SQL: SELECT COUNT(*) AS tp_count FROM `cishoo_document` WHERE ( pid=34 ) LIMIT 1   [ RunTime:0.000119s ]
SQL: SELECT `title` FROM `cishoo_category` WHERE ( id=42 ) LIMIT 1   [ RunTime:0.000094s ]
SQL: SELECT COUNT(*) AS tp_count FROM `cishoo_document` WHERE ( pid=35 ) LIMIT 1   [ RunTime:0.000095s ]
SQL: SELECT `title` FROM `cishoo_category` WHERE ( id=42 ) LIMIT 1   [ RunTime:0.000092s ]
SQL: SELECT COUNT(*) AS tp_count FROM `cishoo_document` WHERE ( pid=36 ) LIMIT 1   [ RunTime:0.000093s ]
SQL: SELECT `title` FROM `cishoo_category` WHERE ( id=42 ) LIMIT 1   [ RunTime:0.000091s ]
SQL: SELECT COUNT(*) AS tp_count FROM `cishoo_document` WHERE ( pid=37 ) LIMIT 1   [ RunTime:0.000092s ]
SQL: SELECT `title` FROM `cishoo_category` WHERE ( id=42 ) LIMIT 1   [ RunTime:0.000092s ]
SQL: SELECT COUNT(*) AS tp_count FROM `cishoo_document` WHERE ( pid=38 ) LIMIT 1   [ RunTime:0.000077s ]
SQL: SELECT `title` FROM `cishoo_category` WHERE ( id=42 ) LIMIT 1   [ RunTime:0.000090s ]
SQL: SELECT COUNT(*) AS tp_count FROM `cishoo_document` WHERE ( pid=26 ) LIMIT 1   [ RunTime:0.000107s ]
SQL: SELECT `title` FROM `cishoo_category` WHERE ( id=45 ) LIMIT 1   [ RunTime:0.000113s ]
SQL: SELECT COUNT(*) AS tp_count FROM `cishoo_document` WHERE ( pid=25 ) LIMIT 1   [ RunTime:0.000145s ]
SQL: SELECT `title` FROM `cishoo_category` WHERE ( id=45 ) LIMIT 1   [ RunTime:0.000356s ]
SQL: SELECT COUNT(*) AS tp_count FROM `cishoo_document` WHERE ( pid=1 ) LIMIT 1   [ RunTime:0.000096s ]
SQL: SELECT `title` FROM `cishoo_category` WHERE ( id=2 ) LIMIT 1   [ RunTime:0.000090s ]
SQL: SELECT COUNT(*) AS tp_count FROM `cishoo_document` WHERE ( pid=2 ) LIMIT 1   [ RunTime:0.000092s ]
SQL: SELECT `title` FROM `cishoo_category` WHERE ( id=2 ) LIMIT 1   [ RunTime:0.000285s ]
INFO: Run Behavior\ParseTemplate [ RunTime:0.017646s ]
INFO: [ view_parse ] --END-- [ RunTime:0.017668s ]
INFO: [ view_filter ] --START--
INFO: Run Behavior\WriteHtmlCache [ RunTime:0.000251s ]
INFO: [ view_filter ] --END-- [ RunTime:0.000272s ]
INFO: [ app_end ] --START--
INFO: Run Behavior\ShowPageTrace [ RunTime:0.000168s ]
INFO: [ app_end ] --END-- [ RunTime:0.000182s ]

[ 2016-11-08T10:13:29+08:00 ] 192.168.19.1 /Admin/article/recycle.html
SQL: SHOW COLUMNS FROM `cishoo_menu` [ RunTime:0.001133s ]
SQL: SELECT * FROM `cishoo_menu` WHERE ( `pid` = 0 ) AND ( `hide` = 0 ) ORDER BY sort asc  [ RunTime:0.000329s ]
SQL: SELECT `id` FROM `cishoo_menu` WHERE ( url like '%Article/recycle%' ) LIMIT 1   [ RunTime:0.000537s ]
SQL: SHOW COLUMNS FROM `cishoo_menu` [ RunTime:0.000934s ]
SQL: SELECT `id`,`pid`,`title` FROM `cishoo_menu` WHERE ( id=13 ) LIMIT 1   [ RunTime:0.000434s ]
SQL: SELECT `id`,`pid`,`title` FROM `cishoo_menu` WHERE ( id=2 ) LIMIT 1   [ RunTime:0.000289s ]
SQL: SELECT DISTINCT  `group` FROM `cishoo_menu` WHERE ( pid = 2 )  [ RunTime:0.000283s ]
SQL: SELECT `id`,`url` FROM `cishoo_menu` WHERE ( `pid` = 2 ) AND ( `hide` = 0 )  [ RunTime:0.000301s ]
SQL: SELECT `id`,`pid`,`title`,`url`,`tip` FROM `cishoo_menu` WHERE ( `group` = '内容' ) AND ( `pid` = 2 ) AND ( `hide` = 0 ) ORDER BY sort asc  [ RunTime:0.000292s ]
SQL: SHOW COLUMNS FROM `cishoo_auth_group_access` [ RunTime:0.000776s ]
SQL: SELECT `extend_id` FROM cishoo_auth_group_access g INNER JOIN cishoo_auth_extend c on g.group_id=c.group_id  WHERE ( g.uid='1' and c.type='1' and !isnull(extend_id) )  [ RunTime:0.000337s ]
SQL: SHOW COLUMNS FROM `cishoo_category` [ RunTime:0.001191s ]
SQL: SELECT `id`,`title`,`pid`,`allow_publish` FROM `cishoo_category` WHERE ( `status` = 1 ) ORDER BY pid,sort  [ RunTime:0.000313s ]
SQL: SHOW COLUMNS FROM `cishoo_document` [ RunTime:0.001095s ]
SQL: SELECT COUNT(*) AS tp_count FROM `cishoo_document` WHERE ( `status` = -1 ) LIMIT 1   [ RunTime:0.000492s ]
SQL: SELECT `id`,`uid`,`name`,`title`,`category_id`,`description`,`root`,`pid`,`model_id`,`type`,`position`,`link_id`,`cover_id`,`display`,`deadline`,`attach`,`view`,`comment`,`extend`,`level`,`create_time`,`update_time`,`status`,`title2`,`hover_cover_id`,`url` FROM `cishoo_document` WHERE ( `status` = -1 ) ORDER BY update_time desc LIMIT 0,10   [ RunTime:0.000673s ]
INFO: [ view_parse ] --START--
INFO: [ template_filter ] --START--
INFO: Run Behavior\ContentReplace [ RunTime:0.000363s ]
INFO: [ template_filter ] --END-- [ RunTime:0.000410s ]
INFO: Run Behavior\ParseTemplate [ RunTime:0.054087s ]
INFO: [ view_parse ] --END-- [ RunTime:0.054143s ]
INFO: [ view_filter ] --START--
INFO: Run Behavior\WriteHtmlCache [ RunTime:0.000524s ]
INFO: [ view_filter ] --END-- [ RunTime:0.000566s ]
INFO: [ app_end ] --START--
INFO: Run Behavior\ShowPageTrace [ RunTime:0.000487s ]
INFO: [ app_end ] --END-- [ RunTime:0.000623s ]

[ 2016-11-08T10:13:31+08:00 ] 192.168.19.1 /Admin/Article/index/cate_id/61.html
SQL: SHOW COLUMNS FROM `cishoo_menu` [ RunTime:0.000566s ]
SQL: SELECT * FROM `cishoo_menu` WHERE ( `pid` = 0 ) AND ( `hide` = 0 ) ORDER BY sort asc  [ RunTime:0.000170s ]
SQL: SELECT `id` FROM `cishoo_menu` WHERE ( url like '%Article/index%' ) LIMIT 1   [ RunTime:0.000219s ]
SQL: SHOW COLUMNS FROM `cishoo_menu` [ RunTime:0.000362s ]
SQL: SELECT `id`,`pid`,`title` FROM `cishoo_menu` WHERE ( id=3 ) LIMIT 1   [ RunTime:0.000134s ]
SQL: SELECT `id`,`pid`,`title` FROM `cishoo_menu` WHERE ( id=2 ) LIMIT 1   [ RunTime:0.000069s ]
SQL: SELECT DISTINCT  `group` FROM `cishoo_menu` WHERE ( pid = 2 )  [ RunTime:0.000089s ]
SQL: SELECT `id`,`url` FROM `cishoo_menu` WHERE ( `pid` = 2 ) AND ( `hide` = 0 )  [ RunTime:0.000088s ]
SQL: SELECT `id`,`pid`,`title`,`url`,`tip` FROM `cishoo_menu` WHERE ( `group` = '内容' ) AND ( `pid` = 2 ) AND ( `hide` = 0 ) ORDER BY sort asc  [ RunTime:0.000079s ]
SQL: SHOW COLUMNS FROM `cishoo_auth_group_access` [ RunTime:0.000290s ]
SQL: SELECT `extend_id` FROM cishoo_auth_group_access g INNER JOIN cishoo_auth_extend c on g.group_id=c.group_id  WHERE ( g.uid='1' and c.type='1' and !isnull(extend_id) )  [ RunTime:0.000069s ]
SQL: SHOW COLUMNS FROM `cishoo_category` [ RunTime:0.000486s ]
SQL: SELECT `id`,`title`,`pid`,`allow_publish` FROM `cishoo_category` WHERE ( `status` = 1 ) ORDER BY pid,sort  [ RunTime:0.000123s ]
SQL: SELECT `id`,`title`,`pid` FROM `cishoo_category` WHERE ( `status` = 1 ) ORDER BY sort  [ RunTime:0.000285s ]
SQL: SHOW COLUMNS FROM `cishoo_model` [ RunTime:0.000636s ]
SQL: SELECT * FROM `cishoo_model` WHERE ( `name` = 'document' ) LIMIT 1   [ RunTime:0.000251s ]
SQL: SHOW COLUMNS FROM `cishoo_document` [ RunTime:0.000507s ]
SQL: SELECT COUNT(*) AS tp_count FROM `cishoo_document` WHERE ( `status` IN ('0','1','2') ) AND ( `pid` = 0 ) AND ( `category_id` = 61 ) LIMIT 1   [ RunTime:0.000330s ]
SQL: SELECT `id`,`uid`,`name`,`title`,`category_id`,`description`,`root`,`pid`,`model_id`,`type`,`position`,`link_id`,`cover_id`,`display`,`deadline`,`attach`,`view`,`comment`,`extend`,`level`,`create_time`,`update_time`,`status`,`title2`,`hover_cover_id`,`url` FROM `cishoo_document` WHERE ( `status` IN ('0','1','2') ) AND ( `pid` = 0 ) AND ( `category_id` = 61 ) ORDER BY level DESC,id DESC LIMIT 0,10   [ RunTime:0.000231s ]
INFO: [ view_parse ] --START--
INFO: [ template_filter ] --START--
INFO: Run Behavior\ContentReplace [ RunTime:0.000216s ]
INFO: [ template_filter ] --END-- [ RunTime:0.000243s ]
INFO: Run Behavior\ParseTemplate [ RunTime:0.014980s ]
INFO: [ view_parse ] --END-- [ RunTime:0.015020s ]
INFO: [ view_filter ] --START--
INFO: Run Behavior\WriteHtmlCache [ RunTime:0.000253s ]
INFO: [ view_filter ] --END-- [ RunTime:0.000266s ]
INFO: [ app_end ] --START--
INFO: Run Behavior\ShowPageTrace [ RunTime:0.000170s ]
INFO: [ app_end ] --END-- [ RunTime:0.000184s ]

[ 2016-11-08T10:13:34+08:00 ] 192.168.19.1 /Admin/Article/index/cate_id/46.html
SQL: SHOW COLUMNS FROM `cishoo_menu` [ RunTime:0.000517s ]
SQL: SELECT * FROM `cishoo_menu` WHERE ( `pid` = 0 ) AND ( `hide` = 0 ) ORDER BY sort asc  [ RunTime:0.000119s ]
SQL: SELECT `id` FROM `cishoo_menu` WHERE ( url like '%Article/index%' ) LIMIT 1   [ RunTime:0.000081s ]
SQL: SHOW COLUMNS FROM `cishoo_menu` [ RunTime:0.000304s ]
SQL: SELECT `id`,`pid`,`title` FROM `cishoo_menu` WHERE ( id=3 ) LIMIT 1   [ RunTime:0.000073s ]
SQL: SELECT `id`,`pid`,`title` FROM `cishoo_menu` WHERE ( id=2 ) LIMIT 1   [ RunTime:0.000067s ]
SQL: SELECT DISTINCT  `group` FROM `cishoo_menu` WHERE ( pid = 2 )  [ RunTime:0.000064s ]
SQL: SELECT `id`,`url` FROM `cishoo_menu` WHERE ( `pid` = 2 ) AND ( `hide` = 0 )  [ RunTime:0.000781s ]
SQL: SELECT `id`,`pid`,`title`,`url`,`tip` FROM `cishoo_menu` WHERE ( `group` = '内容' ) AND ( `pid` = 2 ) AND ( `hide` = 0 ) ORDER BY sort asc  [ RunTime:0.000135s ]
SQL: SHOW COLUMNS FROM `cishoo_auth_group_access` [ RunTime:0.000297s ]
SQL: SELECT `extend_id` FROM cishoo_auth_group_access g INNER JOIN cishoo_auth_extend c on g.group_id=c.group_id  WHERE ( g.uid='1' and c.type='1' and !isnull(extend_id) )  [ RunTime:0.000086s ]
SQL: SHOW COLUMNS FROM `cishoo_category` [ RunTime:0.000442s ]
SQL: SELECT `id`,`title`,`pid`,`allow_publish` FROM `cishoo_category` WHERE ( `status` = 1 ) ORDER BY pid,sort  [ RunTime:0.000096s ]
SQL: SELECT `id`,`title`,`pid` FROM `cishoo_category` WHERE ( `status` = 1 ) ORDER BY sort  [ RunTime:0.000081s ]
SQL: SELECT * FROM `cishoo_category` WHERE ( `id` = 46 ) LIMIT 1   [ RunTime:0.000230s ]
SQL: SHOW COLUMNS FROM `cishoo_model` [ RunTime:0.000448s ]
SQL: SELECT * FROM `cishoo_model` WHERE ( `name` = 'document' ) LIMIT 1   [ RunTime:0.000105s ]
SQL: SHOW COLUMNS FROM `cishoo_document` [ RunTime:0.000359s ]
SQL: SELECT COUNT(*) AS tp_count FROM `cishoo_document` WHERE ( `status` IN ('0','1','2') ) AND ( `pid` = 0 ) AND ( `category_id` = 46 ) LIMIT 1   [ RunTime:0.000236s ]
SQL: SELECT `id`,`uid`,`name`,`title`,`category_id`,`description`,`root`,`pid`,`model_id`,`type`,`position`,`link_id`,`cover_id`,`display`,`deadline`,`attach`,`view`,`comment`,`extend`,`level`,`create_time`,`update_time`,`status`,`title2`,`hover_cover_id`,`url` FROM `cishoo_document` WHERE ( `status` IN ('0','1','2') ) AND ( `pid` = 0 ) AND ( `category_id` = 46 ) ORDER BY level DESC,id DESC LIMIT 0,10   [ RunTime:0.000249s ]
INFO: [ view_parse ] --START--
INFO: [ template_filter ] --START--
INFO: Run Behavior\ContentReplace [ RunTime:0.000241s ]
INFO: [ template_filter ] --END-- [ RunTime:0.000260s ]
INFO: Run Behavior\ParseTemplate [ RunTime:0.013345s ]
INFO: [ view_parse ] --END-- [ RunTime:0.013368s ]
INFO: [ view_filter ] --START--
INFO: Run Behavior\WriteHtmlCache [ RunTime:0.000167s ]
INFO: [ view_filter ] --END-- [ RunTime:0.000179s ]
INFO: [ app_end ] --START--
INFO: Run Behavior\ShowPageTrace [ RunTime:0.000151s ]
INFO: [ app_end ] --END-- [ RunTime:0.000164s ]

[ 2016-11-08T10:13:34+08:00 ] 192.168.19.1 /Admin/Article/index/cate_id/45.html
SQL: SHOW COLUMNS FROM `cishoo_menu` [ RunTime:0.000464s ]
SQL: SELECT * FROM `cishoo_menu` WHERE ( `pid` = 0 ) AND ( `hide` = 0 ) ORDER BY sort asc  [ RunTime:0.000126s ]
SQL: SELECT `id` FROM `cishoo_menu` WHERE ( url like '%Article/index%' ) LIMIT 1   [ RunTime:0.000106s ]
SQL: SHOW COLUMNS FROM `cishoo_menu` [ RunTime:0.000366s ]
SQL: SELECT `id`,`pid`,`title` FROM `cishoo_menu` WHERE ( id=3 ) LIMIT 1   [ RunTime:0.000117s ]
SQL: SELECT `id`,`pid`,`title` FROM `cishoo_menu` WHERE ( id=2 ) LIMIT 1   [ RunTime:0.000110s ]
SQL: SELECT DISTINCT  `group` FROM `cishoo_menu` WHERE ( pid = 2 )  [ RunTime:0.000107s ]
SQL: SELECT `id`,`url` FROM `cishoo_menu` WHERE ( `pid` = 2 ) AND ( `hide` = 0 )  [ RunTime:0.000107s ]
SQL: SELECT `id`,`pid`,`title`,`url`,`tip` FROM `cishoo_menu` WHERE ( `group` = '内容' ) AND ( `pid` = 2 ) AND ( `hide` = 0 ) ORDER BY sort asc  [ RunTime:0.000095s ]
SQL: SHOW COLUMNS FROM `cishoo_auth_group_access` [ RunTime:0.000302s ]
SQL: SELECT `extend_id` FROM cishoo_auth_group_access g INNER JOIN cishoo_auth_extend c on g.group_id=c.group_id  WHERE ( g.uid='1' and c.type='1' and !isnull(extend_id) )  [ RunTime:0.000094s ]
SQL: SHOW COLUMNS FROM `cishoo_category` [ RunTime:0.000398s ]
SQL: SELECT `id`,`title`,`pid`,`allow_publish` FROM `cishoo_category` WHERE ( `status` = 1 ) ORDER BY pid,sort  [ RunTime:0.000126s ]
SQL: SELECT `id`,`title`,`pid` FROM `cishoo_category` WHERE ( `status` = 1 ) ORDER BY sort  [ RunTime:0.000106s ]
SQL: SHOW COLUMNS FROM `cishoo_model` [ RunTime:0.000416s ]
SQL: SELECT * FROM `cishoo_model` WHERE ( `name` = 'document' ) LIMIT 1   [ RunTime:0.000124s ]
SQL: SHOW COLUMNS FROM `cishoo_document` [ RunTime:0.000389s ]
SQL: SELECT COUNT(*) AS tp_count FROM `cishoo_document` WHERE ( `status` IN ('0','1','2') ) AND ( `pid` = 0 ) AND ( `category_id` = 45 ) LIMIT 1   [ RunTime:0.000390s ]
SQL: SELECT `id`,`uid`,`name`,`title`,`category_id`,`description`,`root`,`pid`,`model_id`,`type`,`position`,`link_id`,`cover_id`,`display`,`deadline`,`attach`,`view`,`comment`,`extend`,`level`,`create_time`,`update_time`,`status`,`title2`,`hover_cover_id`,`url` FROM `cishoo_document` WHERE ( `status` IN ('0','1','2') ) AND ( `pid` = 0 ) AND ( `category_id` = 45 ) ORDER BY level DESC,id DESC LIMIT 0,10   [ RunTime:0.000270s ]
INFO: [ view_parse ] --START--
INFO: [ template_filter ] --START--
INFO: Run Behavior\ContentReplace [ RunTime:0.000257s ]
INFO: [ template_filter ] --END-- [ RunTime:0.000278s ]
INFO: Run Behavior\ParseTemplate [ RunTime:0.012363s ]
INFO: [ view_parse ] --END-- [ RunTime:0.012386s ]
INFO: [ view_filter ] --START--
INFO: Run Behavior\WriteHtmlCache [ RunTime:0.000023s ]
INFO: [ view_filter ] --END-- [ RunTime:0.000032s ]
INFO: [ app_end ] --START--
INFO: Run Behavior\ShowPageTrace [ RunTime:0.000017s ]
INFO: [ app_end ] --END-- [ RunTime:0.000029s ]

[ 2016-11-08T10:13:35+08:00 ] 192.168.19.1 /Admin/Article/index/cate_id/44.html
SQL: SHOW COLUMNS FROM `cishoo_menu` [ RunTime:0.000501s ]
SQL: SELECT * FROM `cishoo_menu` WHERE ( `pid` = 0 ) AND ( `hide` = 0 ) ORDER BY sort asc  [ RunTime:0.000128s ]
SQL: SELECT `id` FROM `cishoo_menu` WHERE ( url like '%Article/index%' ) LIMIT 1   [ RunTime:0.000112s ]
SQL: SHOW COLUMNS FROM `cishoo_menu` [ RunTime:0.000336s ]
SQL: SELECT `id`,`pid`,`title` FROM `cishoo_menu` WHERE ( id=3 ) LIMIT 1   [ RunTime:0.000113s ]
SQL: SELECT `id`,`pid`,`title` FROM `cishoo_menu` WHERE ( id=2 ) LIMIT 1   [ RunTime:0.000115s ]
SQL: SELECT DISTINCT  `group` FROM `cishoo_menu` WHERE ( pid = 2 )  [ RunTime:0.000119s ]
SQL: SELECT `id`,`url` FROM `cishoo_menu` WHERE ( `pid` = 2 ) AND ( `hide` = 0 )  [ RunTime:0.000101s ]
SQL: SELECT `id`,`pid`,`title`,`url`,`tip` FROM `cishoo_menu` WHERE ( `group` = '内容' ) AND ( `pid` = 2 ) AND ( `hide` = 0 ) ORDER BY sort asc  [ RunTime:0.000100s ]
SQL: SHOW COLUMNS FROM `cishoo_auth_group_access` [ RunTime:0.000303s ]
SQL: SELECT `extend_id` FROM cishoo_auth_group_access g INNER JOIN cishoo_auth_extend c on g.group_id=c.group_id  WHERE ( g.uid='1' and c.type='1' and !isnull(extend_id) )  [ RunTime:0.000804s ]
SQL: SHOW COLUMNS FROM `cishoo_category` [ RunTime:0.000579s ]
SQL: SELECT `id`,`title`,`pid`,`allow_publish` FROM `cishoo_category` WHERE ( `status` = 1 ) ORDER BY pid,sort  [ RunTime:0.000144s ]
SQL: SELECT `id`,`title`,`pid` FROM `cishoo_category` WHERE ( `status` = 1 ) ORDER BY sort  [ RunTime:0.000170s ]
SQL: SELECT * FROM `cishoo_category` WHERE ( `id` = 44 ) LIMIT 1   [ RunTime:0.000272s ]
SQL: SHOW COLUMNS FROM `cishoo_model` [ RunTime:0.000664s ]
SQL: SELECT * FROM `cishoo_model` WHERE ( `name` = 'document' ) LIMIT 1   [ RunTime:0.000223s ]
SQL: SHOW COLUMNS FROM `cishoo_document` [ RunTime:0.000855s ]
SQL: SELECT COUNT(*) AS tp_count FROM `cishoo_document` WHERE ( `status` IN ('0','1','2') ) AND ( `pid` = 0 ) AND ( `category_id` = 44 ) LIMIT 1   [ RunTime:0.000510s ]
SQL: SELECT `id`,`uid`,`name`,`title`,`category_id`,`description`,`root`,`pid`,`model_id`,`type`,`position`,`link_id`,`cover_id`,`display`,`deadline`,`attach`,`view`,`comment`,`extend`,`level`,`create_time`,`update_time`,`status`,`title2`,`hover_cover_id`,`url` FROM `cishoo_document` WHERE ( `status` IN ('0','1','2') ) AND ( `pid` = 0 ) AND ( `category_id` = 44 ) ORDER BY level DESC,id DESC LIMIT 0,10   [ RunTime:0.000429s ]
INFO: [ view_parse ] --START--
INFO: [ template_filter ] --START--
INFO: Run Behavior\ContentReplace [ RunTime:0.000209s ]
INFO: [ template_filter ] --END-- [ RunTime:0.000245s ]
INFO: Run Behavior\ParseTemplate [ RunTime:0.020239s ]
INFO: [ view_parse ] --END-- [ RunTime:0.020279s ]
INFO: [ view_filter ] --START--
INFO: Run Behavior\WriteHtmlCache [ RunTime:0.000256s ]
INFO: [ view_filter ] --END-- [ RunTime:0.000269s ]
INFO: [ app_end ] --START--
INFO: Run Behavior\ShowPageTrace [ RunTime:0.000180s ]
INFO: [ app_end ] --END-- [ RunTime:0.000194s ]

[ 2016-11-08T10:13:36+08:00 ] 192.168.19.1 /Admin/Article/index/cate_id/43.html
SQL: SHOW COLUMNS FROM `cishoo_menu` [ RunTime:0.000932s ]
SQL: SELECT * FROM `cishoo_menu` WHERE ( `pid` = 0 ) AND ( `hide` = 0 ) ORDER BY sort asc  [ RunTime:0.000327s ]
SQL: SELECT `id` FROM `cishoo_menu` WHERE ( url like '%Article/index%' ) LIMIT 1   [ RunTime:0.000248s ]
SQL: SHOW COLUMNS FROM `cishoo_menu` [ RunTime:0.000791s ]
SQL: SELECT `id`,`pid`,`title` FROM `cishoo_menu` WHERE ( id=3 ) LIMIT 1   [ RunTime:0.000246s ]
SQL: SELECT `id`,`pid`,`title` FROM `cishoo_menu` WHERE ( id=2 ) LIMIT 1   [ RunTime:0.000252s ]
SQL: SELECT DISTINCT  `group` FROM `cishoo_menu` WHERE ( pid = 2 )  [ RunTime:0.000244s ]
SQL: SELECT `id`,`url` FROM `cishoo_menu` WHERE ( `pid` = 2 ) AND ( `hide` = 0 )  [ RunTime:0.000246s ]
SQL: SELECT `id`,`pid`,`title`,`url`,`tip` FROM `cishoo_menu` WHERE ( `group` = '内容' ) AND ( `pid` = 2 ) AND ( `hide` = 0 ) ORDER BY sort asc  [ RunTime:0.000253s ]
SQL: SHOW COLUMNS FROM `cishoo_auth_group_access` [ RunTime:0.000755s ]
SQL: SELECT `extend_id` FROM cishoo_auth_group_access g INNER JOIN cishoo_auth_extend c on g.group_id=c.group_id  WHERE ( g.uid='1' and c.type='1' and !isnull(extend_id) )  [ RunTime:0.000242s ]
SQL: SHOW COLUMNS FROM `cishoo_category` [ RunTime:0.000931s ]
SQL: SELECT `id`,`title`,`pid`,`allow_publish` FROM `cishoo_category` WHERE ( `status` = 1 ) ORDER BY pid,sort  [ RunTime:0.000338s ]
SQL: SELECT `id`,`title`,`pid` FROM `cishoo_category` WHERE ( `status` = 1 ) ORDER BY sort  [ RunTime:0.000269s ]
SQL: SELECT * FROM `cishoo_category` WHERE ( `id` = 43 ) LIMIT 1   [ RunTime:0.000594s ]
SQL: SHOW COLUMNS FROM `cishoo_model` [ RunTime:0.001031s ]
SQL: SELECT * FROM `cishoo_model` WHERE ( `name` = 'document' ) LIMIT 1   [ RunTime:0.000305s ]
SQL: SHOW COLUMNS FROM `cishoo_document` [ RunTime:0.000940s ]
SQL: SELECT COUNT(*) AS tp_count FROM `cishoo_document` WHERE ( `status` IN ('0','1','2') ) AND ( `pid` = 0 ) AND ( `category_id` = 43 ) LIMIT 1   [ RunTime:0.000568s ]
SQL: SELECT `id`,`uid`,`name`,`title`,`category_id`,`description`,`root`,`pid`,`model_id`,`type`,`position`,`link_id`,`cover_id`,`display`,`deadline`,`attach`,`view`,`comment`,`extend`,`level`,`create_time`,`update_time`,`status`,`title2`,`hover_cover_id`,`url` FROM `cishoo_document` WHERE ( `status` IN ('0','1','2') ) AND ( `pid` = 0 ) AND ( `category_id` = 43 ) ORDER BY level DESC,id DESC LIMIT 0,10   [ RunTime:0.000627s ]
INFO: [ view_parse ] --START--
INFO: [ template_filter ] --START--
INFO: Run Behavior\ContentReplace [ RunTime:0.000314s ]
INFO: [ template_filter ] --END-- [ RunTime:0.000346s ]
INFO: Run Behavior\ParseTemplate [ RunTime:0.025736s ]
INFO: [ view_parse ] --END-- [ RunTime:0.025773s ]
INFO: [ view_filter ] --START--
INFO: Run Behavior\WriteHtmlCache [ RunTime:0.000032s ]
INFO: [ view_filter ] --END-- [ RunTime:0.000044s ]
INFO: [ app_end ] --START--
INFO: Run Behavior\ShowPageTrace [ RunTime:0.000019s ]
INFO: [ app_end ] --END-- [ RunTime:0.000033s ]

[ 2016-11-08T10:13:36+08:00 ] 192.168.19.1 /Admin/Article/index/cate_id/42.html
SQL: SHOW COLUMNS FROM `cishoo_menu` [ RunTime:0.001011s ]
SQL: SELECT * FROM `cishoo_menu` WHERE ( `pid` = 0 ) AND ( `hide` = 0 ) ORDER BY sort asc  [ RunTime:0.000136s ]
SQL: SELECT `id` FROM `cishoo_menu` WHERE ( url like '%Article/index%' ) LIMIT 1   [ RunTime:0.000112s ]
SQL: SHOW COLUMNS FROM `cishoo_menu` [ RunTime:0.000687s ]
SQL: SELECT `id`,`pid`,`title` FROM `cishoo_menu` WHERE ( id=3 ) LIMIT 1   [ RunTime:0.000132s ]
SQL: SELECT `id`,`pid`,`title` FROM `cishoo_menu` WHERE ( id=2 ) LIMIT 1   [ RunTime:0.000118s ]
SQL: SELECT DISTINCT  `group` FROM `cishoo_menu` WHERE ( pid = 2 )  [ RunTime:0.000119s ]
SQL: SELECT `id`,`url` FROM `cishoo_menu` WHERE ( `pid` = 2 ) AND ( `hide` = 0 )  [ RunTime:0.000107s ]
SQL: SELECT `id`,`pid`,`title`,`url`,`tip` FROM `cishoo_menu` WHERE ( `group` = '内容' ) AND ( `pid` = 2 ) AND ( `hide` = 0 ) ORDER BY sort asc  [ RunTime:0.000109s ]
SQL: SHOW COLUMNS FROM `cishoo_auth_group_access` [ RunTime:0.000544s ]
SQL: SELECT `extend_id` FROM cishoo_auth_group_access g INNER JOIN cishoo_auth_extend c on g.group_id=c.group_id  WHERE ( g.uid='1' and c.type='1' and !isnull(extend_id) )  [ RunTime:0.000124s ]
SQL: SHOW COLUMNS FROM `cishoo_category` [ RunTime:0.003632s ]
SQL: SELECT `id`,`title`,`pid`,`allow_publish` FROM `cishoo_category` WHERE ( `status` = 1 ) ORDER BY pid,sort  [ RunTime:0.000537s ]
SQL: SELECT `id`,`title`,`pid` FROM `cishoo_category` WHERE ( `status` = 1 ) ORDER BY sort  [ RunTime:0.000215s ]
SQL: SHOW COLUMNS FROM `cishoo_model` [ RunTime:0.000556s ]
SQL: SELECT * FROM `cishoo_model` WHERE ( `name` = 'document' ) LIMIT 1   [ RunTime:0.000155s ]
SQL: SHOW COLUMNS FROM `cishoo_document` [ RunTime:0.000440s ]
SQL: SELECT COUNT(*) AS tp_count FROM `cishoo_document` WHERE ( `status` IN ('0','1','2') ) AND ( `pid` = 0 ) AND ( `category_id` = 42 ) LIMIT 1   [ RunTime:0.000226s ]
SQL: SELECT `id`,`uid`,`name`,`title`,`category_id`,`description`,`root`,`pid`,`model_id`,`type`,`position`,`link_id`,`cover_id`,`display`,`deadline`,`attach`,`view`,`comment`,`extend`,`level`,`create_time`,`update_time`,`status`,`title2`,`hover_cover_id`,`url` FROM `cishoo_document` WHERE ( `status` IN ('0','1','2') ) AND ( `pid` = 0 ) AND ( `category_id` = 42 ) ORDER BY level DESC,id DESC LIMIT 0,10   [ RunTime:0.000373s ]
INFO: [ view_parse ] --START--
INFO: [ template_filter ] --START--
INFO: Run Behavior\ContentReplace [ RunTime:0.000224s ]
INFO: [ template_filter ] --END-- [ RunTime:0.000251s ]
INFO: Run Behavior\ParseTemplate [ RunTime:0.013946s ]
INFO: [ view_parse ] --END-- [ RunTime:0.013976s ]
INFO: [ view_filter ] --START--
INFO: Run Behavior\WriteHtmlCache [ RunTime:0.000185s ]
INFO: [ view_filter ] --END-- [ RunTime:0.000198s ]
INFO: [ app_end ] --START--
INFO: Run Behavior\ShowPageTrace [ RunTime:0.000161s ]
INFO: [ app_end ] --END-- [ RunTime:0.000174s ]

[ 2016-11-08T10:13:39+08:00 ] 192.168.19.1 /Admin/Article/index/cate_id/48.html
SQL: SHOW COLUMNS FROM `cishoo_menu` [ RunTime:0.000489s ]
SQL: SELECT * FROM `cishoo_menu` WHERE ( `pid` = 0 ) AND ( `hide` = 0 ) ORDER BY sort asc  [ RunTime:0.000106s ]
SQL: SELECT `id` FROM `cishoo_menu` WHERE ( url like '%Article/index%' ) LIMIT 1   [ RunTime:0.000067s ]
SQL: SHOW COLUMNS FROM `cishoo_menu` [ RunTime:0.000333s ]
SQL: SELECT `id`,`pid`,`title` FROM `cishoo_menu` WHERE ( id=3 ) LIMIT 1   [ RunTime:0.000070s ]
SQL: SELECT `id`,`pid`,`title` FROM `cishoo_menu` WHERE ( id=2 ) LIMIT 1   [ RunTime:0.000066s ]
SQL: SELECT DISTINCT  `group` FROM `cishoo_menu` WHERE ( pid = 2 )  [ RunTime:0.000062s ]
SQL: SELECT `id`,`url` FROM `cishoo_menu` WHERE ( `pid` = 2 ) AND ( `hide` = 0 )  [ RunTime:0.000062s ]
SQL: SELECT `id`,`pid`,`title`,`url`,`tip` FROM `cishoo_menu` WHERE ( `group` = '内容' ) AND ( `pid` = 2 ) AND ( `hide` = 0 ) ORDER BY sort asc  [ RunTime:0.000064s ]
SQL: SHOW COLUMNS FROM `cishoo_auth_group_access` [ RunTime:0.000263s ]
SQL: SELECT `extend_id` FROM cishoo_auth_group_access g INNER JOIN cishoo_auth_extend c on g.group_id=c.group_id  WHERE ( g.uid='1' and c.type='1' and !isnull(extend_id) )  [ RunTime:0.000075s ]
SQL: SHOW COLUMNS FROM `cishoo_category` [ RunTime:0.000350s ]
SQL: SELECT `id`,`title`,`pid`,`allow_publish` FROM `cishoo_category` WHERE ( `status` = 1 ) ORDER BY pid,sort  [ RunTime:0.000078s ]
SQL: SELECT `id`,`title`,`pid` FROM `cishoo_category` WHERE ( `status` = 1 ) ORDER BY sort  [ RunTime:0.000074s ]
SQL: SHOW COLUMNS FROM `cishoo_model` [ RunTime:0.000323s ]
SQL: SELECT * FROM `cishoo_model` WHERE ( `name` = 'document' ) LIMIT 1   [ RunTime:0.000093s ]
SQL: SHOW COLUMNS FROM `cishoo_document` [ RunTime:0.000323s ]
SQL: SELECT COUNT(*) AS tp_count FROM `cishoo_document` WHERE ( `status` IN ('0','1','2') ) AND ( `pid` = 0 ) AND ( `category_id` = 48 ) LIMIT 1   [ RunTime:0.000201s ]
SQL: SELECT `id`,`uid`,`name`,`title`,`category_id`,`description`,`root`,`pid`,`model_id`,`type`,`position`,`link_id`,`cover_id`,`display`,`deadline`,`attach`,`view`,`comment`,`extend`,`level`,`create_time`,`update_time`,`status`,`title2`,`hover_cover_id`,`url` FROM `cishoo_document` WHERE ( `status` IN ('0','1','2') ) AND ( `pid` = 0 ) AND ( `category_id` = 48 ) ORDER BY level DESC,id DESC LIMIT 0,10   [ RunTime:0.000193s ]
INFO: [ view_parse ] --START--
INFO: [ template_filter ] --START--
INFO: Run Behavior\ContentReplace [ RunTime:0.000229s ]
INFO: [ template_filter ] --END-- [ RunTime:0.000279s ]
INFO: Run Behavior\ParseTemplate [ RunTime:0.013480s ]
INFO: [ view_parse ] --END-- [ RunTime:0.013509s ]
INFO: [ view_filter ] --START--
INFO: Run Behavior\WriteHtmlCache [ RunTime:0.000179s ]
INFO: [ view_filter ] --END-- [ RunTime:0.000192s ]
INFO: [ app_end ] --START--
INFO: Run Behavior\ShowPageTrace [ RunTime:0.000174s ]
INFO: [ app_end ] --END-- [ RunTime:0.000192s ]

[ 2016-11-08T10:13:43+08:00 ] 192.168.19.1 /Admin/User/index.html
SQL: SHOW COLUMNS FROM `cishoo_menu` [ RunTime:0.000516s ]
SQL: SELECT * FROM `cishoo_menu` WHERE ( `pid` = 0 ) AND ( `hide` = 0 ) ORDER BY sort asc  [ RunTime:0.000182s ]
SQL: SELECT `id` FROM `cishoo_menu` WHERE ( url like '%User/index%' ) LIMIT 1   [ RunTime:0.000108s ]
SQL: SHOW COLUMNS FROM `cishoo_menu` [ RunTime:0.000389s ]
SQL: SELECT `id`,`pid`,`title` FROM `cishoo_menu` WHERE ( id=16 ) LIMIT 1   [ RunTime:0.000075s ]
SQL: SELECT DISTINCT  `group` FROM `cishoo_menu` WHERE ( pid = 16 )  [ RunTime:0.000065s ]
SQL: SELECT `id`,`url` FROM `cishoo_menu` WHERE ( `pid` = 16 ) AND ( `hide` = 0 )  [ RunTime:0.000064s ]
SQL: SELECT `id`,`pid`,`title`,`url`,`tip` FROM `cishoo_menu` WHERE ( `group` = '用户管理' ) AND ( `pid` = 16 ) AND ( `hide` = 0 ) ORDER BY sort asc  [ RunTime:0.000066s ]
SQL: SELECT `id`,`pid`,`title`,`url`,`tip` FROM `cishoo_menu` WHERE ( `group` = '行为管理' ) AND ( `pid` = 16 ) AND ( `hide` = 0 ) ORDER BY sort asc  [ RunTime:0.000139s ]
SQL: SELECT `id`,`pid`,`title`,`url`,`tip` FROM `cishoo_menu` WHERE ( `group` = '' ) AND ( `pid` = 16 ) AND ( `hide` = 0 ) ORDER BY sort asc  [ RunTime:0.000125s ]
SQL: SHOW COLUMNS FROM `cishoo_member` [ RunTime:0.000465s ]
SQL: SELECT COUNT(*) AS tp_count FROM `cishoo_member` WHERE ( `status` >= 0 ) AND ( `nickname` LIKE '%%' ) LIMIT 1   [ RunTime:0.000124s ]
SQL: SELECT `uid`,`nickname`,`sex`,`birthday`,`qq`,`score`,`login`,`reg_ip`,`reg_time`,`last_login_ip`,`last_login_time`,`status` FROM `cishoo_member` WHERE ( `status` >= 0 ) AND ( `nickname` LIKE '%%' ) ORDER BY uid desc LIMIT 0,10   [ RunTime:0.000123s ]
INFO: [ view_parse ] --START--
INFO: [ template_filter ] --START--
INFO: Run Behavior\ContentReplace [ RunTime:0.000181s ]
INFO: [ template_filter ] --END-- [ RunTime:0.000203s ]
INFO: Run Behavior\ParseTemplate [ RunTime:0.007543s ]
INFO: [ view_parse ] --END-- [ RunTime:0.007566s ]
INFO: [ view_filter ] --START--
INFO: Run Behavior\WriteHtmlCache [ RunTime:0.000193s ]
INFO: [ view_filter ] --END-- [ RunTime:0.000205s ]
INFO: [ app_end ] --START--
INFO: Run Behavior\ShowPageTrace [ RunTime:0.000161s ]
INFO: [ app_end ] --END-- [ RunTime:0.000175s ]

[ 2016-11-08T10:13:49+08:00 ] 192.168.19.1 /Admin/AuthManager/index.html
SQL: SHOW COLUMNS FROM `cishoo_menu` [ RunTime:0.000856s ]
SQL: SELECT * FROM `cishoo_menu` WHERE ( `pid` = 0 ) AND ( `hide` = 0 ) ORDER BY sort asc  [ RunTime:0.000149s ]
SQL: SELECT `id` FROM `cishoo_menu` WHERE ( url like '%AuthManager/index%' ) LIMIT 1   [ RunTime:0.000322s ]
SQL: SHOW COLUMNS FROM `cishoo_menu` [ RunTime:0.000518s ]
SQL: SELECT `id`,`pid`,`title` FROM `cishoo_menu` WHERE ( id=27 ) LIMIT 1   [ RunTime:0.000629s ]
SQL: SELECT `id`,`pid`,`title` FROM `cishoo_menu` WHERE ( id=16 ) LIMIT 1   [ RunTime:0.000522s ]
SQL: SELECT DISTINCT  `group` FROM `cishoo_menu` WHERE ( pid = 16 )  [ RunTime:0.000330s ]
SQL: SELECT `id`,`url` FROM `cishoo_menu` WHERE ( `pid` = 16 ) AND ( `hide` = 0 )  [ RunTime:0.000242s ]
SQL: SELECT `id`,`pid`,`title`,`url`,`tip` FROM `cishoo_menu` WHERE ( `group` = '用户管理' ) AND ( `pid` = 16 ) AND ( `hide` = 0 ) ORDER BY sort asc  [ RunTime:0.000667s ]
SQL: SELECT `id`,`pid`,`title`,`url`,`tip` FROM `cishoo_menu` WHERE ( `group` = '行为管理' ) AND ( `pid` = 16 ) AND ( `hide` = 0 ) ORDER BY sort asc  [ RunTime:0.000084s ]
SQL: SELECT `id`,`pid`,`title`,`url`,`tip` FROM `cishoo_menu` WHERE ( `group` = '' ) AND ( `pid` = 16 ) AND ( `hide` = 0 ) ORDER BY sort asc  [ RunTime:0.000084s ]
SQL: SHOW COLUMNS FROM `cishoo_auth_group` [ RunTime:0.000617s ]
SQL: SELECT COUNT(*) AS tp_count FROM `cishoo_auth_group` WHERE ( `status` >= 0 ) AND ( `module` = 'admin' ) LIMIT 1   [ RunTime:0.000212s ]
SQL: SELECT `id`,`module`,`type`,`title`,`description`,`status`,`rules` FROM `cishoo_auth_group` WHERE ( `status` >= 0 ) AND ( `module` = 'admin' ) ORDER BY id asc LIMIT 0,10   [ RunTime:0.000195s ]
INFO: [ view_parse ] --START--
INFO: [ template_filter ] --START--
INFO: Run Behavior\ContentReplace [ RunTime:0.000112s ]
INFO: [ template_filter ] --END-- [ RunTime:0.000137s ]
INFO: Run Behavior\ParseTemplate [ RunTime:0.115321s ]
INFO: [ view_parse ] --END-- [ RunTime:0.115351s ]
INFO: [ view_filter ] --START--
INFO: Run Behavior\WriteHtmlCache [ RunTime:0.000172s ]
INFO: [ view_filter ] --END-- [ RunTime:0.000185s ]
INFO: [ app_end ] --START--
INFO: Run Behavior\ShowPageTrace [ RunTime:0.000168s ]
INFO: [ app_end ] --END-- [ RunTime:0.000182s ]

[ 2016-11-08T10:13:50+08:00 ] 192.168.19.1 /Admin/User/index.html
SQL: SHOW COLUMNS FROM `cishoo_menu` [ RunTime:0.000938s ]
SQL: SELECT * FROM `cishoo_menu` WHERE ( `pid` = 0 ) AND ( `hide` = 0 ) ORDER BY sort asc  [ RunTime:0.000120s ]
SQL: SELECT `id` FROM `cishoo_menu` WHERE ( url like '%User/index%' ) LIMIT 1   [ RunTime:0.000080s ]
SQL: SHOW COLUMNS FROM `cishoo_menu` [ RunTime:0.000444s ]
SQL: SELECT `id`,`pid`,`title` FROM `cishoo_menu` WHERE ( id=16 ) LIMIT 1   [ RunTime:0.000130s ]
SQL: SELECT DISTINCT  `group` FROM `cishoo_menu` WHERE ( pid = 16 )  [ RunTime:0.000080s ]
SQL: SELECT `id`,`url` FROM `cishoo_menu` WHERE ( `pid` = 16 ) AND ( `hide` = 0 )  [ RunTime:0.000077s ]
SQL: SELECT `id`,`pid`,`title`,`url`,`tip` FROM `cishoo_menu` WHERE ( `group` = '用户管理' ) AND ( `pid` = 16 ) AND ( `hide` = 0 ) ORDER BY sort asc  [ RunTime:0.000077s ]
SQL: SELECT `id`,`pid`,`title`,`url`,`tip` FROM `cishoo_menu` WHERE ( `group` = '行为管理' ) AND ( `pid` = 16 ) AND ( `hide` = 0 ) ORDER BY sort asc  [ RunTime:0.000078s ]
SQL: SELECT `id`,`pid`,`title`,`url`,`tip` FROM `cishoo_menu` WHERE ( `group` = '' ) AND ( `pid` = 16 ) AND ( `hide` = 0 ) ORDER BY sort asc  [ RunTime:0.000079s ]
SQL: SHOW COLUMNS FROM `cishoo_member` [ RunTime:0.002931s ]
SQL: SELECT COUNT(*) AS tp_count FROM `cishoo_member` WHERE ( `status` >= 0 ) AND ( `nickname` LIKE '%%' ) LIMIT 1   [ RunTime:0.000141s ]
SQL: SELECT `uid`,`nickname`,`sex`,`birthday`,`qq`,`score`,`login`,`reg_ip`,`reg_time`,`last_login_ip`,`last_login_time`,`status` FROM `cishoo_member` WHERE ( `status` >= 0 ) AND ( `nickname` LIKE '%%' ) ORDER BY uid desc LIMIT 0,10   [ RunTime:0.000166s ]
INFO: [ view_parse ] --START--
INFO: [ template_filter ] --START--
INFO: Run Behavior\ContentReplace [ RunTime:0.000112s ]
INFO: [ template_filter ] --END-- [ RunTime:0.000132s ]
INFO: Run Behavior\ParseTemplate [ RunTime:0.006910s ]
INFO: [ view_parse ] --END-- [ RunTime:0.006937s ]
INFO: [ view_filter ] --START--
INFO: Run Behavior\WriteHtmlCache [ RunTime:0.000172s ]
INFO: [ view_filter ] --END-- [ RunTime:0.000184s ]
INFO: [ app_end ] --START--
INFO: Run Behavior\ShowPageTrace [ RunTime:0.000153s ]
INFO: [ app_end ] --END-- [ RunTime:0.000167s ]

[ 2016-11-08T11:05:28+08:00 ] 192.168.19.1 /Home/Index/index
SQL: SHOW COLUMNS FROM `cishoo_category` [ RunTime:0.000460s ]
SQL: SELECT `id` FROM `cishoo_category` WHERE ( `name` = 'product_introduce' ) LIMIT 1   [ RunTime:0.000121s ]
SQL: SELECT * FROM `cishoo_category` WHERE ( `pid` = 41 )  [ RunTime:0.000151s ]
SQL: SELECT `id` FROM `cishoo_category` WHERE ( `name` = 'product_instruction' ) LIMIT 1   [ RunTime:0.000133s ]
SQL: SELECT * FROM `cishoo_category` WHERE ( `pid` = 40 )  [ RunTime:0.000133s ]
SQL: SHOW COLUMNS FROM `cishoo_front_picture` [ RunTime:0.000352s ]
SQL: SELECT * FROM `cishoo_front_picture` WHERE ( `type` = 'banner' ) AND ( `deleted` = 0 )  [ RunTime:0.000123s ]
SQL: SELECT `id` FROM `cishoo_category` WHERE ( `name` = 'index_product' ) LIMIT 1   [ RunTime:0.000127s ]
SQL: SHOW COLUMNS FROM `cishoo_document` [ RunTime:0.000458s ]
SQL: SELECT * FROM `cishoo_document` WHERE ( `category_id` = 2 ) AND ( `status` = 1 ) ORDER BY level LIMIT 2   [ RunTime:0.000129s ]
SQL: SHOW COLUMNS FROM `cishoo_document_article` [ RunTime:0.000411s ]
SQL: SELECT * FROM `cishoo_document_article` WHERE ( `id` = 1 ) LIMIT 1   [ RunTime:0.000141s ]
SQL: SELECT * FROM `cishoo_document_article` WHERE ( `id` = 2 ) LIMIT 1   [ RunTime:0.000144s ]
SQL: SELECT `id` FROM `cishoo_category` WHERE ( `name` = 'index_prodecut_descript' ) LIMIT 1   [ RunTime:0.000098s ]
SQL: SELECT * FROM `cishoo_document` WHERE ( `category_id` = 39 ) AND ( `status` = 1 ) ORDER BY level LIMIT 2   [ RunTime:0.000101s ]
SQL: SELECT * FROM `cishoo_document_article` WHERE ( `id` = 3 ) LIMIT 1   [ RunTime:0.000098s ]
SQL: SELECT * FROM `cishoo_document_article` WHERE ( `id` = 4 ) LIMIT 1   [ RunTime:0.000190s ]
SQL: SHOW COLUMNS FROM `cishoo_front_picture` [ RunTime:0.000284s ]
SQL: SELECT `picture_id` FROM `cishoo_front_picture` WHERE ( `type` = 'video' ) ORDER BY id desc LIMIT 1   [ RunTime:0.000052s ]
SQL: SHOW COLUMNS FROM `cishoo_file` [ RunTime:0.000522s ]
SQL: SELECT * FROM `cishoo_file` WHERE ( `id` = 40 )  [ RunTime:0.000094s ]
INFO: [ view_parse ] --START--
INFO: [ template_filter ] --START--
INFO: Run Behavior\ContentReplace [ RunTime:0.000097s ]
INFO: [ template_filter ] --END-- [ RunTime:0.000122s ]
SQL: SHOW COLUMNS FROM `cishoo_picture` [ RunTime:0.000673s ]
SQL: SELECT * FROM `cishoo_picture` WHERE ( `status` = 1 ) AND ( `id` = 7 ) LIMIT 1   [ RunTime:0.000112s ]
SQL: SELECT * FROM `cishoo_picture` WHERE ( `status` = 1 ) AND ( `id` = 7 ) LIMIT 1   [ RunTime:0.000103s ]
SQL: SELECT * FROM `cishoo_picture` WHERE ( `status` = 1 ) AND ( `id` = 7 ) LIMIT 1   [ RunTime:0.000100s ]
SQL: SELECT * FROM `cishoo_picture` WHERE ( `status` = 1 ) AND ( `id` = 7 ) LIMIT 1   [ RunTime:0.000100s ]
SQL: SELECT * FROM `cishoo_picture` WHERE ( `status` = 1 ) AND ( `id` = 22 ) LIMIT 1   [ RunTime:0.000151s ]
SQL: SELECT * FROM `cishoo_picture` WHERE ( `status` = 1 ) AND ( `id` = 25 ) LIMIT 1   [ RunTime:0.000103s ]
SQL: SELECT * FROM `cishoo_picture` WHERE ( `status` = 1 ) AND ( `id` = 21 ) LIMIT 1   [ RunTime:0.000101s ]
SQL: SELECT * FROM `cishoo_picture` WHERE ( `status` = 1 ) AND ( `id` = 24 ) LIMIT 1   [ RunTime:0.000115s ]
SQL: SELECT * FROM `cishoo_picture` WHERE ( `status` = 1 ) AND ( `id` = 6 ) LIMIT 1   [ RunTime:0.000163s ]
SQL: SELECT * FROM `cishoo_picture` WHERE ( `status` = 1 ) AND ( `id` = 6 ) LIMIT 1   [ RunTime:0.000098s ]
INFO: Run Behavior\ParseTemplate [ RunTime:0.010797s ]
INFO: [ view_parse ] --END-- [ RunTime:0.010812s ]
INFO: [ view_filter ] --START--
INFO: Run Behavior\WriteHtmlCache [ RunTime:0.000287s ]
INFO: [ view_filter ] --END-- [ RunTime:0.000300s ]
INFO: [ app_end ] --START--
INFO: Run Behavior\ShowPageTrace [ RunTime:0.000173s ]
INFO: [ app_end ] --END-- [ RunTime:0.000188s ]

[ 2016-11-08T11:05:28+08:00 ] 192.168.19.1 /Home/Index/index
SQL: SHOW COLUMNS FROM `cishoo_category` [ RunTime:0.000422s ]
SQL: SELECT `id` FROM `cishoo_category` WHERE ( `name` = 'product_introduce' ) LIMIT 1   [ RunTime:0.000130s ]
SQL: SELECT * FROM `cishoo_category` WHERE ( `pid` = 41 )  [ RunTime:0.000126s ]
SQL: SELECT `id` FROM `cishoo_category` WHERE ( `name` = 'product_instruction' ) LIMIT 1   [ RunTime:0.000122s ]
SQL: SELECT * FROM `cishoo_category` WHERE ( `pid` = 40 )  [ RunTime:0.000130s ]
SQL: SHOW COLUMNS FROM `cishoo_front_picture` [ RunTime:0.000319s ]
SQL: SELECT * FROM `cishoo_front_picture` WHERE ( `type` = 'banner' ) AND ( `deleted` = 0 )  [ RunTime:0.000086s ]
SQL: SELECT `id` FROM `cishoo_category` WHERE ( `name` = 'index_product' ) LIMIT 1   [ RunTime:0.000078s ]
SQL: SHOW COLUMNS FROM `cishoo_document` [ RunTime:0.000342s ]
SQL: SELECT * FROM `cishoo_document` WHERE ( `category_id` = 2 ) AND ( `status` = 1 ) ORDER BY level LIMIT 2   [ RunTime:0.000099s ]
SQL: SHOW COLUMNS FROM `cishoo_document_article` [ RunTime:0.000287s ]
SQL: SELECT * FROM `cishoo_document_article` WHERE ( `id` = 1 ) LIMIT 1   [ RunTime:0.000093s ]
SQL: SELECT * FROM `cishoo_document_article` WHERE ( `id` = 2 ) LIMIT 1   [ RunTime:0.000084s ]
SQL: SELECT `id` FROM `cishoo_category` WHERE ( `name` = 'index_prodecut_descript' ) LIMIT 1   [ RunTime:0.000097s ]
SQL: SELECT * FROM `cishoo_document` WHERE ( `category_id` = 39 ) AND ( `status` = 1 ) ORDER BY level LIMIT 2   [ RunTime:0.000110s ]
SQL: SELECT * FROM `cishoo_document_article` WHERE ( `id` = 3 ) LIMIT 1   [ RunTime:0.000075s ]
SQL: SELECT * FROM `cishoo_document_article` WHERE ( `id` = 4 ) LIMIT 1   [ RunTime:0.000072s ]
SQL: SHOW COLUMNS FROM `cishoo_front_picture` [ RunTime:0.000313s ]
SQL: SELECT `picture_id` FROM `cishoo_front_picture` WHERE ( `type` = 'video' ) ORDER BY id desc LIMIT 1   [ RunTime:0.000089s ]
SQL: SHOW COLUMNS FROM `cishoo_file` [ RunTime:0.000333s ]
SQL: SELECT * FROM `cishoo_file` WHERE ( `id` = 40 )  [ RunTime:0.000077s ]
INFO: [ view_parse ] --START--
INFO: [ template_filter ] --START--
INFO: Run Behavior\ContentReplace [ RunTime:0.000097s ]
INFO: [ template_filter ] --END-- [ RunTime:0.000120s ]
SQL: SHOW COLUMNS FROM `cishoo_picture` [ RunTime:0.000558s ]
SQL: SELECT * FROM `cishoo_picture` WHERE ( `status` = 1 ) AND ( `id` = 7 ) LIMIT 1   [ RunTime:0.000145s ]
SQL: SELECT * FROM `cishoo_picture` WHERE ( `status` = 1 ) AND ( `id` = 7 ) LIMIT 1   [ RunTime:0.000144s ]
SQL: SELECT * FROM `cishoo_picture` WHERE ( `status` = 1 ) AND ( `id` = 7 ) LIMIT 1   [ RunTime:0.000143s ]
SQL: SELECT * FROM `cishoo_picture` WHERE ( `status` = 1 ) AND ( `id` = 7 ) LIMIT 1   [ RunTime:0.000134s ]
SQL: SELECT * FROM `cishoo_picture` WHERE ( `status` = 1 ) AND ( `id` = 22 ) LIMIT 1   [ RunTime:0.000112s ]
SQL: SELECT * FROM `cishoo_picture` WHERE ( `status` = 1 ) AND ( `id` = 25 ) LIMIT 1   [ RunTime:0.000107s ]
SQL: SELECT * FROM `cishoo_picture` WHERE ( `status` = 1 ) AND ( `id` = 21 ) LIMIT 1   [ RunTime:0.000100s ]
SQL: SELECT * FROM `cishoo_picture` WHERE ( `status` = 1 ) AND ( `id` = 24 ) LIMIT 1   [ RunTime:0.000084s ]
SQL: SELECT * FROM `cishoo_picture` WHERE ( `status` = 1 ) AND ( `id` = 6 ) LIMIT 1   [ RunTime:0.000083s ]
SQL: SELECT * FROM `cishoo_picture` WHERE ( `status` = 1 ) AND ( `id` = 6 ) LIMIT 1   [ RunTime:0.000080s ]
INFO: Run Behavior\ParseTemplate [ RunTime:0.008557s ]
INFO: [ view_parse ] --END-- [ RunTime:0.008568s ]
INFO: [ view_filter ] --START--
INFO: Run Behavior\WriteHtmlCache [ RunTime:0.000021s ]
INFO: [ view_filter ] --END-- [ RunTime:0.000029s ]
INFO: [ app_end ] --START--
INFO: Run Behavior\ShowPageTrace [ RunTime:0.000014s ]
INFO: [ app_end ] --END-- [ RunTime:0.000055s ]

[ 2016-11-08T11:05:34+08:00 ] 192.168.19.1 /Admin/Public/login.html
INFO: [ view_parse ] --START--
INFO: [ template_filter ] --START--
INFO: Run Behavior\ContentReplace [ RunTime:0.000089s ]
INFO: [ template_filter ] --END-- [ RunTime:0.000119s ]
INFO: Run Behavior\ParseTemplate [ RunTime:0.006687s ]
INFO: [ view_parse ] --END-- [ RunTime:0.006753s ]
INFO: [ view_filter ] --START--
INFO: Run Behavior\WriteHtmlCache [ RunTime:0.000339s ]
INFO: [ view_filter ] --END-- [ RunTime:0.000363s ]
INFO: [ app_end ] --START--
INFO: Run Behavior\ShowPageTrace [ RunTime:0.000311s ]
INFO: [ app_end ] --END-- [ RunTime:0.000335s ]

[ 2016-11-08T11:05:40+08:00 ] 192.168.19.1 /Admin/Public/login.html
INFO: [ app_begin ] --START--
INFO: Run Behavior\ReadHtmlCache [ RunTime:0.000349s ]
INFO: [ app_begin ] --END-- [ RunTime:0.000762s ]
SQL: SHOW COLUMNS FROM `cishoo_ucenter_member` [ RunTime:0.000531s ]
SQL: SELECT * FROM `cishoo_ucenter_member` WHERE ( `username` = 'admin' ) LIMIT 1   [ RunTime:0.000329s ]
SQL: UPDATE `cishoo_ucenter_member` SET `last_login_time`=1478574340,`last_login_ip`='3232240385' WHERE ( `id` = 1 ) [ RunTime:0.001120s ]
SQL: SHOW COLUMNS FROM `cishoo_member` [ RunTime:0.000508s ]
SQL: SELECT `uid`,`nickname`,`sex`,`birthday`,`qq`,`score`,`login`,`reg_ip`,`reg_time`,`last_login_ip`,`last_login_time`,`status` FROM `cishoo_member` WHERE ( `uid` = 1 ) LIMIT 1   [ RunTime:0.000294s ]
SQL: SHOW COLUMNS FROM `cishoo_action` [ RunTime:0.000419s ]
SQL: SELECT * FROM `cishoo_action` WHERE ( `name` = 'user_login' ) LIMIT 1   [ RunTime:0.000128s ]
SQL: SHOW COLUMNS FROM `cishoo_action_log` [ RunTime:0.000403s ]
SQL: INSERT INTO `cishoo_action_log` (`action_id`,`user_id`,`action_ip`,`model`,`record_id`,`create_time`,`remark`) VALUES (1,1,3232240385,'member',1,1478574340,'admin在2016-11-08 11:05登录了后台') [ RunTime:0.001158s ]
SQL: SELECT * FROM `cishoo_action` WHERE ( `name` = 'user_login' ) LIMIT 1   [ RunTime:0.000112s ]
NOTIC: [8] Undefined offset: 1 /opt/ubuntu/webvr/Application/Common/Common/function.php 第 721 行.
NOTIC: [2] array_key_exists() expects parameter 2 to be array, null given /opt/ubuntu/webvr/Application/Common/Common/function.php 第 721 行.
SQL: SELECT COUNT(*) AS tp_count FROM `cishoo_action_log` WHERE ( `action_id` = 1 ) AND ( `user_id` = 1 ) AND ( `create_time` > 1478487940 ) LIMIT 1   [ RunTime:0.000311s ]
SQL: UPDATE `cishoo_member` SET `login`=`login`+1,`last_login_time`=1478574340,`last_login_ip`='3232240385' WHERE ( `uid` = 1 ) [ RunTime:0.001288s ]

[ 2016-11-08T11:05:40+08:00 ] 192.168.19.1 /Admin/Index/index.html
SQL: SHOW COLUMNS FROM `cishoo_menu` [ RunTime:0.000524s ]
SQL: SELECT * FROM `cishoo_menu` WHERE ( `pid` = 0 ) AND ( `hide` = 0 ) ORDER BY sort asc  [ RunTime:0.000172s ]
SQL: SELECT `id` FROM `cishoo_menu` WHERE ( url like '%Index/index%' ) LIMIT 1   [ RunTime:0.000149s ]
SQL: SHOW COLUMNS FROM `cishoo_menu` [ RunTime:0.000535s ]
SQL: SELECT `id`,`pid`,`title` FROM `cishoo_menu` WHERE ( id=1 ) LIMIT 1   [ RunTime:0.000151s ]
SQL: SELECT DISTINCT  `group` FROM `cishoo_menu` WHERE ( pid = 1 )  [ RunTime:0.000148s ]
SQL: SELECT `id`,`url` FROM `cishoo_menu` WHERE ( `pid` = 1 ) AND ( `hide` = 0 )  [ RunTime:0.000153s ]
INFO: [ view_parse ] --START--
INFO: [ template_filter ] --START--
INFO: Run Behavior\ContentReplace [ RunTime:0.000109s ]
INFO: [ template_filter ] --END-- [ RunTime:0.000128s ]
INFO: [ AdminIndex ] --START--
SQL: SHOW COLUMNS FROM `cishoo_addons` [ RunTime:0.000634s ]
SQL: SELECT `config` FROM `cishoo_addons` WHERE ( `name` = 'SiteStat' ) AND ( `status` = 1 ) LIMIT 1   [ RunTime:0.000152s ]
SQL: SHOW COLUMNS FROM `cishoo_member` [ RunTime:0.000470s ]
SQL: SELECT COUNT(*) AS tp_count FROM `cishoo_member` LIMIT 1   [ RunTime:0.000236s ]
SQL: SHOW COLUMNS FROM `cishoo_action_log` [ RunTime:0.000438s ]
SQL: SELECT COUNT(*) AS tp_count FROM `cishoo_action_log` LIMIT 1   [ RunTime:0.000312s ]
SQL: SHOW COLUMNS FROM `cishoo_document` [ RunTime:0.000546s ]
SQL: SELECT COUNT(*) AS tp_count FROM `cishoo_document` LIMIT 1   [ RunTime:0.000157s ]
SQL: SHOW COLUMNS FROM `cishoo_category` [ RunTime:0.000562s ]
SQL: SELECT COUNT(*) AS tp_count FROM `cishoo_category` LIMIT 1   [ RunTime:0.000149s ]
SQL: SHOW COLUMNS FROM `cishoo_model` [ RunTime:0.000515s ]
SQL: SELECT COUNT(*) AS tp_count FROM `cishoo_model` LIMIT 1   [ RunTime:0.000149s ]
INFO: [ view_parse ] --START--
INFO: [ template_filter ] --START--
INFO: Run Behavior\ContentReplace [ RunTime:0.000033s ]
INFO: [ template_filter ] --END-- [ RunTime:-0.010749s ]
INFO: Run Behavior\ParseTemplate [ RunTime:0.002815s ]
INFO: [ view_parse ] --END-- [ RunTime:0.002841s ]
INFO: [ view_filter ] --START--
INFO: Run Behavior\WriteHtmlCache [ RunTime:0.000216s ]
INFO: [ view_filter ] --END-- [ RunTime:0.000231s ]
INFO: Run SiteStat [ RunTime:0.009968s ]
SQL: SELECT `config` FROM `cishoo_addons` WHERE ( `name` = 'SystemInfo' ) AND ( `status` = 1 ) LIMIT 1   [ RunTime:0.000171s ]
INFO: [ view_parse ] --START--
INFO: [ template_filter ] --START--
INFO: Run Behavior\ContentReplace [ RunTime:0.000066s ]
INFO: [ template_filter ] --END-- [ RunTime:-0.078204s ]
SQL: select version() as v; [ RunTime:0.000712s ]
INFO: Run Behavior\ParseTemplate [ RunTime:0.011150s ]
INFO: [ view_parse ] --END-- [ RunTime:-0.062129s ]
INFO: [ view_filter ] --START--
INFO: Run Behavior\WriteHtmlCache [ RunTime:0.000013s ]
INFO: [ view_filter ] --END-- [ RunTime:-0.073154s ]
INFO: Run SystemInfo [ RunTime:0.073198s ]
SQL: SELECT `config` FROM `cishoo_addons` WHERE ( `name` = 'DevTeam' ) AND ( `status` = 1 ) LIMIT 1   [ RunTime:0.000227s ]
INFO: [ view_parse ] --START--
INFO: [ template_filter ] --START--
INFO: Run Behavior\ContentReplace [ RunTime:0.000034s ]
INFO: [ template_filter ] --END-- [ RunTime:-0.092277s ]
INFO: Run Behavior\ParseTemplate [ RunTime:0.004412s ]
INFO: [ view_parse ] --END-- [ RunTime:-0.078200s ]
INFO: [ view_filter ] --START--
INFO: Run Behavior\WriteHtmlCache [ RunTime:0.000007s ]
INFO: [ view_filter ] --END-- [ RunTime:-0.082426s ]
INFO: Run DevTeam [ RunTime:0.009232s ]
INFO: [ AdminIndex ] --END-- [ RunTime:0.092443s ]
INFO: Run Behavior\ParseTemplate [ RunTime:0.004515s ]
INFO: [ view_parse ] --END-- [ RunTime:-0.078200s ]
INFO: [ view_filter ] --START--
INFO: Run Behavior\WriteHtmlCache [ RunTime:0.000003s ]
INFO: [ view_filter ] --END-- [ RunTime:-0.082506s ]
INFO: [ app_end ] --START--
INFO: Run Behavior\ShowPageTrace [ RunTime:0.000377s ]
INFO: [ app_end ] --END-- [ RunTime:0.000407s ]

[ 2016-11-08T11:05:42+08:00 ] 192.168.19.1 /Admin/About/index.html
SQL: SHOW COLUMNS FROM `cishoo_menu` [ RunTime:0.000955s ]
SQL: SELECT * FROM `cishoo_menu` WHERE ( `pid` = 0 ) AND ( `hide` = 0 ) ORDER BY sort asc  [ RunTime:0.000616s ]
SQL: SELECT `id` FROM `cishoo_menu` WHERE ( url like '%About/index%' ) LIMIT 1   [ RunTime:0.000287s ]
SQL: SHOW COLUMNS FROM `cishoo_menu` [ RunTime:0.000942s ]
SQL: SELECT `id`,`pid`,`title` FROM `cishoo_menu` WHERE ( id=122 ) LIMIT 1   [ RunTime:0.000290s ]
SQL: SELECT `id`,`pid`,`title` FROM `cishoo_menu` WHERE ( id=123 ) LIMIT 1   [ RunTime:0.000282s ]
SQL: SELECT DISTINCT  `group` FROM `cishoo_menu` WHERE ( pid = 123 )  [ RunTime:0.000284s ]
SQL: SELECT `id`,`url` FROM `cishoo_menu` WHERE ( `pid` = 123 ) AND ( `hide` = 0 )  [ RunTime:0.000299s ]
SQL: SELECT `id`,`pid`,`title`,`url`,`tip` FROM `cishoo_menu` WHERE ( `group` = '网站管理' ) AND ( `pid` = 123 ) AND ( `hide` = 0 ) ORDER BY sort asc  [ RunTime:0.000306s ]
SQL: SELECT `id`,`pid`,`title`,`url`,`tip` FROM `cishoo_menu` WHERE ( `group` = '' ) AND ( `pid` = 123 ) AND ( `hide` = 0 ) ORDER BY sort asc  [ RunTime:0.000318s ]
SQL: SHOW COLUMNS FROM `cishoo_contact` [ RunTime:0.000921s ]
SQL: SELECT * FROM `cishoo_contact` LIMIT 1   [ RunTime:0.000306s ]
INFO: [ view_parse ] --START--
INFO: [ template_filter ] --START--
INFO: Run Behavior\ContentReplace [ RunTime:0.000135s ]
INFO: [ template_filter ] --END-- [ RunTime:0.000155s ]
INFO: Run Behavior\ParseTemplate [ RunTime:0.010691s ]
INFO: [ view_parse ] --END-- [ RunTime:0.010724s ]
INFO: [ view_filter ] --START--
INFO: Run Behavior\WriteHtmlCache [ RunTime:0.000199s ]
INFO: [ view_filter ] --END-- [ RunTime:0.000213s ]
INFO: [ app_end ] --START--
INFO: Run Behavior\ShowPageTrace [ RunTime:0.000188s ]
INFO: [ app_end ] --END-- [ RunTime:0.000205s ]

[ 2016-11-08T11:05:52+08:00 ] 192.168.19.1 /Admin/User/index.html
SQL: SHOW COLUMNS FROM `cishoo_menu` [ RunTime:0.000724s ]
SQL: SELECT * FROM `cishoo_menu` WHERE ( `pid` = 0 ) AND ( `hide` = 0 ) ORDER BY sort asc  [ RunTime:0.000391s ]
SQL: SELECT `id` FROM `cishoo_menu` WHERE ( url like '%User/index%' ) LIMIT 1   [ RunTime:0.000181s ]
SQL: SHOW COLUMNS FROM `cishoo_menu` [ RunTime:0.000627s ]
SQL: SELECT `id`,`pid`,`title` FROM `cishoo_menu` WHERE ( id=16 ) LIMIT 1   [ RunTime:0.000178s ]
SQL: SELECT DISTINCT  `group` FROM `cishoo_menu` WHERE ( pid = 16 )  [ RunTime:0.000226s ]
SQL: SELECT `id`,`url` FROM `cishoo_menu` WHERE ( `pid` = 16 ) AND ( `hide` = 0 )  [ RunTime:0.000177s ]
SQL: SELECT `id`,`pid`,`title`,`url`,`tip` FROM `cishoo_menu` WHERE ( `group` = '用户管理' ) AND ( `pid` = 16 ) AND ( `hide` = 0 ) ORDER BY sort asc  [ RunTime:0.000182s ]
SQL: SELECT `id`,`pid`,`title`,`url`,`tip` FROM `cishoo_menu` WHERE ( `group` = '行为管理' ) AND ( `pid` = 16 ) AND ( `hide` = 0 ) ORDER BY sort asc  [ RunTime:0.000184s ]
SQL: SELECT `id`,`pid`,`title`,`url`,`tip` FROM `cishoo_menu` WHERE ( `group` = '' ) AND ( `pid` = 16 ) AND ( `hide` = 0 ) ORDER BY sort asc  [ RunTime:0.000187s ]
SQL: SHOW COLUMNS FROM `cishoo_member` [ RunTime:0.000542s ]
SQL: SELECT COUNT(*) AS tp_count FROM `cishoo_member` WHERE ( `status` >= 0 ) AND ( `nickname` LIKE '%%' ) LIMIT 1   [ RunTime:0.000344s ]
SQL: SELECT `uid`,`nickname`,`sex`,`birthday`,`qq`,`score`,`login`,`reg_ip`,`reg_time`,`last_login_ip`,`last_login_time`,`status` FROM `cishoo_member` WHERE ( `status` >= 0 ) AND ( `nickname` LIKE '%%' ) ORDER BY uid desc LIMIT 0,10   [ RunTime:0.000342s ]
INFO: [ view_parse ] --START--
INFO: [ template_filter ] --START--
INFO: Run Behavior\ContentReplace [ RunTime:0.000180s ]
INFO: [ template_filter ] --END-- [ RunTime:0.000208s ]
INFO: Run Behavior\ParseTemplate [ RunTime:0.010556s ]
INFO: [ view_parse ] --END-- [ RunTime:0.010593s ]
INFO: [ view_filter ] --START--
INFO: Run Behavior\WriteHtmlCache [ RunTime:0.000271s ]
INFO: [ view_filter ] --END-- [ RunTime:0.000290s ]
INFO: [ app_end ] --START--
INFO: Run Behavior\ShowPageTrace [ RunTime:0.000249s ]
INFO: [ app_end ] --END-- [ RunTime:0.000272s ]

