[ 2016-11-10T14:11:08+08:00 ] 192.168.19.1 /Home/Index/index
SQL: SHOW COLUMNS FROM `cishoo_category` [ RunTime:0.000385s ]
SQL: SELECT `id` FROM `cishoo_category` WHERE ( `name` = 'product_introduce' ) LIMIT 1   [ RunTime:0.000168s ]
SQL: SELECT * FROM `cishoo_category` WHERE ( `pid` = 41 )  [ RunTime:0.000186s ]
SQL: SELECT `id` FROM `cishoo_category` WHERE ( `name` = 'product_instruction' ) LIMIT 1   [ RunTime:0.000155s ]
SQL: SELECT * FROM `cishoo_category` WHERE ( `pid` = 40 )  [ RunTime:0.000173s ]
SQL: SHOW COLUMNS FROM `cishoo_front_picture` [ RunTime:0.000310s ]
SQL: SELECT * FROM `cishoo_front_picture` WHERE ( `type` = 'banner' ) AND ( `deleted` = 0 )  [ RunTime:0.000171s ]
SQL: SELECT `id` FROM `cishoo_category` WHERE ( `name` = 'index_product' ) LIMIT 1   [ RunTime:0.000142s ]
SQL: SHOW COLUMNS FROM `cishoo_document` [ RunTime:0.000382s ]
SQL: SELECT * FROM `cishoo_document` WHERE ( `category_id` = 2 ) AND ( `status` = 1 ) ORDER BY level LIMIT 2   [ RunTime:0.000221s ]
SQL: SHOW COLUMNS FROM `cishoo_document_article` [ RunTime:0.000321s ]
SQL: SELECT * FROM `cishoo_document_article` WHERE ( `id` = 1 ) LIMIT 1   [ RunTime:0.000268s ]
SQL: SELECT * FROM `cishoo_document_article` WHERE ( `id` = 2 ) LIMIT 1   [ RunTime:0.000148s ]
SQL: SELECT `id` FROM `cishoo_category` WHERE ( `name` = 'index_prodecut_descript' ) LIMIT 1   [ RunTime:0.000140s ]
SQL: SELECT * FROM `cishoo_document` WHERE ( `category_id` = 39 ) AND ( `status` = 1 ) ORDER BY level LIMIT 2   [ RunTime:0.000204s ]
SQL: SELECT * FROM `cishoo_document_article` WHERE ( `id` = 3 ) LIMIT 1   [ RunTime:0.000136s ]
SQL: SELECT * FROM `cishoo_document_article` WHERE ( `id` = 4 ) LIMIT 1   [ RunTime:0.000125s ]
SQL: SHOW COLUMNS FROM `cishoo_front_picture` [ RunTime:0.000290s ]
SQL: SELECT `picture_id` FROM `cishoo_front_picture` WHERE ( `type` = 'video' ) ORDER BY id desc LIMIT 1   [ RunTime:0.000151s ]
SQL: SHOW COLUMNS FROM `cishoo_file` [ RunTime:0.000290s ]
SQL: SELECT * FROM `cishoo_file` WHERE ( `id` = 40 )  [ RunTime:0.000139s ]
INFO: [ view_parse ] --START--
INFO: [ template_filter ] --START--
INFO: Run Behavior\ContentReplace [ RunTime:0.000282s ]
INFO: [ template_filter ] --END-- [ RunTime:0.000336s ]
SQL: SHOW COLUMNS FROM `cishoo_picture` [ RunTime:0.000914s ]
SQL: SELECT * FROM `cishoo_picture` WHERE ( `status` = 1 ) AND ( `id` = 7 ) LIMIT 1   [ RunTime:0.001248s ]
SQL: SELECT * FROM `cishoo_picture` WHERE ( `status` = 1 ) AND ( `id` = 7 ) LIMIT 1   [ RunTime:0.000159s ]
SQL: SELECT * FROM `cishoo_picture` WHERE ( `status` = 1 ) AND ( `id` = 7 ) LIMIT 1   [ RunTime:0.000419s ]
SQL: SELECT * FROM `cishoo_picture` WHERE ( `status` = 1 ) AND ( `id` = 7 ) LIMIT 1   [ RunTime:0.000273s ]
SQL: SELECT * FROM `cishoo_picture` WHERE ( `status` = 1 ) AND ( `id` = 22 ) LIMIT 1   [ RunTime:0.000243s ]
SQL: SELECT * FROM `cishoo_picture` WHERE ( `status` = 1 ) AND ( `id` = 25 ) LIMIT 1   [ RunTime:0.000247s ]
SQL: SELECT * FROM `cishoo_picture` WHERE ( `status` = 1 ) AND ( `id` = 21 ) LIMIT 1   [ RunTime:0.000173s ]
SQL: SELECT * FROM `cishoo_picture` WHERE ( `status` = 1 ) AND ( `id` = 24 ) LIMIT 1   [ RunTime:0.000211s ]
SQL: SELECT * FROM `cishoo_picture` WHERE ( `status` = 1 ) AND ( `id` = 6 ) LIMIT 1   [ RunTime:0.000167s ]
SQL: SELECT * FROM `cishoo_picture` WHERE ( `status` = 1 ) AND ( `id` = 6 ) LIMIT 1   [ RunTime:0.000114s ]
INFO: Run Behavior\ParseTemplate [ RunTime:0.069774s ]
INFO: [ view_parse ] --END-- [ RunTime:0.069793s ]
INFO: [ view_filter ] --START--
INFO: Run Behavior\WriteHtmlCache [ RunTime:0.001040s ]
INFO: [ view_filter ] --END-- [ RunTime:0.001057s ]
INFO: [ app_end ] --START--
INFO: Run Behavior\ShowPageTrace [ RunTime:0.001271s ]
INFO: [ app_end ] --END-- [ RunTime:0.001289s ]

[ 2016-11-10T14:11:08+08:00 ] 192.168.19.1 /Home/Index/index
SQL: SHOW COLUMNS FROM `cishoo_category` [ RunTime:0.000757s ]
SQL: SELECT `id` FROM `cishoo_category` WHERE ( `name` = 'product_introduce' ) LIMIT 1   [ RunTime:0.001172s ]
SQL: SELECT * FROM `cishoo_category` WHERE ( `pid` = 41 )  [ RunTime:0.000178s ]
SQL: SELECT `id` FROM `cishoo_category` WHERE ( `name` = 'product_instruction' ) LIMIT 1   [ RunTime:0.000349s ]
SQL: SELECT * FROM `cishoo_category` WHERE ( `pid` = 40 )  [ RunTime:0.000781s ]
SQL: SHOW COLUMNS FROM `cishoo_front_picture` [ RunTime:0.002462s ]
SQL: SELECT * FROM `cishoo_front_picture` WHERE ( `type` = 'banner' ) AND ( `deleted` = 0 )  [ RunTime:0.003015s ]
SQL: SELECT `id` FROM `cishoo_category` WHERE ( `name` = 'index_product' ) LIMIT 1   [ RunTime:0.146291s ]
SQL: SHOW COLUMNS FROM `cishoo_document` [ RunTime:0.024650s ]
SQL: SELECT * FROM `cishoo_document` WHERE ( `category_id` = 2 ) AND ( `status` = 1 ) ORDER BY level LIMIT 2   [ RunTime:0.065033s ]
SQL: SHOW COLUMNS FROM `cishoo_document_article` [ RunTime:0.084716s ]
SQL: SELECT * FROM `cishoo_document_article` WHERE ( `id` = 1 ) LIMIT 1   [ RunTime:0.000303s ]
SQL: SELECT * FROM `cishoo_document_article` WHERE ( `id` = 2 ) LIMIT 1   [ RunTime:0.000368s ]
SQL: SELECT `id` FROM `cishoo_category` WHERE ( `name` = 'index_prodecut_descript' ) LIMIT 1   [ RunTime:0.000467s ]
SQL: SELECT * FROM `cishoo_document` WHERE ( `category_id` = 39 ) AND ( `status` = 1 ) ORDER BY level LIMIT 2   [ RunTime:0.000499s ]
SQL: SELECT * FROM `cishoo_document_article` WHERE ( `id` = 3 ) LIMIT 1   [ RunTime:0.003598s ]
SQL: SELECT * FROM `cishoo_document_article` WHERE ( `id` = 4 ) LIMIT 1   [ RunTime:0.004637s ]
SQL: SHOW COLUMNS FROM `cishoo_front_picture` [ RunTime:0.002081s ]
SQL: SELECT `picture_id` FROM `cishoo_front_picture` WHERE ( `type` = 'video' ) ORDER BY id desc LIMIT 1   [ RunTime:0.036913s ]
SQL: SHOW COLUMNS FROM `cishoo_file` [ RunTime:0.050491s ]
SQL: SELECT * FROM `cishoo_file` WHERE ( `id` = 40 )  [ RunTime:0.000094s ]
INFO: [ view_parse ] --START--
INFO: [ template_filter ] --START--
INFO: Run Behavior\ContentReplace [ RunTime:0.000107s ]
INFO: [ template_filter ] --END-- [ RunTime:0.000134s ]
SQL: SHOW COLUMNS FROM `cishoo_picture` [ RunTime:0.000449s ]
SQL: SELECT * FROM `cishoo_picture` WHERE ( `status` = 1 ) AND ( `id` = 7 ) LIMIT 1   [ RunTime:0.000054s ]
SQL: SELECT * FROM `cishoo_picture` WHERE ( `status` = 1 ) AND ( `id` = 7 ) LIMIT 1   [ RunTime:0.000041s ]
SQL: SELECT * FROM `cishoo_picture` WHERE ( `status` = 1 ) AND ( `id` = 7 ) LIMIT 1   [ RunTime:0.000038s ]
SQL: SELECT * FROM `cishoo_picture` WHERE ( `status` = 1 ) AND ( `id` = 7 ) LIMIT 1   [ RunTime:0.000038s ]
SQL: SELECT * FROM `cishoo_picture` WHERE ( `status` = 1 ) AND ( `id` = 22 ) LIMIT 1   [ RunTime:0.000039s ]
SQL: SELECT * FROM `cishoo_picture` WHERE ( `status` = 1 ) AND ( `id` = 25 ) LIMIT 1   [ RunTime:0.000039s ]
SQL: SELECT * FROM `cishoo_picture` WHERE ( `status` = 1 ) AND ( `id` = 21 ) LIMIT 1   [ RunTime:0.000038s ]
SQL: SELECT * FROM `cishoo_picture` WHERE ( `status` = 1 ) AND ( `id` = 24 ) LIMIT 1   [ RunTime:0.000037s ]
SQL: SELECT * FROM `cishoo_picture` WHERE ( `status` = 1 ) AND ( `id` = 6 ) LIMIT 1   [ RunTime:0.000038s ]
SQL: SELECT * FROM `cishoo_picture` WHERE ( `status` = 1 ) AND ( `id` = 6 ) LIMIT 1   [ RunTime:0.000037s ]
INFO: Run Behavior\ParseTemplate [ RunTime:0.025311s ]
INFO: [ view_parse ] --END-- [ RunTime:0.025327s ]
INFO: [ view_filter ] --START--
INFO: Run Behavior\WriteHtmlCache [ RunTime:0.000046s ]
INFO: [ view_filter ] --END-- [ RunTime:0.000054s ]
INFO: [ app_end ] --START--
INFO: Run Behavior\ShowPageTrace [ RunTime:0.000020s ]
INFO: [ app_end ] --END-- [ RunTime:0.000066s ]

[ 2016-11-10T14:11:12+08:00 ] 192.168.19.1 /Admin/Public/login.html
INFO: [ view_parse ] --START--
INFO: [ template_filter ] --START--
INFO: Run Behavior\ContentReplace [ RunTime:0.000074s ]
INFO: [ template_filter ] --END-- [ RunTime:0.000103s ]
INFO: Run Behavior\ParseTemplate [ RunTime:0.010177s ]
INFO: [ view_parse ] --END-- [ RunTime:0.010210s ]
INFO: [ view_filter ] --START--
INFO: Run Behavior\WriteHtmlCache [ RunTime:0.000162s ]
INFO: [ view_filter ] --END-- [ RunTime:0.000173s ]
INFO: [ app_end ] --START--
INFO: Run Behavior\ShowPageTrace [ RunTime:0.000152s ]
INFO: [ app_end ] --END-- [ RunTime:0.000164s ]

[ 2016-11-10T14:11:17+08:00 ] 192.168.19.1 /Admin/Public/login.html
INFO: [ app_begin ] --START--
INFO: Run Behavior\ReadHtmlCache [ RunTime:0.000142s ]
INFO: [ app_begin ] --END-- [ RunTime:0.000317s ]

[ 2016-11-10T14:11:21+08:00 ] 192.168.19.1 /Admin/Public/login.html
INFO: [ app_begin ] --START--
INFO: Run Behavior\ReadHtmlCache [ RunTime:0.000194s ]
INFO: [ app_begin ] --END-- [ RunTime:0.000431s ]
SQL: SHOW COLUMNS FROM `cishoo_ucenter_member` [ RunTime:0.000429s ]
SQL: SELECT * FROM `cishoo_ucenter_member` WHERE ( `username` = 'admin' ) LIMIT 1   [ RunTime:0.000251s ]

[ 2016-11-10T14:11:28+08:00 ] 192.168.19.1 /Admin/Public/login.html
INFO: [ app_begin ] --START--
INFO: Run Behavior\ReadHtmlCache [ RunTime:0.000291s ]
INFO: [ app_begin ] --END-- [ RunTime:0.000572s ]
SQL: SHOW COLUMNS FROM `cishoo_ucenter_member` [ RunTime:0.000719s ]
SQL: SELECT * FROM `cishoo_ucenter_member` WHERE ( `username` = 'admin' ) LIMIT 1   [ RunTime:0.000202s ]
SQL: UPDATE `cishoo_ucenter_member` SET `last_login_time`=1478758288,`last_login_ip`='3232240385' WHERE ( `id` = 1 ) [ RunTime:0.022478s ]
SQL: SHOW COLUMNS FROM `cishoo_member` [ RunTime:0.000736s ]
SQL: SELECT `uid`,`nickname`,`sex`,`birthday`,`qq`,`score`,`login`,`reg_ip`,`reg_time`,`last_login_ip`,`last_login_time`,`status` FROM `cishoo_member` WHERE ( `uid` = 1 ) LIMIT 1   [ RunTime:0.000361s ]
SQL: SHOW COLUMNS FROM `cishoo_action` [ RunTime:0.000593s ]
SQL: SELECT * FROM `cishoo_action` WHERE ( `name` = 'user_login' ) LIMIT 1   [ RunTime:0.000326s ]
SQL: SHOW COLUMNS FROM `cishoo_action_log` [ RunTime:0.002047s ]
SQL: INSERT INTO `cishoo_action_log` (`action_id`,`user_id`,`action_ip`,`model`,`record_id`,`create_time`,`remark`) VALUES (1,1,3232240385,'member',1,1478758288,'admin在2016-11-10 14:11登录了后台') [ RunTime:0.003224s ]
SQL: SELECT * FROM `cishoo_action` WHERE ( `name` = 'user_login' ) LIMIT 1   [ RunTime:0.000399s ]
NOTIC: [8] Undefined offset: 1 /opt/ubuntu/webvr/Application/Common/Common/function.php 第 721 行.
NOTIC: [2] array_key_exists() expects parameter 2 to be array, null given /opt/ubuntu/webvr/Application/Common/Common/function.php 第 721 行.
SQL: SELECT COUNT(*) AS tp_count FROM `cishoo_action_log` WHERE ( `action_id` = 1 ) AND ( `user_id` = 1 ) AND ( `create_time` > 1478671888 ) LIMIT 1   [ RunTime:0.000843s ]
SQL: SHOW COLUMNS FROM `cishoo_member` [ RunTime:0.001402s ]
SQL: UPDATE `cishoo_member` SET `score`=score+10 WHERE ( uid=1 AND status>-1 ) [ RunTime:0.009876s ]
SQL: UPDATE `cishoo_member` SET `login`=`login`+1,`last_login_time`=1478758288,`last_login_ip`='3232240385' WHERE ( `uid` = 1 ) [ RunTime:0.002405s ]

[ 2016-11-10T14:11:28+08:00 ] 192.168.19.1 /Admin/Index/index.html
SQL: SHOW COLUMNS FROM `cishoo_menu` [ RunTime:0.000956s ]
SQL: SELECT * FROM `cishoo_menu` WHERE ( `pid` = 0 ) AND ( `hide` = 0 ) ORDER BY sort asc  [ RunTime:0.001589s ]
SQL: SELECT `id` FROM `cishoo_menu` WHERE ( url like '%Index/index%' ) LIMIT 1   [ RunTime:0.000580s ]
SQL: SHOW COLUMNS FROM `cishoo_menu` [ RunTime:0.000453s ]
SQL: SELECT `id`,`pid`,`title` FROM `cishoo_menu` WHERE ( id=1 ) LIMIT 1   [ RunTime:0.000193s ]
SQL: SELECT DISTINCT  `group` FROM `cishoo_menu` WHERE ( pid = 1 )  [ RunTime:0.000199s ]
SQL: SELECT `id`,`url` FROM `cishoo_menu` WHERE ( `pid` = 1 ) AND ( `hide` = 0 )  [ RunTime:0.000193s ]
INFO: [ view_parse ] --START--
INFO: [ template_filter ] --START--
INFO: Run Behavior\ContentReplace [ RunTime:0.000078s ]
INFO: [ template_filter ] --END-- [ RunTime:0.000104s ]
INFO: [ AdminIndex ] --START--
SQL: SHOW COLUMNS FROM `cishoo_addons` [ RunTime:0.000505s ]
SQL: SELECT `config` FROM `cishoo_addons` WHERE ( `name` = 'SiteStat' ) AND ( `status` = 1 ) LIMIT 1   [ RunTime:0.000216s ]
SQL: SHOW COLUMNS FROM `cishoo_member` [ RunTime:0.000369s ]
SQL: SELECT COUNT(*) AS tp_count FROM `cishoo_member` LIMIT 1   [ RunTime:0.000176s ]
SQL: SHOW COLUMNS FROM `cishoo_action_log` [ RunTime:0.000328s ]
SQL: SELECT COUNT(*) AS tp_count FROM `cishoo_action_log` LIMIT 1   [ RunTime:0.000157s ]
SQL: SHOW COLUMNS FROM `cishoo_document` [ RunTime:0.000415s ]
SQL: SELECT COUNT(*) AS tp_count FROM `cishoo_document` LIMIT 1   [ RunTime:0.000167s ]
SQL: SHOW COLUMNS FROM `cishoo_category` [ RunTime:0.000414s ]
SQL: SELECT COUNT(*) AS tp_count FROM `cishoo_category` LIMIT 1   [ RunTime:0.000152s ]
SQL: SHOW COLUMNS FROM `cishoo_model` [ RunTime:0.000364s ]
SQL: SELECT COUNT(*) AS tp_count FROM `cishoo_model` LIMIT 1   [ RunTime:0.000148s ]
INFO: [ view_parse ] --START--
INFO: [ template_filter ] --START--
INFO: Run Behavior\ContentReplace [ RunTime:0.000015s ]
INFO: [ template_filter ] --END-- [ RunTime:-0.047894s ]
INFO: Run Behavior\ParseTemplate [ RunTime:0.002404s ]
INFO: [ view_parse ] --END-- [ RunTime:0.002423s ]
INFO: [ view_filter ] --START--
INFO: Run Behavior\WriteHtmlCache [ RunTime:0.000156s ]
INFO: [ view_filter ] --END-- [ RunTime:0.000168s ]
INFO: Run SiteStat [ RunTime:0.047115s ]
SQL: SELECT `config` FROM `cishoo_addons` WHERE ( `name` = 'SystemInfo' ) AND ( `status` = 1 ) LIMIT 1   [ RunTime:0.000215s ]
INFO: [ view_parse ] --START--
INFO: [ template_filter ] --START--
INFO: Run Behavior\ContentReplace [ RunTime:0.000065s ]
INFO: [ template_filter ] --END-- [ RunTime:-0.111614s ]
SQL: select version() as v; [ RunTime:0.001076s ]
INFO: Run Behavior\ParseTemplate [ RunTime:0.011708s ]
INFO: [ view_parse ] --END-- [ RunTime:-0.058480s ]
INFO: [ view_filter ] --START--
INFO: Run Behavior\WriteHtmlCache [ RunTime:0.000012s ]
INFO: [ view_filter ] --END-- [ RunTime:-0.070105s ]
INFO: Run SystemInfo [ RunTime:0.070150s ]
SQL: SELECT `config` FROM `cishoo_addons` WHERE ( `name` = 'DevTeam' ) AND ( `status` = 1 ) LIMIT 1   [ RunTime:0.000889s ]
INFO: [ view_parse ] --START--
INFO: [ template_filter ] --START--
INFO: Run Behavior\ContentReplace [ RunTime:0.000063s ]
INFO: [ template_filter ] --END-- [ RunTime:-0.162962s ]
INFO: Run Behavior\ParseTemplate [ RunTime:0.011054s ]
INFO: [ view_parse ] --END-- [ RunTime:-0.108259s ]
INFO: [ view_filter ] --START--
INFO: Run Behavior\WriteHtmlCache [ RunTime:0.000013s ]
INFO: [ view_filter ] --END-- [ RunTime:-0.119281s ]
INFO: Run DevTeam [ RunTime:0.049169s ]
INFO: [ AdminIndex ] --END-- [ RunTime:0.166473s ]
INFO: Run Behavior\ParseTemplate [ RunTime:0.011284s ]
INFO: [ view_parse ] --END-- [ RunTime:-0.108259s ]
INFO: [ view_filter ] --START--
INFO: Run Behavior\WriteHtmlCache [ RunTime:0.000005s ]
INFO: [ view_filter ] --END-- [ RunTime:-0.119424s ]
INFO: [ app_end ] --START--
INFO: Run Behavior\ShowPageTrace [ RunTime:0.000734s ]
INFO: [ app_end ] --END-- [ RunTime:0.000793s ]

[ 2016-11-10T14:11:30+08:00 ] 192.168.19.1 /Admin/About/index.html
SQL: SHOW COLUMNS FROM `cishoo_menu` [ RunTime:0.000434s ]
SQL: SELECT * FROM `cishoo_menu` WHERE ( `pid` = 0 ) AND ( `hide` = 0 ) ORDER BY sort asc  [ RunTime:0.000135s ]
SQL: SELECT `id` FROM `cishoo_menu` WHERE ( url like '%About/index%' ) LIMIT 1   [ RunTime:0.000248s ]
SQL: SHOW COLUMNS FROM `cishoo_menu` [ RunTime:0.000426s ]
SQL: SELECT `id`,`pid`,`title` FROM `cishoo_menu` WHERE ( id=122 ) LIMIT 1   [ RunTime:0.000177s ]
SQL: SELECT `id`,`pid`,`title` FROM `cishoo_menu` WHERE ( id=123 ) LIMIT 1   [ RunTime:0.000173s ]
SQL: SELECT DISTINCT  `group` FROM `cishoo_menu` WHERE ( pid = 123 )  [ RunTime:0.000276s ]
SQL: SELECT `id`,`url` FROM `cishoo_menu` WHERE ( `pid` = 123 ) AND ( `hide` = 0 )  [ RunTime:0.000363s ]
SQL: SELECT `id`,`pid`,`title`,`url`,`tip` FROM `cishoo_menu` WHERE ( `group` = '网站管理' ) AND ( `pid` = 123 ) AND ( `hide` = 0 ) ORDER BY sort asc  [ RunTime:0.000290s ]
SQL: SELECT `id`,`pid`,`title`,`url`,`tip` FROM `cishoo_menu` WHERE ( `group` = '' ) AND ( `pid` = 123 ) AND ( `hide` = 0 ) ORDER BY sort asc  [ RunTime:0.000217s ]
SQL: SHOW COLUMNS FROM `cishoo_contact` [ RunTime:0.000379s ]
SQL: SELECT * FROM `cishoo_contact` LIMIT 1   [ RunTime:0.000123s ]
INFO: [ view_parse ] --START--
INFO: [ template_filter ] --START--
INFO: Run Behavior\ContentReplace [ RunTime:0.000110s ]
INFO: [ template_filter ] --END-- [ RunTime:0.000153s ]
INFO: Run Behavior\ParseTemplate [ RunTime:0.007252s ]
INFO: [ view_parse ] --END-- [ RunTime:0.007282s ]
INFO: [ view_filter ] --START--
INFO: Run Behavior\WriteHtmlCache [ RunTime:0.000191s ]
INFO: [ view_filter ] --END-- [ RunTime:0.000203s ]
INFO: [ app_end ] --START--
INFO: Run Behavior\ShowPageTrace [ RunTime:0.000174s ]
INFO: [ app_end ] --END-- [ RunTime:0.000188s ]

[ 2016-11-10T14:11:33+08:00 ] 192.168.19.1 /Admin/Job/index.html
SQL: SHOW COLUMNS FROM `cishoo_menu` [ RunTime:0.000485s ]
SQL: SELECT * FROM `cishoo_menu` WHERE ( `pid` = 0 ) AND ( `hide` = 0 ) ORDER BY sort asc  [ RunTime:0.000122s ]
SQL: SELECT `id` FROM `cishoo_menu` WHERE ( url like '%Job/index%' ) LIMIT 1   [ RunTime:0.000233s ]
SQL: SHOW COLUMNS FROM `cishoo_menu` [ RunTime:0.000479s ]
SQL: SELECT `id`,`pid`,`title` FROM `cishoo_menu` WHERE ( id=136 ) LIMIT 1   [ RunTime:0.000198s ]
SQL: SELECT `id`,`pid`,`title` FROM `cishoo_menu` WHERE ( id=123 ) LIMIT 1   [ RunTime:0.000548s ]
SQL: SELECT DISTINCT  `group` FROM `cishoo_menu` WHERE ( pid = 123 )  [ RunTime:0.000136s ]
SQL: SELECT `id`,`url` FROM `cishoo_menu` WHERE ( `pid` = 123 ) AND ( `hide` = 0 )  [ RunTime:0.000086s ]
SQL: SELECT `id`,`pid`,`title`,`url`,`tip` FROM `cishoo_menu` WHERE ( `group` = '网站管理' ) AND ( `pid` = 123 ) AND ( `hide` = 0 ) ORDER BY sort asc  [ RunTime:0.000086s ]
SQL: SELECT `id`,`pid`,`title`,`url`,`tip` FROM `cishoo_menu` WHERE ( `group` = '' ) AND ( `pid` = 123 ) AND ( `hide` = 0 ) ORDER BY sort asc  [ RunTime:0.000078s ]
SQL: SHOW COLUMNS FROM `cishoo_job_info` [ RunTime:0.000442s ]
SQL: SELECT COUNT(*) AS tp_count FROM `cishoo_job_info` WHERE ( `deleted` = 0 ) LIMIT 1   [ RunTime:0.000180s ]
SQL: SELECT `id`,`name`,`duty`,`qualified`,`create_time`,`update_time`,`deleted` FROM `cishoo_job_info` WHERE ( `deleted` = 0 ) ORDER BY id desc LIMIT 0,10   [ RunTime:0.000327s ]
INFO: [ view_parse ] --START--
INFO: [ template_filter ] --START--
INFO: Run Behavior\ContentReplace [ RunTime:0.000135s ]
INFO: [ template_filter ] --END-- [ RunTime:0.000168s ]
INFO: Run Behavior\ParseTemplate [ RunTime:0.007702s ]
INFO: [ view_parse ] --END-- [ RunTime:0.007734s ]
INFO: [ view_filter ] --START--
INFO: Run Behavior\WriteHtmlCache [ RunTime:0.000234s ]
INFO: [ view_filter ] --END-- [ RunTime:0.000249s ]
INFO: [ app_end ] --START--
INFO: Run Behavior\ShowPageTrace [ RunTime:0.000171s ]
INFO: [ app_end ] --END-- [ RunTime:0.000186s ]

[ 2016-11-10T14:24:56+08:00 ] 192.168.19.1 /Admin/Article/mydocument.html
SQL: SHOW COLUMNS FROM `cishoo_menu` [ RunTime:0.000436s ]
SQL: SELECT * FROM `cishoo_menu` WHERE ( `pid` = 0 ) AND ( `hide` = 0 ) ORDER BY sort asc  [ RunTime:0.000127s ]
SQL: SELECT `id` FROM `cishoo_menu` WHERE ( url like '%Article/mydocument%' ) LIMIT 1   [ RunTime:0.000200s ]
SQL: SHOW COLUMNS FROM `cishoo_menu` [ RunTime:0.000633s ]
SQL: SELECT `id`,`pid`,`title` FROM `cishoo_menu` WHERE ( id=2 ) LIMIT 1   [ RunTime:0.000186s ]
SQL: SELECT DISTINCT  `group` FROM `cishoo_menu` WHERE ( pid = 2 )  [ RunTime:0.000237s ]
SQL: SELECT `id`,`url` FROM `cishoo_menu` WHERE ( `pid` = 2 ) AND ( `hide` = 0 )  [ RunTime:0.000159s ]
SQL: SELECT `id`,`pid`,`title`,`url`,`tip` FROM `cishoo_menu` WHERE ( `group` = '内容' ) AND ( `pid` = 2 ) AND ( `hide` = 0 ) ORDER BY sort asc  [ RunTime:0.000179s ]
SQL: SHOW COLUMNS FROM `cishoo_auth_group_access` [ RunTime:0.000500s ]
SQL: SELECT `extend_id` FROM cishoo_auth_group_access g INNER JOIN cishoo_auth_extend c on g.group_id=c.group_id  WHERE ( g.uid='1' and c.type='1' and !isnull(extend_id) )  [ RunTime:0.000223s ]
SQL: SHOW COLUMNS FROM `cishoo_category` [ RunTime:0.000397s ]
SQL: SELECT `id`,`title`,`pid`,`allow_publish` FROM `cishoo_category` WHERE ( `status` = 1 ) ORDER BY pid,sort  [ RunTime:0.000176s ]
SQL: SHOW COLUMNS FROM `cishoo_document` [ RunTime:0.000577s ]
SQL: SELECT COUNT(*) AS tp_count FROM `cishoo_document` WHERE ( `status` IN ('0','1','2') ) AND ( `uid` = 1 ) AND ( `pid` = 0 ) LIMIT 1   [ RunTime:0.000239s ]
SQL: SELECT `id`,`uid`,`name`,`title`,`category_id`,`description`,`root`,`pid`,`model_id`,`type`,`position`,`link_id`,`cover_id`,`display`,`deadline`,`attach`,`view`,`comment`,`extend`,`level`,`create_time`,`update_time`,`status`,`title2`,`hover_cover_id`,`url` FROM `cishoo_document` WHERE ( `status` IN ('0','1','2') ) AND ( `uid` = 1 ) AND ( `pid` = 0 ) ORDER BY update_time desc LIMIT 0,10   [ RunTime:0.000325s ]
INFO: [ view_parse ] --START--
INFO: [ template_filter ] --START--
INFO: Run Behavior\ContentReplace [ RunTime:0.000180s ]
INFO: [ template_filter ] --END-- [ RunTime:0.000205s ]
SQL: SHOW COLUMNS FROM `cishoo_document` [ RunTime:0.000646s ]
SQL: SELECT COUNT(*) AS tp_count FROM `cishoo_document` WHERE ( pid=44 ) LIMIT 1   [ RunTime:0.000231s ]
SQL: SELECT `title` FROM `cishoo_category` WHERE ( id=42 ) LIMIT 1   [ RunTime:0.000156s ]
SQL: SELECT COUNT(*) AS tp_count FROM `cishoo_document` WHERE ( pid=34 ) LIMIT 1   [ RunTime:0.000169s ]
SQL: SELECT `title` FROM `cishoo_category` WHERE ( id=42 ) LIMIT 1   [ RunTime:0.000071s ]
SQL: SELECT COUNT(*) AS tp_count FROM `cishoo_document` WHERE ( pid=35 ) LIMIT 1   [ RunTime:0.000121s ]
SQL: SELECT `title` FROM `cishoo_category` WHERE ( id=42 ) LIMIT 1   [ RunTime:0.000066s ]
SQL: SELECT COUNT(*) AS tp_count FROM `cishoo_document` WHERE ( pid=36 ) LIMIT 1   [ RunTime:0.000137s ]
SQL: SELECT `title` FROM `cishoo_category` WHERE ( id=42 ) LIMIT 1   [ RunTime:0.000069s ]
SQL: SELECT COUNT(*) AS tp_count FROM `cishoo_document` WHERE ( pid=37 ) LIMIT 1   [ RunTime:0.000113s ]
SQL: SELECT `title` FROM `cishoo_category` WHERE ( id=42 ) LIMIT 1   [ RunTime:0.000065s ]
SQL: SELECT COUNT(*) AS tp_count FROM `cishoo_document` WHERE ( pid=38 ) LIMIT 1   [ RunTime:0.000132s ]
SQL: SELECT `title` FROM `cishoo_category` WHERE ( id=42 ) LIMIT 1   [ RunTime:0.000078s ]
SQL: SELECT COUNT(*) AS tp_count FROM `cishoo_document` WHERE ( pid=26 ) LIMIT 1   [ RunTime:0.000146s ]
SQL: SELECT `title` FROM `cishoo_category` WHERE ( id=45 ) LIMIT 1   [ RunTime:0.000142s ]
SQL: SELECT COUNT(*) AS tp_count FROM `cishoo_document` WHERE ( pid=25 ) LIMIT 1   [ RunTime:0.000162s ]
SQL: SELECT `title` FROM `cishoo_category` WHERE ( id=45 ) LIMIT 1   [ RunTime:0.000076s ]
SQL: SELECT COUNT(*) AS tp_count FROM `cishoo_document` WHERE ( pid=1 ) LIMIT 1   [ RunTime:0.000154s ]
SQL: SELECT `title` FROM `cishoo_category` WHERE ( id=2 ) LIMIT 1   [ RunTime:0.000184s ]
SQL: SELECT COUNT(*) AS tp_count FROM `cishoo_document` WHERE ( pid=2 ) LIMIT 1   [ RunTime:0.000142s ]
SQL: SELECT `title` FROM `cishoo_category` WHERE ( id=2 ) LIMIT 1   [ RunTime:0.000104s ]
INFO: Run Behavior\ParseTemplate [ RunTime:0.025127s ]
INFO: [ view_parse ] --END-- [ RunTime:0.025152s ]
INFO: [ view_filter ] --START--
INFO: Run Behavior\WriteHtmlCache [ RunTime:0.000295s ]
INFO: [ view_filter ] --END-- [ RunTime:0.000307s ]
INFO: [ app_end ] --START--
INFO: Run Behavior\ShowPageTrace [ RunTime:0.000204s ]
INFO: [ app_end ] --END-- [ RunTime:0.000220s ]

[ 2016-11-10T14:29:26+08:00 ] 192.168.19.1 /Admin/Config/group.html
SQL: SHOW COLUMNS FROM `cishoo_menu` [ RunTime:0.000477s ]
SQL: SELECT * FROM `cishoo_menu` WHERE ( `pid` = 0 ) AND ( `hide` = 0 ) ORDER BY sort asc  [ RunTime:0.000144s ]
SQL: SELECT `id` FROM `cishoo_menu` WHERE ( url like '%Config/group%' ) LIMIT 1   [ RunTime:0.000239s ]
SQL: SHOW COLUMNS FROM `cishoo_menu` [ RunTime:0.000681s ]
SQL: SELECT `id`,`pid`,`title` FROM `cishoo_menu` WHERE ( id=68 ) LIMIT 1   [ RunTime:0.000207s ]
SQL: SELECT DISTINCT  `group` FROM `cishoo_menu` WHERE ( pid = 68 )  [ RunTime:0.000271s ]
SQL: SELECT `id`,`url` FROM `cishoo_menu` WHERE ( `pid` = 68 ) AND ( `hide` = 0 )  [ RunTime:0.000200s ]
SQL: SELECT `id`,`pid`,`title`,`url`,`tip` FROM `cishoo_menu` WHERE ( `group` = '系统设置' ) AND ( `pid` = 68 ) AND ( `hide` = 0 ) ORDER BY sort asc  [ RunTime:0.000241s ]
SQL: SELECT `id`,`pid`,`title`,`url`,`tip` FROM `cishoo_menu` WHERE ( `group` = '' ) AND ( `pid` = 68 ) AND ( `hide` = 0 ) ORDER BY sort asc  [ RunTime:0.000218s ]
SQL: SELECT `id`,`pid`,`title`,`url`,`tip` FROM `cishoo_menu` WHERE ( `group` = '数据备份' ) AND ( `pid` = 68 ) AND ( `hide` = 0 ) ORDER BY sort asc  [ RunTime:0.000228s ]
SQL: SHOW COLUMNS FROM `cishoo_config` [ RunTime:0.000386s ]
SQL: SELECT `id`,`name`,`title`,`extra`,`value`,`remark`,`type` FROM `cishoo_config` WHERE ( `status` = 1 ) AND ( `group` = 1 ) ORDER BY sort  [ RunTime:0.000275s ]
INFO: [ view_parse ] --START--
INFO: [ template_filter ] --START--
INFO: Run Behavior\ContentReplace [ RunTime:0.000122s ]
INFO: [ template_filter ] --END-- [ RunTime:0.000146s ]
INFO: Run Behavior\ParseTemplate [ RunTime:0.020172s ]
INFO: [ view_parse ] --END-- [ RunTime:0.020207s ]
INFO: [ view_filter ] --START--
INFO: Run Behavior\WriteHtmlCache [ RunTime:0.000230s ]
INFO: [ view_filter ] --END-- [ RunTime:0.000245s ]
INFO: [ app_end ] --START--
INFO: Run Behavior\ShowPageTrace [ RunTime:0.000180s ]
INFO: [ app_end ] --END-- [ RunTime:0.000196s ]

[ 2016-11-10T14:29:27+08:00 ] 192.168.19.1 /Admin/Category/index.html
SQL: SHOW COLUMNS FROM `cishoo_menu` [ RunTime:0.000567s ]
SQL: SELECT * FROM `cishoo_menu` WHERE ( `pid` = 0 ) AND ( `hide` = 0 ) ORDER BY sort asc  [ RunTime:0.000194s ]
SQL: SELECT `id` FROM `cishoo_menu` WHERE ( url like '%Category/index%' ) LIMIT 1   [ RunTime:0.000295s ]
SQL: SHOW COLUMNS FROM `cishoo_menu` [ RunTime:0.000567s ]
SQL: SELECT `id`,`pid`,`title` FROM `cishoo_menu` WHERE ( id=80 ) LIMIT 1   [ RunTime:0.000204s ]
SQL: SELECT `id`,`pid`,`title` FROM `cishoo_menu` WHERE ( id=68 ) LIMIT 1   [ RunTime:0.000143s ]
SQL: SELECT DISTINCT  `group` FROM `cishoo_menu` WHERE ( pid = 68 )  [ RunTime:0.000115s ]
SQL: SELECT `id`,`url` FROM `cishoo_menu` WHERE ( `pid` = 68 ) AND ( `hide` = 0 )  [ RunTime:0.000159s ]
SQL: SELECT `id`,`pid`,`title`,`url`,`tip` FROM `cishoo_menu` WHERE ( `group` = '系统设置' ) AND ( `pid` = 68 ) AND ( `hide` = 0 ) ORDER BY sort asc  [ RunTime:0.000119s ]
SQL: SELECT `id`,`pid`,`title`,`url`,`tip` FROM `cishoo_menu` WHERE ( `group` = '' ) AND ( `pid` = 68 ) AND ( `hide` = 0 ) ORDER BY sort asc  [ RunTime:0.000172s ]
SQL: SELECT `id`,`pid`,`title`,`url`,`tip` FROM `cishoo_menu` WHERE ( `group` = '数据备份' ) AND ( `pid` = 68 ) AND ( `hide` = 0 ) ORDER BY sort asc  [ RunTime:0.000166s ]
SQL: SHOW COLUMNS FROM `cishoo_category` [ RunTime:0.000775s ]
SQL: SELECT `id`,`name`,`title`,`sort`,`pid`,`allow_publish`,`status` FROM `cishoo_category` WHERE ( `status` > -1 ) ORDER BY sort  [ RunTime:0.000423s ]
INFO: [ view_parse ] --START--
INFO: [ template_filter ] --START--
INFO: Run Behavior\ContentReplace [ RunTime:0.000163s ]
INFO: [ template_filter ] --END-- [ RunTime:0.000198s ]
INFO: [ view_parse ] --START--
INFO: [ template_filter ] --START--
INFO: Run Behavior\ContentReplace [ RunTime:0.000029s ]
INFO: [ template_filter ] --END-- [ RunTime:-0.006952s ]
INFO: [ view_parse ] --START--
INFO: [ template_filter ] --START--
INFO: Run Behavior\ContentReplace [ RunTime:0.000060s ]
INFO: [ template_filter ] --END-- [ RunTime:-0.014382s ]
INFO: [ view_parse ] --START--
INFO: [ template_filter ] --START--
INFO: Run Behavior\ContentReplace [ RunTime:0.000031s ]
INFO: [ template_filter ] --END-- [ RunTime:-0.019961s ]
INFO: Run Behavior\ParseTemplate [ RunTime:0.004086s ]
INFO: [ view_parse ] --END-- [ RunTime:0.004133s ]
INFO: [ view_filter ] --START--
INFO: Run Behavior\WriteHtmlCache [ RunTime:0.000464s ]
INFO: [ view_filter ] --END-- [ RunTime:0.000486s ]
INFO: [ view_parse ] --START--
INFO: [ template_filter ] --START--
INFO: Run Behavior\ContentReplace [ RunTime:0.000029s ]
INFO: [ template_filter ] --END-- [ RunTime:-0.024531s ]
INFO: Run Behavior\ParseTemplate [ RunTime:0.003797s ]
INFO: [ view_parse ] --END-- [ RunTime:-0.000785s ]
INFO: [ view_filter ] --START--
INFO: Run Behavior\WriteHtmlCache [ RunTime:0.000007s ]
INFO: [ view_filter ] --END-- [ RunTime:-0.004122s ]
INFO: Run Behavior\ParseTemplate [ RunTime:0.004297s ]
INFO: [ view_parse ] --END-- [ RunTime:-0.000785s ]
INFO: [ view_filter ] --START--
INFO: Run Behavior\WriteHtmlCache [ RunTime:0.000004s ]
INFO: [ view_filter ] --END-- [ RunTime:-0.004623s ]
INFO: [ view_parse ] --START--
INFO: [ template_filter ] --START--
INFO: Run Behavior\ContentReplace [ RunTime:0.000027s ]
INFO: [ template_filter ] --END-- [ RunTime:-0.029558s ]
INFO: Run Behavior\ParseTemplate [ RunTime:0.003447s ]
INFO: [ view_parse ] --END-- [ RunTime:-0.005598s ]
INFO: [ view_filter ] --START--
INFO: Run Behavior\WriteHtmlCache [ RunTime:0.000005s ]
INFO: [ view_filter ] --END-- [ RunTime:-0.008582s ]
INFO: [ view_parse ] --START--
INFO: [ template_filter ] --START--
INFO: Run Behavior\ContentReplace [ RunTime:0.000028s ]
INFO: [ template_filter ] --END-- [ RunTime:-0.033513s ]
INFO: Run Behavior\ParseTemplate [ RunTime:0.003194s ]
INFO: [ view_parse ] --END-- [ RunTime:-0.009804s ]
INFO: [ view_filter ] --START--
INFO: Run Behavior\WriteHtmlCache [ RunTime:0.000006s ]
INFO: [ view_filter ] --END-- [ RunTime:-0.012547s ]
INFO: [ view_parse ] --START--
INFO: [ template_filter ] --START--
INFO: Run Behavior\ContentReplace [ RunTime:0.000028s ]
INFO: [ template_filter ] --END-- [ RunTime:-0.037050s ]
INFO: Run Behavior\ParseTemplate [ RunTime:0.003456s ]
INFO: [ view_parse ] --END-- [ RunTime:-0.013319s ]
INFO: [ view_filter ] --START--
INFO: Run Behavior\WriteHtmlCache [ RunTime:0.000004s ]
INFO: [ view_filter ] --END-- [ RunTime:-0.016307s ]
INFO: Run Behavior\ParseTemplate [ RunTime:0.003497s ]
INFO: [ view_parse ] --END-- [ RunTime:-0.013319s ]
INFO: [ view_filter ] --START--
INFO: Run Behavior\WriteHtmlCache [ RunTime:0.000001s ]
INFO: [ view_filter ] --END-- [ RunTime:-0.016339s ]
INFO: Run Behavior\ParseTemplate [ RunTime:0.003532s ]
INFO: [ view_parse ] --END-- [ RunTime:-0.013319s ]
INFO: [ view_filter ] --START--
INFO: Run Behavior\WriteHtmlCache [ RunTime:0.000001s ]
INFO: [ view_filter ] --END-- [ RunTime:-0.016375s ]
INFO: [ app_end ] --START--
INFO: Run Behavior\ShowPageTrace [ RunTime:0.000181s ]
INFO: [ app_end ] --END-- [ RunTime:0.000195s ]

