[ 2017-05-10T11:00:17+08:00 ] 192.168.19.1 /Home/Index/index
SQL: SHOW COLUMNS FROM `cishoo_category` [ RunTime:0.006498s ]
SQL: SELECT `id` FROM `cishoo_category` WHERE ( `name` = 'product_introduce' ) LIMIT 1   [ RunTime:0.001065s ]
SQL: SELECT * FROM `cishoo_category` WHERE ( `pid` = 41 )  [ RunTime:0.001062s ]
SQL: SELECT `id` FROM `cishoo_category` WHERE ( `name` = 'product_instruction' ) LIMIT 1   [ RunTime:0.000726s ]
SQL: SELECT * FROM `cishoo_category` WHERE ( `pid` = 40 )  [ RunTime:0.001006s ]
SQL: SHOW COLUMNS FROM `cishoo_front_picture` [ RunTime:0.011809s ]
SQL: SELECT * FROM `cishoo_front_picture` WHERE ( `type` = 'banner' ) AND ( `deleted` = 0 )  [ RunTime:0.000828s ]
SQL: SELECT `id` FROM `cishoo_category` WHERE ( `name` = 'index_product' ) LIMIT 1   [ RunTime:0.000657s ]
SQL: SHOW COLUMNS FROM `cishoo_document` [ RunTime:0.030395s ]
SQL: SELECT * FROM `cishoo_document` WHERE ( `category_id` = 2 ) AND ( `status` = 1 ) ORDER BY level LIMIT 2   [ RunTime:0.001128s ]
SQL: SHOW COLUMNS FROM `cishoo_document_article` [ RunTime:0.131965s ]
SQL: SELECT * FROM `cishoo_document_article` WHERE ( `id` = 1 ) LIMIT 1   [ RunTime:0.018602s ]
SQL: SELECT * FROM `cishoo_document_article` WHERE ( `id` = 2 ) LIMIT 1   [ RunTime:0.000974s ]
SQL: SELECT `id` FROM `cishoo_category` WHERE ( `name` = 'index_prodecut_descript' ) LIMIT 1   [ RunTime:0.000388s ]
SQL: SELECT * FROM `cishoo_document` WHERE ( `category_id` = 39 ) AND ( `status` = 1 ) ORDER BY level LIMIT 2   [ RunTime:0.000494s ]
SQL: SELECT * FROM `cishoo_document_article` WHERE ( `id` = 3 ) LIMIT 1   [ RunTime:0.000258s ]
SQL: SELECT * FROM `cishoo_document_article` WHERE ( `id` = 4 ) LIMIT 1   [ RunTime:0.000746s ]
SQL: SHOW COLUMNS FROM `cishoo_front_picture` [ RunTime:0.000775s ]
SQL: SELECT `picture_id` FROM `cishoo_front_picture` WHERE ( `type` = 'video' ) ORDER BY id desc LIMIT 1   [ RunTime:0.000278s ]
SQL: SHOW COLUMNS FROM `cishoo_file` [ RunTime:0.082667s ]
SQL: SELECT * FROM `cishoo_file` WHERE ( `id` = 40 )  [ RunTime:0.000765s ]
INFO: [ view_parse ] --START--
INFO: [ template_filter ] --START--
INFO: Run Behavior\ContentReplace [ RunTime:0.000079s ]
INFO: [ template_filter ] --END-- [ RunTime:0.000105s ]
SQL: SHOW COLUMNS FROM `cishoo_picture` [ RunTime:0.007005s ]
SQL: SELECT * FROM `cishoo_picture` WHERE ( `status` = 1 ) AND ( `id` = 7 ) LIMIT 1   [ RunTime:0.000336s ]
SQL: SELECT * FROM `cishoo_picture` WHERE ( `status` = 1 ) AND ( `id` = 7 ) LIMIT 1   [ RunTime:0.000131s ]
SQL: SELECT * FROM `cishoo_picture` WHERE ( `status` = 1 ) AND ( `id` = 7 ) LIMIT 1   [ RunTime:0.000116s ]
SQL: SELECT * FROM `cishoo_picture` WHERE ( `status` = 1 ) AND ( `id` = 7 ) LIMIT 1   [ RunTime:0.000109s ]
SQL: SELECT * FROM `cishoo_picture` WHERE ( `status` = 1 ) AND ( `id` = 22 ) LIMIT 1   [ RunTime:0.000195s ]
SQL: SELECT * FROM `cishoo_picture` WHERE ( `status` = 1 ) AND ( `id` = 25 ) LIMIT 1   [ RunTime:0.000162s ]
SQL: SELECT * FROM `cishoo_picture` WHERE ( `status` = 1 ) AND ( `id` = 21 ) LIMIT 1   [ RunTime:0.000155s ]
SQL: SELECT * FROM `cishoo_picture` WHERE ( `status` = 1 ) AND ( `id` = 24 ) LIMIT 1   [ RunTime:0.000152s ]
SQL: SELECT * FROM `cishoo_picture` WHERE ( `status` = 1 ) AND ( `id` = 6 ) LIMIT 1   [ RunTime:0.000148s ]
SQL: SELECT * FROM `cishoo_picture` WHERE ( `status` = 1 ) AND ( `id` = 6 ) LIMIT 1   [ RunTime:0.000106s ]
INFO: Run Behavior\ParseTemplate [ RunTime:0.068354s ]
INFO: [ view_parse ] --END-- [ RunTime:0.068381s ]
INFO: [ view_filter ] --START--
INFO: Run Behavior\WriteHtmlCache [ RunTime:0.001214s ]
INFO: [ view_filter ] --END-- [ RunTime:0.001230s ]
INFO: [ app_end ] --START--
INFO: Run Behavior\ShowPageTrace [ RunTime:0.001588s ]
INFO: [ app_end ] --END-- [ RunTime:0.001621s ]

[ 2017-05-10T11:00:18+08:00 ] 192.168.19.1 /Home/Index/index
SQL: SHOW COLUMNS FROM `cishoo_category` [ RunTime:0.000873s ]
SQL: SELECT `id` FROM `cishoo_category` WHERE ( `name` = 'product_introduce' ) LIMIT 1   [ RunTime:0.000159s ]
SQL: SELECT * FROM `cishoo_category` WHERE ( `pid` = 41 )  [ RunTime:0.000129s ]
SQL: SELECT `id` FROM `cishoo_category` WHERE ( `name` = 'product_instruction' ) LIMIT 1   [ RunTime:0.000108s ]
SQL: SELECT * FROM `cishoo_category` WHERE ( `pid` = 40 )  [ RunTime:0.000129s ]
SQL: SHOW COLUMNS FROM `cishoo_front_picture` [ RunTime:0.000907s ]
SQL: SELECT * FROM `cishoo_front_picture` WHERE ( `type` = 'banner' ) AND ( `deleted` = 0 )  [ RunTime:0.000206s ]
SQL: SELECT `id` FROM `cishoo_category` WHERE ( `name` = 'index_product' ) LIMIT 1   [ RunTime:0.000139s ]
SQL: SHOW COLUMNS FROM `cishoo_document` [ RunTime:0.000616s ]
SQL: SELECT * FROM `cishoo_document` WHERE ( `category_id` = 2 ) AND ( `status` = 1 ) ORDER BY level LIMIT 2   [ RunTime:0.000124s ]
SQL: SHOW COLUMNS FROM `cishoo_document_article` [ RunTime:0.000311s ]
SQL: SELECT * FROM `cishoo_document_article` WHERE ( `id` = 1 ) LIMIT 1   [ RunTime:0.000088s ]
SQL: SELECT * FROM `cishoo_document_article` WHERE ( `id` = 2 ) LIMIT 1   [ RunTime:0.000088s ]
SQL: SELECT `id` FROM `cishoo_category` WHERE ( `name` = 'index_prodecut_descript' ) LIMIT 1   [ RunTime:0.000149s ]
SQL: SELECT * FROM `cishoo_document` WHERE ( `category_id` = 39 ) AND ( `status` = 1 ) ORDER BY level LIMIT 2   [ RunTime:0.000127s ]
SQL: SELECT * FROM `cishoo_document_article` WHERE ( `id` = 3 ) LIMIT 1   [ RunTime:0.000077s ]
SQL: SELECT * FROM `cishoo_document_article` WHERE ( `id` = 4 ) LIMIT 1   [ RunTime:0.000114s ]
SQL: SHOW COLUMNS FROM `cishoo_front_picture` [ RunTime:0.000461s ]
SQL: SELECT `picture_id` FROM `cishoo_front_picture` WHERE ( `type` = 'video' ) ORDER BY id desc LIMIT 1   [ RunTime:0.000080s ]
SQL: SHOW COLUMNS FROM `cishoo_file` [ RunTime:0.000550s ]
SQL: SELECT * FROM `cishoo_file` WHERE ( `id` = 40 )  [ RunTime:0.000123s ]
INFO: [ view_parse ] --START--
INFO: [ template_filter ] --START--
INFO: Run Behavior\ContentReplace [ RunTime:0.000104s ]
INFO: [ template_filter ] --END-- [ RunTime:0.000146s ]
SQL: SHOW COLUMNS FROM `cishoo_picture` [ RunTime:0.000494s ]
SQL: SELECT * FROM `cishoo_picture` WHERE ( `status` = 1 ) AND ( `id` = 7 ) LIMIT 1   [ RunTime:0.000102s ]
SQL: SELECT * FROM `cishoo_picture` WHERE ( `status` = 1 ) AND ( `id` = 7 ) LIMIT 1   [ RunTime:0.000150s ]
SQL: SELECT * FROM `cishoo_picture` WHERE ( `status` = 1 ) AND ( `id` = 7 ) LIMIT 1   [ RunTime:0.000118s ]
SQL: SELECT * FROM `cishoo_picture` WHERE ( `status` = 1 ) AND ( `id` = 7 ) LIMIT 1   [ RunTime:0.000142s ]
SQL: SELECT * FROM `cishoo_picture` WHERE ( `status` = 1 ) AND ( `id` = 22 ) LIMIT 1   [ RunTime:0.000145s ]
SQL: SELECT * FROM `cishoo_picture` WHERE ( `status` = 1 ) AND ( `id` = 25 ) LIMIT 1   [ RunTime:0.000238s ]
SQL: SELECT * FROM `cishoo_picture` WHERE ( `status` = 1 ) AND ( `id` = 21 ) LIMIT 1   [ RunTime:0.000157s ]
SQL: SELECT * FROM `cishoo_picture` WHERE ( `status` = 1 ) AND ( `id` = 24 ) LIMIT 1   [ RunTime:0.014380s ]
SQL: SELECT * FROM `cishoo_picture` WHERE ( `status` = 1 ) AND ( `id` = 6 ) LIMIT 1   [ RunTime:0.000154s ]
SQL: SELECT * FROM `cishoo_picture` WHERE ( `status` = 1 ) AND ( `id` = 6 ) LIMIT 1   [ RunTime:0.000091s ]
INFO: Run Behavior\ParseTemplate [ RunTime:0.026502s ]
INFO: [ view_parse ] --END-- [ RunTime:0.026516s ]
INFO: [ view_filter ] --START--
INFO: Run Behavior\WriteHtmlCache [ RunTime:0.000304s ]
INFO: [ view_filter ] --END-- [ RunTime:0.000315s ]
INFO: [ app_end ] --START--
INFO: Run Behavior\ShowPageTrace [ RunTime:0.000170s ]
INFO: [ app_end ] --END-- [ RunTime:0.000182s ]

[ 2017-05-10T11:00:43+08:00 ] 192.168.19.1 /Admin/index/index
ERR: 模板不存在:./Application/Admin/View/Index/index.html

[ 2017-05-10T11:02:22+08:00 ] 192.168.19.1 /Admin/index/Public/Adminvendors/bootstrap/dist/css/bootstrap.min.css
ERR: 非法操作:public

[ 2017-05-10T11:02:22+08:00 ] 192.168.19.1 /Admin/index/Public/Adminbuild/css/custom.min.css
ERR: 非法操作:public

[ 2017-05-10T11:02:22+08:00 ] 192.168.19.1 /Admin/index/Public/Adminvendors/jquery/dist/jquery.min.js
ERR: 非法操作:public

[ 2017-05-10T11:02:22+08:00 ] 192.168.19.1 /Admin/index/Public/Adminvendors/bootstrap/dist/js/bootstrap.min.js
ERR: 非法操作:public

[ 2017-05-10T11:02:22+08:00 ] 192.168.19.1 /Admin/index/Public/Adminvendors/moment/min/moment.min.js
ERR: 非法操作:public

[ 2017-05-10T11:02:22+08:00 ] 192.168.19.1 /Admin/index/Public/Adminvendors/bootstrap-daterangepicker/daterangepicker.js
ERR: 非法操作:public

[ 2017-05-10T11:02:22+08:00 ] 192.168.19.1 /Admin/index/Public/Adminvendors/morris.js/morris.min.js
ERR: 非法操作:public

[ 2017-05-10T11:02:22+08:00 ] 192.168.19.1 /Admin/index/Public/Adminvendors/raphael/raphael.min.js
ERR: 非法操作:public

[ 2017-05-10T11:02:22+08:00 ] 192.168.19.1 /Admin/index/Public/Adminbuild/js/custom.min.js
ERR: 非法操作:public

[ 2017-05-10T11:02:23+08:00 ] 192.168.19.1 /Admin/index/Public/Adminvendors/bootstrap/dist/js/bootstrap.min.js
ERR: 非法操作:public

[ 2017-05-10T11:02:23+08:00 ] 192.168.19.1 /Admin/index/Public/Adminvendors/moment/min/moment.min.js
ERR: 非法操作:public

[ 2017-05-10T11:02:23+08:00 ] 192.168.19.1 /Admin/index/Public/Adminvendors/bootstrap-daterangepicker/daterangepicker.js
ERR: 非法操作:public

[ 2017-05-10T11:02:23+08:00 ] 192.168.19.1 /Admin/index/Public/Adminvendors/raphael/raphael.min.js
ERR: 非法操作:public

[ 2017-05-10T11:02:23+08:00 ] 192.168.19.1 /Admin/index/Public/Adminvendors/morris.js/morris.min.js
ERR: 非法操作:public

[ 2017-05-10T11:02:23+08:00 ] 192.168.19.1 /Admin/index/Public/Adminbuild/js/custom.min.js
ERR: 非法操作:public

[ 2017-05-10T11:02:31+08:00 ] 192.168.19.1 /Admin/index/Public/Adminbuild/css/custom.min.css
ERR: 非法操作:public

[ 2017-05-10T11:02:31+08:00 ] 192.168.19.1 /Admin/index/Public/Adminvendors/jquery/dist/jquery.min.js
ERR: 非法操作:public

[ 2017-05-10T11:02:31+08:00 ] 192.168.19.1 /Admin/index/Public/Adminvendors/bootstrap/dist/css/bootstrap.min.css
ERR: 非法操作:public

[ 2017-05-10T11:02:31+08:00 ] 192.168.19.1 /Admin/index/Public/Adminvendors/bootstrap/dist/js/bootstrap.min.js
ERR: 非法操作:public

[ 2017-05-10T11:02:31+08:00 ] 192.168.19.1 /Admin/index/Public/Adminvendors/moment/min/moment.min.js
ERR: 非法操作:public

[ 2017-05-10T11:02:31+08:00 ] 192.168.19.1 /Admin/index/Public/Adminvendors/bootstrap-daterangepicker/daterangepicker.js
ERR: 非法操作:public

[ 2017-05-10T11:02:31+08:00 ] 192.168.19.1 /Admin/index/Public/Adminvendors/raphael/raphael.min.js
ERR: 非法操作:public

[ 2017-05-10T11:02:31+08:00 ] 192.168.19.1 /Admin/index/Public/Adminvendors/morris.js/morris.min.js
ERR: 非法操作:public

[ 2017-05-10T11:02:31+08:00 ] 192.168.19.1 /Admin/index/Public/Adminbuild/js/custom.min.js
ERR: 非法操作:public

[ 2017-05-10T11:02:31+08:00 ] 192.168.19.1 /Admin/index/Public/Adminvendors/bootstrap/dist/js/bootstrap.min.js
ERR: 非法操作:public

[ 2017-05-10T11:02:31+08:00 ] 192.168.19.1 /Admin/index/Public/Adminvendors/moment/min/moment.min.js
ERR: 非法操作:public

[ 2017-05-10T11:02:31+08:00 ] 192.168.19.1 /Admin/index/Public/Adminvendors/bootstrap-daterangepicker/daterangepicker.js
ERR: 非法操作:public

[ 2017-05-10T11:02:31+08:00 ] 192.168.19.1 /Admin/index/Public/Adminvendors/raphael/raphael.min.js
ERR: 非法操作:public

[ 2017-05-10T11:02:31+08:00 ] 192.168.19.1 /Admin/index/Public/Adminvendors/morris.js/morris.min.js
ERR: 非法操作:public

[ 2017-05-10T11:02:31+08:00 ] 192.168.19.1 /Admin/index/Public/Adminbuild/js/custom.min.js
ERR: 非法操作:public

[ 2017-05-10T11:03:14+08:00 ] 192.168.19.1 /Admin/index/Public/Adminvendors/bootstrap/dist/css/bootstrap.min.css
ERR: 非法操作:public

[ 2017-05-10T11:03:14+08:00 ] 192.168.19.1 /Admin/index/Public/Adminbuild/css/custom.min.css
ERR: 非法操作:public

[ 2017-05-10T11:03:14+08:00 ] 192.168.19.1 /Admin/index/Public/Adminvendors/jquery/dist/jquery.min.js
ERR: 非法操作:public

[ 2017-05-10T11:03:14+08:00 ] 192.168.19.1 /Admin/index/Public/Adminvendors/bootstrap/dist/js/bootstrap.min.js
ERR: 非法操作:public

[ 2017-05-10T11:03:14+08:00 ] 192.168.19.1 /Admin/index/Public/Adminvendors/moment/min/moment.min.js
ERR: 非法操作:public

[ 2017-05-10T11:03:14+08:00 ] 192.168.19.1 /Admin/index/Public/Adminvendors/bootstrap-daterangepicker/daterangepicker.js
ERR: 非法操作:public

[ 2017-05-10T11:03:14+08:00 ] 192.168.19.1 /Admin/index/Public/Adminvendors/morris.js/morris.min.js
ERR: 非法操作:public

[ 2017-05-10T11:03:14+08:00 ] 192.168.19.1 /Admin/index/Public/Adminvendors/raphael/raphael.min.js
ERR: 非法操作:public

[ 2017-05-10T11:03:14+08:00 ] 192.168.19.1 /Admin/index/Public/Adminbuild/js/custom.min.js
ERR: 非法操作:public

[ 2017-05-10T11:03:14+08:00 ] 192.168.19.1 /Admin/index/Public/Adminvendors/bootstrap/dist/js/bootstrap.min.js
ERR: 非法操作:public

[ 2017-05-10T11:03:14+08:00 ] 192.168.19.1 /Admin/index/Public/Adminvendors/moment/min/moment.min.js
ERR: 非法操作:public

[ 2017-05-10T11:03:14+08:00 ] 192.168.19.1 /Admin/index/Public/Adminvendors/bootstrap-daterangepicker/daterangepicker.js
ERR: 非法操作:public

[ 2017-05-10T11:03:14+08:00 ] 192.168.19.1 /Admin/index/Public/Adminvendors/raphael/raphael.min.js
ERR: 非法操作:public

[ 2017-05-10T11:03:14+08:00 ] 192.168.19.1 /Admin/index/Public/Adminvendors/morris.js/morris.min.js
ERR: 非法操作:public

[ 2017-05-10T11:03:14+08:00 ] 192.168.19.1 /Admin/index/Public/Adminbuild/js/custom.min.js
ERR: 非法操作:public

[ 2017-05-10T11:03:16+08:00 ] 192.168.19.1 /Admin/index/Public/Adminvendors/bootstrap/dist/css/bootstrap.min.css
ERR: 非法操作:public

[ 2017-05-10T11:03:16+08:00 ] 192.168.19.1 /Admin/index/Public/Adminbuild/css/custom.min.css
ERR: 非法操作:public

[ 2017-05-10T11:03:16+08:00 ] 192.168.19.1 /Admin/index/Public/Adminvendors/jquery/dist/jquery.min.js
ERR: 非法操作:public

[ 2017-05-10T11:03:16+08:00 ] 192.168.19.1 /Admin/index/Public/Adminvendors/bootstrap/dist/js/bootstrap.min.js
ERR: 非法操作:public

[ 2017-05-10T11:03:16+08:00 ] 192.168.19.1 /Admin/index/Public/Adminvendors/moment/min/moment.min.js
ERR: 非法操作:public

[ 2017-05-10T11:03:16+08:00 ] 192.168.19.1 /Admin/index/Public/Adminvendors/bootstrap-daterangepicker/daterangepicker.js
ERR: 非法操作:public

[ 2017-05-10T11:03:16+08:00 ] 192.168.19.1 /Admin/index/Public/Adminvendors/raphael/raphael.min.js
ERR: 非法操作:public

[ 2017-05-10T11:03:16+08:00 ] 192.168.19.1 /Admin/index/Public/Adminvendors/morris.js/morris.min.js
ERR: 非法操作:public

[ 2017-05-10T11:03:16+08:00 ] 192.168.19.1 /Admin/index/Public/Adminbuild/js/custom.min.js
ERR: 非法操作:public

[ 2017-05-10T11:03:16+08:00 ] 192.168.19.1 /Admin/index/Public/Adminvendors/bootstrap/dist/js/bootstrap.min.js
ERR: 非法操作:public

[ 2017-05-10T11:03:16+08:00 ] 192.168.19.1 /Admin/index/Public/Adminvendors/moment/min/moment.min.js
ERR: 非法操作:public

[ 2017-05-10T11:03:16+08:00 ] 192.168.19.1 /Admin/index/Public/Adminvendors/bootstrap-daterangepicker/daterangepicker.js
ERR: 非法操作:public

[ 2017-05-10T11:03:16+08:00 ] 192.168.19.1 /Admin/index/Public/Adminvendors/raphael/raphael.min.js
ERR: 非法操作:public

[ 2017-05-10T11:03:16+08:00 ] 192.168.19.1 /Admin/index/Public/Adminvendors/morris.js/morris.min.js
ERR: 非法操作:public

[ 2017-05-10T11:03:16+08:00 ] 192.168.19.1 /Admin/index/Public/Adminbuild/js/custom.min.js
ERR: 非法操作:public

[ 2017-05-10T11:05:12+08:00 ] 192.168.19.1 /Admin/index/Public/Admin/vendors/bootstrap/dist/css/bootstrap.min.css
ERR: 非法操作:public

[ 2017-05-10T11:05:12+08:00 ] 192.168.19.1 /Admin/index/Public/Admin/build/css/custom.min.css
ERR: 非法操作:public

[ 2017-05-10T11:05:12+08:00 ] 192.168.19.1 /Admin/index/Public/Admin/vendors/jquery/dist/jquery.min.js
ERR: 非法操作:public

[ 2017-05-10T11:05:12+08:00 ] 192.168.19.1 /Admin/index/Public/Admin/vendors/bootstrap/dist/js/bootstrap.min.js
ERR: 非法操作:public

[ 2017-05-10T11:05:12+08:00 ] 192.168.19.1 /Admin/index/Public/Admin/vendors/moment/min/moment.min.js
ERR: 非法操作:public

[ 2017-05-10T11:05:12+08:00 ] 192.168.19.1 /Admin/index/Public/Admin/vendors/bootstrap-daterangepicker/daterangepicker.js
ERR: 非法操作:public

[ 2017-05-10T11:05:12+08:00 ] 192.168.19.1 /Admin/index/Public/Admin/vendors/raphael/raphael.min.js
ERR: 非法操作:public

[ 2017-05-10T11:05:12+08:00 ] 192.168.19.1 /Admin/index/Public/Admin/vendors/morris.js/morris.min.js
ERR: 非法操作:public

[ 2017-05-10T11:05:12+08:00 ] 192.168.19.1 /Admin/index/Public/Admin/build/js/custom.min.js
ERR: 非法操作:public

[ 2017-05-10T11:05:12+08:00 ] 192.168.19.1 /Admin/index/Public/Admin/vendors/bootstrap/dist/js/bootstrap.min.js
ERR: 非法操作:public

[ 2017-05-10T11:05:12+08:00 ] 192.168.19.1 /Admin/index/Public/Admin/vendors/moment/min/moment.min.js
ERR: 非法操作:public

[ 2017-05-10T11:05:12+08:00 ] 192.168.19.1 /Admin/index/Public/Admin/vendors/bootstrap-daterangepicker/daterangepicker.js
ERR: 非法操作:public

[ 2017-05-10T11:05:12+08:00 ] 192.168.19.1 /Admin/index/Public/Admin/vendors/raphael/raphael.min.js
ERR: 非法操作:public

[ 2017-05-10T11:05:12+08:00 ] 192.168.19.1 /Admin/index/Public/Admin/vendors/morris.js/morris.min.js
ERR: 非法操作:public

[ 2017-05-10T11:05:12+08:00 ] 192.168.19.1 /Admin/index/Public/Admin/build/js/custom.min.js
ERR: 非法操作:public

[ 2017-05-10T11:05:53+08:00 ] 192.168.19.1 /Home/Index/index
SQL: SHOW COLUMNS FROM `cishoo_category` [ RunTime:0.000409s ]
SQL: SELECT `id` FROM `cishoo_category` WHERE ( `name` = 'product_introduce' ) LIMIT 1   [ RunTime:0.000079s ]
SQL: SELECT * FROM `cishoo_category` WHERE ( `pid` = 41 )  [ RunTime:0.000126s ]
SQL: SELECT `id` FROM `cishoo_category` WHERE ( `name` = 'product_instruction' ) LIMIT 1   [ RunTime:0.000075s ]
SQL: SELECT * FROM `cishoo_category` WHERE ( `pid` = 40 )  [ RunTime:0.000080s ]
SQL: SHOW COLUMNS FROM `cishoo_front_picture` [ RunTime:0.000318s ]
SQL: SELECT * FROM `cishoo_front_picture` WHERE ( `type` = 'banner' ) AND ( `deleted` = 0 )  [ RunTime:0.000079s ]
SQL: SELECT `id` FROM `cishoo_category` WHERE ( `name` = 'index_product' ) LIMIT 1   [ RunTime:0.000067s ]
SQL: SHOW COLUMNS FROM `cishoo_document` [ RunTime:0.000401s ]
SQL: SELECT * FROM `cishoo_document` WHERE ( `category_id` = 2 ) AND ( `status` = 1 ) ORDER BY level LIMIT 2   [ RunTime:0.000111s ]
SQL: SHOW COLUMNS FROM `cishoo_document_article` [ RunTime:0.000305s ]
SQL: SELECT * FROM `cishoo_document_article` WHERE ( `id` = 1 ) LIMIT 1   [ RunTime:0.000078s ]
SQL: SELECT * FROM `cishoo_document_article` WHERE ( `id` = 2 ) LIMIT 1   [ RunTime:0.000070s ]
SQL: SELECT `id` FROM `cishoo_category` WHERE ( `name` = 'index_prodecut_descript' ) LIMIT 1   [ RunTime:0.000067s ]
SQL: SELECT * FROM `cishoo_document` WHERE ( `category_id` = 39 ) AND ( `status` = 1 ) ORDER BY level LIMIT 2   [ RunTime:0.001880s ]
SQL: SELECT * FROM `cishoo_document_article` WHERE ( `id` = 3 ) LIMIT 1   [ RunTime:0.000112s ]
SQL: SELECT * FROM `cishoo_document_article` WHERE ( `id` = 4 ) LIMIT 1   [ RunTime:0.000093s ]
SQL: SHOW COLUMNS FROM `cishoo_front_picture` [ RunTime:0.000378s ]
SQL: SELECT `picture_id` FROM `cishoo_front_picture` WHERE ( `type` = 'video' ) ORDER BY id desc LIMIT 1   [ RunTime:0.000093s ]
SQL: SHOW COLUMNS FROM `cishoo_file` [ RunTime:0.000348s ]
SQL: SELECT * FROM `cishoo_file` WHERE ( `id` = 40 )  [ RunTime:0.000097s ]
INFO: [ view_parse ] --START--
INFO: [ template_filter ] --START--
INFO: Run Behavior\ContentReplace [ RunTime:0.000063s ]
INFO: [ template_filter ] --END-- [ RunTime:0.000083s ]
SQL: SHOW COLUMNS FROM `cishoo_picture` [ RunTime:0.000684s ]
SQL: SELECT * FROM `cishoo_picture` WHERE ( `status` = 1 ) AND ( `id` = 7 ) LIMIT 1   [ RunTime:0.000105s ]
SQL: SELECT * FROM `cishoo_picture` WHERE ( `status` = 1 ) AND ( `id` = 7 ) LIMIT 1   [ RunTime:0.000097s ]
SQL: SELECT * FROM `cishoo_picture` WHERE ( `status` = 1 ) AND ( `id` = 7 ) LIMIT 1   [ RunTime:0.000108s ]
SQL: SELECT * FROM `cishoo_picture` WHERE ( `status` = 1 ) AND ( `id` = 7 ) LIMIT 1   [ RunTime:0.000091s ]
SQL: SELECT * FROM `cishoo_picture` WHERE ( `status` = 1 ) AND ( `id` = 22 ) LIMIT 1   [ RunTime:0.000109s ]
SQL: SELECT * FROM `cishoo_picture` WHERE ( `status` = 1 ) AND ( `id` = 25 ) LIMIT 1   [ RunTime:0.000091s ]
SQL: SELECT * FROM `cishoo_picture` WHERE ( `status` = 1 ) AND ( `id` = 21 ) LIMIT 1   [ RunTime:0.000090s ]
SQL: SELECT * FROM `cishoo_picture` WHERE ( `status` = 1 ) AND ( `id` = 24 ) LIMIT 1   [ RunTime:0.000097s ]
SQL: SELECT * FROM `cishoo_picture` WHERE ( `status` = 1 ) AND ( `id` = 6 ) LIMIT 1   [ RunTime:0.000102s ]
SQL: SELECT * FROM `cishoo_picture` WHERE ( `status` = 1 ) AND ( `id` = 6 ) LIMIT 1   [ RunTime:0.000089s ]
INFO: Run Behavior\ParseTemplate [ RunTime:0.009504s ]
INFO: [ view_parse ] --END-- [ RunTime:0.009517s ]
INFO: [ view_filter ] --START--
INFO: Run Behavior\WriteHtmlCache [ RunTime:0.000324s ]
INFO: [ view_filter ] --END-- [ RunTime:0.000373s ]
INFO: [ app_end ] --START--
INFO: Run Behavior\ShowPageTrace [ RunTime:0.000272s ]
INFO: [ app_end ] --END-- [ RunTime:0.000286s ]

[ 2017-05-10T11:05:53+08:00 ] 192.168.19.1 /Home/Index/index
SQL: SHOW COLUMNS FROM `cishoo_category` [ RunTime:0.000389s ]
SQL: SELECT `id` FROM `cishoo_category` WHERE ( `name` = 'product_introduce' ) LIMIT 1   [ RunTime:0.000045s ]
SQL: SELECT * FROM `cishoo_category` WHERE ( `pid` = 41 )  [ RunTime:0.000051s ]
SQL: SELECT `id` FROM `cishoo_category` WHERE ( `name` = 'product_instruction' ) LIMIT 1   [ RunTime:0.000038s ]
SQL: SELECT * FROM `cishoo_category` WHERE ( `pid` = 40 )  [ RunTime:0.000046s ]
SQL: SHOW COLUMNS FROM `cishoo_front_picture` [ RunTime:0.000251s ]
SQL: SELECT * FROM `cishoo_front_picture` WHERE ( `type` = 'banner' ) AND ( `deleted` = 0 )  [ RunTime:0.000289s ]
SQL: SELECT `id` FROM `cishoo_category` WHERE ( `name` = 'index_product' ) LIMIT 1   [ RunTime:0.000119s ]
SQL: SHOW COLUMNS FROM `cishoo_document` [ RunTime:0.001576s ]
SQL: SELECT * FROM `cishoo_document` WHERE ( `category_id` = 2 ) AND ( `status` = 1 ) ORDER BY level LIMIT 2   [ RunTime:0.003691s ]
SQL: SHOW COLUMNS FROM `cishoo_document_article` [ RunTime:0.001076s ]
SQL: SELECT * FROM `cishoo_document_article` WHERE ( `id` = 1 ) LIMIT 1   [ RunTime:0.000065s ]
SQL: SELECT * FROM `cishoo_document_article` WHERE ( `id` = 2 ) LIMIT 1   [ RunTime:0.000089s ]
SQL: SELECT `id` FROM `cishoo_category` WHERE ( `name` = 'index_prodecut_descript' ) LIMIT 1   [ RunTime:0.000106s ]
SQL: SELECT * FROM `cishoo_document` WHERE ( `category_id` = 39 ) AND ( `status` = 1 ) ORDER BY level LIMIT 2   [ RunTime:0.000319s ]
SQL: SELECT * FROM `cishoo_document_article` WHERE ( `id` = 3 ) LIMIT 1   [ RunTime:0.000052s ]
SQL: SELECT * FROM `cishoo_document_article` WHERE ( `id` = 4 ) LIMIT 1   [ RunTime:0.000282s ]
SQL: SHOW COLUMNS FROM `cishoo_front_picture` [ RunTime:0.000543s ]
SQL: SELECT `picture_id` FROM `cishoo_front_picture` WHERE ( `type` = 'video' ) ORDER BY id desc LIMIT 1   [ RunTime:0.000392s ]
SQL: SHOW COLUMNS FROM `cishoo_file` [ RunTime:0.000506s ]
SQL: SELECT * FROM `cishoo_file` WHERE ( `id` = 40 )  [ RunTime:0.000051s ]
INFO: [ view_parse ] --START--
INFO: [ template_filter ] --START--
INFO: Run Behavior\ContentReplace [ RunTime:0.000160s ]
INFO: [ template_filter ] --END-- [ RunTime:0.000191s ]
SQL: SHOW COLUMNS FROM `cishoo_picture` [ RunTime:0.000777s ]
SQL: SELECT * FROM `cishoo_picture` WHERE ( `status` = 1 ) AND ( `id` = 7 ) LIMIT 1   [ RunTime:0.000122s ]
SQL: SELECT * FROM `cishoo_picture` WHERE ( `status` = 1 ) AND ( `id` = 7 ) LIMIT 1   [ RunTime:0.000071s ]
SQL: SELECT * FROM `cishoo_picture` WHERE ( `status` = 1 ) AND ( `id` = 7 ) LIMIT 1   [ RunTime:0.000084s ]
SQL: SELECT * FROM `cishoo_picture` WHERE ( `status` = 1 ) AND ( `id` = 7 ) LIMIT 1   [ RunTime:0.000080s ]
SQL: SELECT * FROM `cishoo_picture` WHERE ( `status` = 1 ) AND ( `id` = 22 ) LIMIT 1   [ RunTime:0.000083s ]
SQL: SELECT * FROM `cishoo_picture` WHERE ( `status` = 1 ) AND ( `id` = 25 ) LIMIT 1   [ RunTime:0.000145s ]
SQL: SELECT * FROM `cishoo_picture` WHERE ( `status` = 1 ) AND ( `id` = 21 ) LIMIT 1   [ RunTime:0.000085s ]
SQL: SELECT * FROM `cishoo_picture` WHERE ( `status` = 1 ) AND ( `id` = 24 ) LIMIT 1   [ RunTime:0.000071s ]
SQL: SELECT * FROM `cishoo_picture` WHERE ( `status` = 1 ) AND ( `id` = 6 ) LIMIT 1   [ RunTime:0.000224s ]
SQL: SELECT * FROM `cishoo_picture` WHERE ( `status` = 1 ) AND ( `id` = 6 ) LIMIT 1   [ RunTime:0.000072s ]
INFO: Run Behavior\ParseTemplate [ RunTime:0.008841s ]
INFO: [ view_parse ] --END-- [ RunTime:0.008871s ]
INFO: [ view_filter ] --START--
INFO: Run Behavior\WriteHtmlCache [ RunTime:0.000037s ]
INFO: [ view_filter ] --END-- [ RunTime:0.000043s ]
INFO: [ app_end ] --START--
INFO: Run Behavior\ShowPageTrace [ RunTime:0.000016s ]
INFO: [ app_end ] --END-- [ RunTime:0.000024s ]

[ 2017-05-10T11:05:58+08:00 ] 192.168.19.1 /Home/Index/index
SQL: SHOW COLUMNS FROM `cishoo_category` [ RunTime:0.000412s ]
SQL: SELECT `id` FROM `cishoo_category` WHERE ( `name` = 'product_introduce' ) LIMIT 1   [ RunTime:0.000173s ]
SQL: SELECT * FROM `cishoo_category` WHERE ( `pid` = 41 )  [ RunTime:0.000150s ]
SQL: SELECT `id` FROM `cishoo_category` WHERE ( `name` = 'product_instruction' ) LIMIT 1   [ RunTime:0.000138s ]
SQL: SELECT * FROM `cishoo_category` WHERE ( `pid` = 40 )  [ RunTime:0.000148s ]
SQL: SHOW COLUMNS FROM `cishoo_front_picture` [ RunTime:0.000474s ]
SQL: SELECT * FROM `cishoo_front_picture` WHERE ( `type` = 'banner' ) AND ( `deleted` = 0 )  [ RunTime:0.000148s ]
SQL: SELECT `id` FROM `cishoo_category` WHERE ( `name` = 'index_product' ) LIMIT 1   [ RunTime:0.000122s ]
SQL: SHOW COLUMNS FROM `cishoo_document` [ RunTime:0.000435s ]
SQL: SELECT * FROM `cishoo_document` WHERE ( `category_id` = 2 ) AND ( `status` = 1 ) ORDER BY level LIMIT 2   [ RunTime:0.000117s ]
SQL: SHOW COLUMNS FROM `cishoo_document_article` [ RunTime:0.000303s ]
SQL: SELECT * FROM `cishoo_document_article` WHERE ( `id` = 1 ) LIMIT 1   [ RunTime:0.000125s ]
SQL: SELECT * FROM `cishoo_document_article` WHERE ( `id` = 2 ) LIMIT 1   [ RunTime:0.000129s ]
SQL: SELECT `id` FROM `cishoo_category` WHERE ( `name` = 'index_prodecut_descript' ) LIMIT 1   [ RunTime:0.000111s ]
SQL: SELECT * FROM `cishoo_document` WHERE ( `category_id` = 39 ) AND ( `status` = 1 ) ORDER BY level LIMIT 2   [ RunTime:0.000124s ]
SQL: SELECT * FROM `cishoo_document_article` WHERE ( `id` = 3 ) LIMIT 1   [ RunTime:0.000115s ]
SQL: SELECT * FROM `cishoo_document_article` WHERE ( `id` = 4 ) LIMIT 1   [ RunTime:0.000112s ]
SQL: SHOW COLUMNS FROM `cishoo_front_picture` [ RunTime:0.000329s ]
SQL: SELECT `picture_id` FROM `cishoo_front_picture` WHERE ( `type` = 'video' ) ORDER BY id desc LIMIT 1   [ RunTime:0.000090s ]
SQL: SHOW COLUMNS FROM `cishoo_file` [ RunTime:0.000303s ]
SQL: SELECT * FROM `cishoo_file` WHERE ( `id` = 40 )  [ RunTime:0.000177s ]
INFO: [ view_parse ] --START--
INFO: [ template_filter ] --START--
INFO: Run Behavior\ContentReplace [ RunTime:0.000061s ]
INFO: [ template_filter ] --END-- [ RunTime:0.000080s ]
SQL: SHOW COLUMNS FROM `cishoo_picture` [ RunTime:0.000510s ]
SQL: SELECT * FROM `cishoo_picture` WHERE ( `status` = 1 ) AND ( `id` = 7 ) LIMIT 1   [ RunTime:0.000136s ]
SQL: SELECT * FROM `cishoo_picture` WHERE ( `status` = 1 ) AND ( `id` = 7 ) LIMIT 1   [ RunTime:0.000135s ]
SQL: SELECT * FROM `cishoo_picture` WHERE ( `status` = 1 ) AND ( `id` = 7 ) LIMIT 1   [ RunTime:0.000133s ]
SQL: SELECT * FROM `cishoo_picture` WHERE ( `status` = 1 ) AND ( `id` = 7 ) LIMIT 1   [ RunTime:0.000132s ]
SQL: SELECT * FROM `cishoo_picture` WHERE ( `status` = 1 ) AND ( `id` = 22 ) LIMIT 1   [ RunTime:0.000133s ]
SQL: SELECT * FROM `cishoo_picture` WHERE ( `status` = 1 ) AND ( `id` = 25 ) LIMIT 1   [ RunTime:0.000128s ]
SQL: SELECT * FROM `cishoo_picture` WHERE ( `status` = 1 ) AND ( `id` = 21 ) LIMIT 1   [ RunTime:0.000117s ]
SQL: SELECT * FROM `cishoo_picture` WHERE ( `status` = 1 ) AND ( `id` = 24 ) LIMIT 1   [ RunTime:0.000102s ]
SQL: SELECT * FROM `cishoo_picture` WHERE ( `status` = 1 ) AND ( `id` = 6 ) LIMIT 1   [ RunTime:0.000100s ]
SQL: SELECT * FROM `cishoo_picture` WHERE ( `status` = 1 ) AND ( `id` = 6 ) LIMIT 1   [ RunTime:0.000116s ]
INFO: Run Behavior\ParseTemplate [ RunTime:0.009230s ]
INFO: [ view_parse ] --END-- [ RunTime:0.009244s ]
INFO: [ view_filter ] --START--
INFO: Run Behavior\WriteHtmlCache [ RunTime:0.000245s ]
INFO: [ view_filter ] --END-- [ RunTime:0.000255s ]
INFO: [ app_end ] --START--
INFO: Run Behavior\ShowPageTrace [ RunTime:0.000590s ]
INFO: [ app_end ] --END-- [ RunTime:0.000606s ]

[ 2017-05-10T11:05:58+08:00 ] 192.168.19.1 /Home/Index/index
SQL: SHOW COLUMNS FROM `cishoo_category` [ RunTime:0.000482s ]
SQL: SELECT `id` FROM `cishoo_category` WHERE ( `name` = 'product_introduce' ) LIMIT 1   [ RunTime:0.000157s ]
SQL: SELECT * FROM `cishoo_category` WHERE ( `pid` = 41 )  [ RunTime:0.000155s ]
SQL: SELECT `id` FROM `cishoo_category` WHERE ( `name` = 'product_instruction' ) LIMIT 1   [ RunTime:0.000141s ]
SQL: SELECT * FROM `cishoo_category` WHERE ( `pid` = 40 )  [ RunTime:0.000150s ]
SQL: SHOW COLUMNS FROM `cishoo_front_picture` [ RunTime:0.000399s ]
SQL: SELECT * FROM `cishoo_front_picture` WHERE ( `type` = 'banner' ) AND ( `deleted` = 0 )  [ RunTime:0.000144s ]
SQL: SELECT `id` FROM `cishoo_category` WHERE ( `name` = 'index_product' ) LIMIT 1   [ RunTime:0.000128s ]
SQL: SHOW COLUMNS FROM `cishoo_document` [ RunTime:0.000425s ]
SQL: SELECT * FROM `cishoo_document` WHERE ( `category_id` = 2 ) AND ( `status` = 1 ) ORDER BY level LIMIT 2   [ RunTime:0.000155s ]
SQL: SHOW COLUMNS FROM `cishoo_document_article` [ RunTime:0.000324s ]
SQL: SELECT * FROM `cishoo_document_article` WHERE ( `id` = 1 ) LIMIT 1   [ RunTime:0.000142s ]
SQL: SELECT * FROM `cishoo_document_article` WHERE ( `id` = 2 ) LIMIT 1   [ RunTime:0.000143s ]
SQL: SELECT `id` FROM `cishoo_category` WHERE ( `name` = 'index_prodecut_descript' ) LIMIT 1   [ RunTime:0.000124s ]
SQL: SELECT * FROM `cishoo_document` WHERE ( `category_id` = 39 ) AND ( `status` = 1 ) ORDER BY level LIMIT 2   [ RunTime:0.000153s ]
SQL: SELECT * FROM `cishoo_document_article` WHERE ( `id` = 3 ) LIMIT 1   [ RunTime:0.000142s ]
SQL: SELECT * FROM `cishoo_document_article` WHERE ( `id` = 4 ) LIMIT 1   [ RunTime:0.000141s ]
SQL: SHOW COLUMNS FROM `cishoo_front_picture` [ RunTime:0.000326s ]
SQL: SELECT `picture_id` FROM `cishoo_front_picture` WHERE ( `type` = 'video' ) ORDER BY id desc LIMIT 1   [ RunTime:0.000108s ]
SQL: SHOW COLUMNS FROM `cishoo_file` [ RunTime:0.000307s ]
SQL: SELECT * FROM `cishoo_file` WHERE ( `id` = 40 )  [ RunTime:0.000110s ]
INFO: [ view_parse ] --START--
INFO: [ template_filter ] --START--
INFO: Run Behavior\ContentReplace [ RunTime:0.000076s ]
INFO: [ template_filter ] --END-- [ RunTime:0.000110s ]
SQL: SHOW COLUMNS FROM `cishoo_picture` [ RunTime:0.000532s ]
SQL: SELECT * FROM `cishoo_picture` WHERE ( `status` = 1 ) AND ( `id` = 7 ) LIMIT 1   [ RunTime:0.000164s ]
SQL: SELECT * FROM `cishoo_picture` WHERE ( `status` = 1 ) AND ( `id` = 7 ) LIMIT 1   [ RunTime:0.000151s ]
SQL: SELECT * FROM `cishoo_picture` WHERE ( `status` = 1 ) AND ( `id` = 7 ) LIMIT 1   [ RunTime:0.000145s ]
SQL: SELECT * FROM `cishoo_picture` WHERE ( `status` = 1 ) AND ( `id` = 7 ) LIMIT 1   [ RunTime:0.000145s ]
SQL: SELECT * FROM `cishoo_picture` WHERE ( `status` = 1 ) AND ( `id` = 22 ) LIMIT 1   [ RunTime:0.000144s ]
SQL: SELECT * FROM `cishoo_picture` WHERE ( `status` = 1 ) AND ( `id` = 25 ) LIMIT 1   [ RunTime:0.000102s ]
SQL: SELECT * FROM `cishoo_picture` WHERE ( `status` = 1 ) AND ( `id` = 21 ) LIMIT 1   [ RunTime:0.000148s ]
SQL: SELECT * FROM `cishoo_picture` WHERE ( `status` = 1 ) AND ( `id` = 24 ) LIMIT 1   [ RunTime:0.000092s ]
SQL: SELECT * FROM `cishoo_picture` WHERE ( `status` = 1 ) AND ( `id` = 6 ) LIMIT 1   [ RunTime:0.000115s ]
SQL: SELECT * FROM `cishoo_picture` WHERE ( `status` = 1 ) AND ( `id` = 6 ) LIMIT 1   [ RunTime:0.000140s ]
INFO: Run Behavior\ParseTemplate [ RunTime:0.006761s ]
INFO: [ view_parse ] --END-- [ RunTime:0.006771s ]
INFO: [ view_filter ] --START--
INFO: Run Behavior\WriteHtmlCache [ RunTime:0.000033s ]
INFO: [ view_filter ] --END-- [ RunTime:0.000038s ]
INFO: [ app_end ] --START--
INFO: Run Behavior\ShowPageTrace [ RunTime:0.000014s ]
INFO: [ app_end ] --END-- [ RunTime:0.000023s ]

[ 2017-05-10T11:06:21+08:00 ] 192.168.19.1 /Admin/index/Public/Admin/build/css/custom.min.css
ERR: 非法操作:public

[ 2017-05-10T11:06:21+08:00 ] 192.168.19.1 /Admin/index/Public/Admin/vendors/bootstrap/dist/css/bootstrap.min.css
ERR: 非法操作:public

[ 2017-05-10T11:06:21+08:00 ] 192.168.19.1 /Admin/index/Public/Admin/vendors/jquery/dist/jquery.min.js
ERR: 非法操作:public

[ 2017-05-10T11:06:21+08:00 ] 192.168.19.1 /Admin/index/Public/Admin/vendors/bootstrap/dist/js/bootstrap.min.js
ERR: 非法操作:public

[ 2017-05-10T11:06:21+08:00 ] 192.168.19.1 /Admin/index/Public/Admin/vendors/moment/min/moment.min.js
ERR: 非法操作:public

[ 2017-05-10T11:06:21+08:00 ] 192.168.19.1 /Admin/index/Public/Admin/vendors/bootstrap-daterangepicker/daterangepicker.js
ERR: 非法操作:public

[ 2017-05-10T11:06:21+08:00 ] 192.168.19.1 /Admin/index/Public/Admin/vendors/raphael/raphael.min.js
ERR: 非法操作:public

[ 2017-05-10T11:06:21+08:00 ] 192.168.19.1 /Admin/index/Public/Admin/vendors/morris.js/morris.min.js
ERR: 非法操作:public

[ 2017-05-10T11:06:21+08:00 ] 192.168.19.1 /Admin/index/Public/Admin/build/js/custom.min.js
ERR: 非法操作:public

[ 2017-05-10T11:06:21+08:00 ] 192.168.19.1 /Admin/index/Public/Admin/vendors/bootstrap/dist/js/bootstrap.min.js
ERR: 非法操作:public

[ 2017-05-10T11:06:21+08:00 ] 192.168.19.1 /Admin/index/Public/Admin/vendors/moment/min/moment.min.js
ERR: 非法操作:public

[ 2017-05-10T11:06:21+08:00 ] 192.168.19.1 /Admin/index/Public/Admin/vendors/bootstrap-daterangepicker/daterangepicker.js
ERR: 非法操作:public

[ 2017-05-10T11:06:21+08:00 ] 192.168.19.1 /Admin/index/Public/Admin/vendors/raphael/raphael.min.js
ERR: 非法操作:public

[ 2017-05-10T11:06:21+08:00 ] 192.168.19.1 /Admin/index/Public/Admin/vendors/morris.js/morris.min.js
ERR: 非法操作:public

[ 2017-05-10T11:06:21+08:00 ] 192.168.19.1 /Admin/index/Public/Admin/build/js/custom.min.js
ERR: 非法操作:public

[ 2017-05-10T11:08:02+08:00 ] 192.168.19.1 /Admin/index/Public/Admin/vendors/jquery/dist/jquery.min.js
ERR: 非法操作:public

[ 2017-05-10T11:08:09+08:00 ] 192.168.19.1 /Admin/index/Public/Admin/vendors/jquery/dist/jquery.min.js
ERR: 非法操作:public

[ 2017-05-10T11:09:19+08:00 ] 192.168.19.1 /Admin/index/Public/Admin/vendors/bootstrap/dist/css/bootstrap.min.css
ERR: 非法操作:public

[ 2017-05-10T11:09:19+08:00 ] 192.168.19.1 /Admin/index/Public/Admin/build/css/custom.min.css
ERR: 非法操作:public

[ 2017-05-10T11:09:19+08:00 ] 192.168.19.1 /Admin/index/Public/Admin/vendors/jquery/dist/jquery.min.js
ERR: 非法操作:public

[ 2017-05-10T11:09:19+08:00 ] 192.168.19.1 /Admin/index/Public/Admin/vendors/bootstrap/dist/js/bootstrap.min.js
ERR: 非法操作:public

[ 2017-05-10T11:09:19+08:00 ] 192.168.19.1 /Admin/index/Public/Admin/vendors/moment/min/moment.min.js
ERR: 非法操作:public

[ 2017-05-10T11:09:19+08:00 ] 192.168.19.1 /Admin/index/Public/Admin/vendors/bootstrap-daterangepicker/daterangepicker.js
ERR: 非法操作:public

[ 2017-05-10T11:09:19+08:00 ] 192.168.19.1 /Admin/index/Public/Admin/vendors/raphael/raphael.min.js
ERR: 非法操作:public

[ 2017-05-10T11:09:19+08:00 ] 192.168.19.1 /Admin/index/Public/Admin/vendors/morris.js/morris.min.js
ERR: 非法操作:public

[ 2017-05-10T11:09:19+08:00 ] 192.168.19.1 /Admin/index/Public/Admin/build/js/custom.min.js
ERR: 非法操作:public

[ 2017-05-10T11:09:19+08:00 ] 192.168.19.1 /Admin/index/Public/Admin/vendors/bootstrap/dist/js/bootstrap.min.js
ERR: 非法操作:public

[ 2017-05-10T11:09:19+08:00 ] 192.168.19.1 /Admin/index/Public/Admin/vendors/moment/min/moment.min.js
ERR: 非法操作:public

[ 2017-05-10T11:09:19+08:00 ] 192.168.19.1 /Admin/index/Public/Admin/vendors/bootstrap-daterangepicker/daterangepicker.js
ERR: 非法操作:public

[ 2017-05-10T11:09:19+08:00 ] 192.168.19.1 /Admin/index/Public/Admin/vendors/raphael/raphael.min.js
ERR: 非法操作:public

[ 2017-05-10T11:09:20+08:00 ] 192.168.19.1 /Admin/index/Public/Admin/vendors/morris.js/morris.min.js
ERR: 非法操作:public

[ 2017-05-10T11:09:20+08:00 ] 192.168.19.1 /Admin/index/Public/Admin/build/js/custom.min.js
ERR: 非法操作:public

[ 2017-05-10T11:10:44+08:00 ] 192.168.19.1 /Home/Index/index
SQL: SHOW COLUMNS FROM `cishoo_category` [ RunTime:0.000529s ]
SQL: SELECT `id` FROM `cishoo_category` WHERE ( `name` = 'product_introduce' ) LIMIT 1   [ RunTime:0.000150s ]
SQL: SELECT * FROM `cishoo_category` WHERE ( `pid` = 41 )  [ RunTime:0.000169s ]
SQL: SELECT `id` FROM `cishoo_category` WHERE ( `name` = 'product_instruction' ) LIMIT 1   [ RunTime:0.000142s ]
SQL: SELECT * FROM `cishoo_category` WHERE ( `pid` = 40 )  [ RunTime:0.000152s ]
SQL: SHOW COLUMNS FROM `cishoo_front_picture` [ RunTime:0.000503s ]
SQL: SELECT * FROM `cishoo_front_picture` WHERE ( `type` = 'banner' ) AND ( `deleted` = 0 )  [ RunTime:0.000119s ]
SQL: SELECT `id` FROM `cishoo_category` WHERE ( `name` = 'index_product' ) LIMIT 1   [ RunTime:0.000111s ]
SQL: SHOW COLUMNS FROM `cishoo_document` [ RunTime:0.000436s ]
SQL: SELECT * FROM `cishoo_document` WHERE ( `category_id` = 2 ) AND ( `status` = 1 ) ORDER BY level LIMIT 2   [ RunTime:0.000160s ]
SQL: SHOW COLUMNS FROM `cishoo_document_article` [ RunTime:0.000351s ]
SQL: SELECT * FROM `cishoo_document_article` WHERE ( `id` = 1 ) LIMIT 1   [ RunTime:0.000143s ]
SQL: SELECT * FROM `cishoo_document_article` WHERE ( `id` = 2 ) LIMIT 1   [ RunTime:0.000489s ]
SQL: SELECT `id` FROM `cishoo_category` WHERE ( `name` = 'index_prodecut_descript' ) LIMIT 1   [ RunTime:0.000125s ]
SQL: SELECT * FROM `cishoo_document` WHERE ( `category_id` = 39 ) AND ( `status` = 1 ) ORDER BY level LIMIT 2   [ RunTime:0.000144s ]
SQL: SELECT * FROM `cishoo_document_article` WHERE ( `id` = 3 ) LIMIT 1   [ RunTime:0.000089s ]
SQL: SELECT * FROM `cishoo_document_article` WHERE ( `id` = 4 ) LIMIT 1   [ RunTime:0.000102s ]
SQL: SHOW COLUMNS FROM `cishoo_front_picture` [ RunTime:0.000423s ]
SQL: SELECT `picture_id` FROM `cishoo_front_picture` WHERE ( `type` = 'video' ) ORDER BY id desc LIMIT 1   [ RunTime:0.000104s ]
SQL: SHOW COLUMNS FROM `cishoo_file` [ RunTime:0.000385s ]
SQL: SELECT * FROM `cishoo_file` WHERE ( `id` = 40 )  [ RunTime:0.000169s ]
INFO: [ view_parse ] --START--
INFO: [ template_filter ] --START--
INFO: Run Behavior\ContentReplace [ RunTime:0.000062s ]
INFO: [ template_filter ] --END-- [ RunTime:0.000082s ]
SQL: SHOW COLUMNS FROM `cishoo_picture` [ RunTime:0.000504s ]
SQL: SELECT * FROM `cishoo_picture` WHERE ( `status` = 1 ) AND ( `id` = 7 ) LIMIT 1   [ RunTime:0.000162s ]
SQL: SELECT * FROM `cishoo_picture` WHERE ( `status` = 1 ) AND ( `id` = 7 ) LIMIT 1   [ RunTime:0.000117s ]
SQL: SELECT * FROM `cishoo_picture` WHERE ( `status` = 1 ) AND ( `id` = 7 ) LIMIT 1   [ RunTime:0.000114s ]
SQL: SELECT * FROM `cishoo_picture` WHERE ( `status` = 1 ) AND ( `id` = 7 ) LIMIT 1   [ RunTime:0.000115s ]
SQL: SELECT * FROM `cishoo_picture` WHERE ( `status` = 1 ) AND ( `id` = 22 ) LIMIT 1   [ RunTime:0.000115s ]
SQL: SELECT * FROM `cishoo_picture` WHERE ( `status` = 1 ) AND ( `id` = 25 ) LIMIT 1   [ RunTime:0.000143s ]
SQL: SELECT * FROM `cishoo_picture` WHERE ( `status` = 1 ) AND ( `id` = 21 ) LIMIT 1   [ RunTime:0.000136s ]
SQL: SELECT * FROM `cishoo_picture` WHERE ( `status` = 1 ) AND ( `id` = 24 ) LIMIT 1   [ RunTime:0.000115s ]
SQL: SELECT * FROM `cishoo_picture` WHERE ( `status` = 1 ) AND ( `id` = 6 ) LIMIT 1   [ RunTime:0.000101s ]
SQL: SELECT * FROM `cishoo_picture` WHERE ( `status` = 1 ) AND ( `id` = 6 ) LIMIT 1   [ RunTime:0.000098s ]
INFO: Run Behavior\ParseTemplate [ RunTime:0.009408s ]
INFO: [ view_parse ] --END-- [ RunTime:0.009423s ]
INFO: [ view_filter ] --START--
INFO: Run Behavior\WriteHtmlCache [ RunTime:0.000289s ]
INFO: [ view_filter ] --END-- [ RunTime:0.000299s ]
INFO: [ app_end ] --START--
INFO: Run Behavior\ShowPageTrace [ RunTime:0.000218s ]
INFO: [ app_end ] --END-- [ RunTime:0.000231s ]

[ 2017-05-10T11:10:44+08:00 ] 192.168.19.1 /Home/Index/index
SQL: SHOW COLUMNS FROM `cishoo_category` [ RunTime:0.000357s ]
SQL: SELECT `id` FROM `cishoo_category` WHERE ( `name` = 'product_introduce' ) LIMIT 1   [ RunTime:0.000070s ]
SQL: SELECT * FROM `cishoo_category` WHERE ( `pid` = 41 )  [ RunTime:0.000075s ]
SQL: SELECT `id` FROM `cishoo_category` WHERE ( `name` = 'product_instruction' ) LIMIT 1   [ RunTime:0.000062s ]
SQL: SELECT * FROM `cishoo_category` WHERE ( `pid` = 40 )  [ RunTime:0.000071s ]
SQL: SHOW COLUMNS FROM `cishoo_front_picture` [ RunTime:0.000266s ]
SQL: SELECT * FROM `cishoo_front_picture` WHERE ( `type` = 'banner' ) AND ( `deleted` = 0 )  [ RunTime:0.000072s ]
SQL: SELECT `id` FROM `cishoo_category` WHERE ( `name` = 'index_product' ) LIMIT 1   [ RunTime:0.000059s ]
SQL: SHOW COLUMNS FROM `cishoo_document` [ RunTime:0.000329s ]
SQL: SELECT * FROM `cishoo_document` WHERE ( `category_id` = 2 ) AND ( `status` = 1 ) ORDER BY level LIMIT 2   [ RunTime:0.000079s ]
SQL: SHOW COLUMNS FROM `cishoo_document_article` [ RunTime:0.000246s ]
SQL: SELECT * FROM `cishoo_document_article` WHERE ( `id` = 1 ) LIMIT 1   [ RunTime:0.000088s ]
SQL: SELECT * FROM `cishoo_document_article` WHERE ( `id` = 2 ) LIMIT 1   [ RunTime:0.000075s ]
SQL: SELECT `id` FROM `cishoo_category` WHERE ( `name` = 'index_prodecut_descript' ) LIMIT 1   [ RunTime:0.000061s ]
SQL: SELECT * FROM `cishoo_document` WHERE ( `category_id` = 39 ) AND ( `status` = 1 ) ORDER BY level LIMIT 2   [ RunTime:0.000074s ]
SQL: SELECT * FROM `cishoo_document_article` WHERE ( `id` = 3 ) LIMIT 1   [ RunTime:0.000063s ]
SQL: SELECT * FROM `cishoo_document_article` WHERE ( `id` = 4 ) LIMIT 1   [ RunTime:0.000064s ]
SQL: SHOW COLUMNS FROM `cishoo_front_picture` [ RunTime:0.000294s ]
SQL: SELECT `picture_id` FROM `cishoo_front_picture` WHERE ( `type` = 'video' ) ORDER BY id desc LIMIT 1   [ RunTime:0.000077s ]
SQL: SHOW COLUMNS FROM `cishoo_file` [ RunTime:0.000351s ]
SQL: SELECT * FROM `cishoo_file` WHERE ( `id` = 40 )  [ RunTime:0.000073s ]
INFO: [ view_parse ] --START--
INFO: [ template_filter ] --START--
INFO: Run Behavior\ContentReplace [ RunTime:0.000127s ]
INFO: [ template_filter ] --END-- [ RunTime:0.000191s ]
SQL: SHOW COLUMNS FROM `cishoo_picture` [ RunTime:0.001065s ]
SQL: SELECT * FROM `cishoo_picture` WHERE ( `status` = 1 ) AND ( `id` = 7 ) LIMIT 1   [ RunTime:0.000087s ]
SQL: SELECT * FROM `cishoo_picture` WHERE ( `status` = 1 ) AND ( `id` = 7 ) LIMIT 1   [ RunTime:0.000124s ]
SQL: SELECT * FROM `cishoo_picture` WHERE ( `status` = 1 ) AND ( `id` = 7 ) LIMIT 1   [ RunTime:0.000186s ]
SQL: SELECT * FROM `cishoo_picture` WHERE ( `status` = 1 ) AND ( `id` = 7 ) LIMIT 1   [ RunTime:0.000136s ]
SQL: SELECT * FROM `cishoo_picture` WHERE ( `status` = 1 ) AND ( `id` = 22 ) LIMIT 1   [ RunTime:0.000925s ]
SQL: SELECT * FROM `cishoo_picture` WHERE ( `status` = 1 ) AND ( `id` = 25 ) LIMIT 1   [ RunTime:0.000179s ]
SQL: SELECT * FROM `cishoo_picture` WHERE ( `status` = 1 ) AND ( `id` = 21 ) LIMIT 1   [ RunTime:0.000119s ]
SQL: SELECT * FROM `cishoo_picture` WHERE ( `status` = 1 ) AND ( `id` = 24 ) LIMIT 1   [ RunTime:0.000098s ]
SQL: SELECT * FROM `cishoo_picture` WHERE ( `status` = 1 ) AND ( `id` = 6 ) LIMIT 1   [ RunTime:0.000063s ]
SQL: SELECT * FROM `cishoo_picture` WHERE ( `status` = 1 ) AND ( `id` = 6 ) LIMIT 1   [ RunTime:0.000062s ]
INFO: Run Behavior\ParseTemplate [ RunTime:0.011219s ]
INFO: [ view_parse ] --END-- [ RunTime:0.011230s ]
INFO: [ view_filter ] --START--
INFO: Run Behavior\WriteHtmlCache [ RunTime:0.000036s ]
INFO: [ view_filter ] --END-- [ RunTime:0.000043s ]
INFO: [ app_end ] --START--
INFO: Run Behavior\ShowPageTrace [ RunTime:0.000025s ]
INFO: [ app_end ] --END-- [ RunTime:0.000034s ]

[ 2017-05-10T11:10:58+08:00 ] 192.168.19.1 /Home/Index/index
SQL: SHOW COLUMNS FROM `cishoo_category` [ RunTime:0.000437s ]
SQL: SELECT `id` FROM `cishoo_category` WHERE ( `name` = 'product_introduce' ) LIMIT 1   [ RunTime:0.000112s ]
SQL: SELECT * FROM `cishoo_category` WHERE ( `pid` = 41 )  [ RunTime:0.000109s ]
SQL: SELECT `id` FROM `cishoo_category` WHERE ( `name` = 'product_instruction' ) LIMIT 1   [ RunTime:0.000108s ]
SQL: SELECT * FROM `cishoo_category` WHERE ( `pid` = 40 )  [ RunTime:0.000145s ]
SQL: SHOW COLUMNS FROM `cishoo_front_picture` [ RunTime:0.000443s ]
SQL: SELECT * FROM `cishoo_front_picture` WHERE ( `type` = 'banner' ) AND ( `deleted` = 0 )  [ RunTime:0.000111s ]
SQL: SELECT `id` FROM `cishoo_category` WHERE ( `name` = 'index_product' ) LIMIT 1   [ RunTime:0.000101s ]
SQL: SHOW COLUMNS FROM `cishoo_document` [ RunTime:0.000881s ]
SQL: SELECT * FROM `cishoo_document` WHERE ( `category_id` = 2 ) AND ( `status` = 1 ) ORDER BY level LIMIT 2   [ RunTime:0.000125s ]
SQL: SHOW COLUMNS FROM `cishoo_document_article` [ RunTime:0.000299s ]
SQL: SELECT * FROM `cishoo_document_article` WHERE ( `id` = 1 ) LIMIT 1   [ RunTime:0.000117s ]
SQL: SELECT * FROM `cishoo_document_article` WHERE ( `id` = 2 ) LIMIT 1   [ RunTime:0.000091s ]
SQL: SELECT `id` FROM `cishoo_category` WHERE ( `name` = 'index_prodecut_descript' ) LIMIT 1   [ RunTime:0.000062s ]
SQL: SELECT * FROM `cishoo_document` WHERE ( `category_id` = 39 ) AND ( `status` = 1 ) ORDER BY level LIMIT 2   [ RunTime:0.000100s ]
SQL: SELECT * FROM `cishoo_document_article` WHERE ( `id` = 3 ) LIMIT 1   [ RunTime:0.000079s ]
SQL: SELECT * FROM `cishoo_document_article` WHERE ( `id` = 4 ) LIMIT 1   [ RunTime:0.000063s ]
SQL: SHOW COLUMNS FROM `cishoo_front_picture` [ RunTime:0.000256s ]
SQL: SELECT `picture_id` FROM `cishoo_front_picture` WHERE ( `type` = 'video' ) ORDER BY id desc LIMIT 1   [ RunTime:0.000075s ]
SQL: SHOW COLUMNS FROM `cishoo_file` [ RunTime:0.000282s ]
SQL: SELECT * FROM `cishoo_file` WHERE ( `id` = 40 )  [ RunTime:0.000084s ]
INFO: [ view_parse ] --START--
INFO: [ template_filter ] --START--
INFO: Run Behavior\ContentReplace [ RunTime:0.000061s ]
INFO: [ template_filter ] --END-- [ RunTime:0.000073s ]
SQL: SHOW COLUMNS FROM `cishoo_picture` [ RunTime:0.000397s ]
SQL: SELECT * FROM `cishoo_picture` WHERE ( `status` = 1 ) AND ( `id` = 7 ) LIMIT 1   [ RunTime:0.000114s ]
SQL: SELECT * FROM `cishoo_picture` WHERE ( `status` = 1 ) AND ( `id` = 7 ) LIMIT 1   [ RunTime:0.000116s ]
SQL: SELECT * FROM `cishoo_picture` WHERE ( `status` = 1 ) AND ( `id` = 7 ) LIMIT 1   [ RunTime:0.000134s ]
SQL: SELECT * FROM `cishoo_picture` WHERE ( `status` = 1 ) AND ( `id` = 7 ) LIMIT 1   [ RunTime:0.000123s ]
SQL: SELECT * FROM `cishoo_picture` WHERE ( `status` = 1 ) AND ( `id` = 22 ) LIMIT 1   [ RunTime:0.000121s ]
SQL: SELECT * FROM `cishoo_picture` WHERE ( `status` = 1 ) AND ( `id` = 25 ) LIMIT 1   [ RunTime:0.000122s ]
SQL: SELECT * FROM `cishoo_picture` WHERE ( `status` = 1 ) AND ( `id` = 21 ) LIMIT 1   [ RunTime:0.000122s ]
SQL: SELECT * FROM `cishoo_picture` WHERE ( `status` = 1 ) AND ( `id` = 24 ) LIMIT 1   [ RunTime:0.000120s ]
SQL: SELECT * FROM `cishoo_picture` WHERE ( `status` = 1 ) AND ( `id` = 6 ) LIMIT 1   [ RunTime:0.000130s ]
SQL: SELECT * FROM `cishoo_picture` WHERE ( `status` = 1 ) AND ( `id` = 6 ) LIMIT 1   [ RunTime:0.000106s ]
INFO: Run Behavior\ParseTemplate [ RunTime:0.008489s ]
INFO: [ view_parse ] --END-- [ RunTime:0.008501s ]
INFO: [ view_filter ] --START--
INFO: Run Behavior\WriteHtmlCache [ RunTime:0.000198s ]
INFO: [ view_filter ] --END-- [ RunTime:0.000208s ]
INFO: [ app_end ] --START--
INFO: Run Behavior\ShowPageTrace [ RunTime:0.000169s ]
INFO: [ app_end ] --END-- [ RunTime:0.000182s ]

[ 2017-05-10T11:10:58+08:00 ] 192.168.19.1 /Home/Index/index
SQL: SHOW COLUMNS FROM `cishoo_category` [ RunTime:0.000386s ]
SQL: SELECT `id` FROM `cishoo_category` WHERE ( `name` = 'product_introduce' ) LIMIT 1   [ RunTime:0.000095s ]
SQL: SELECT * FROM `cishoo_category` WHERE ( `pid` = 41 )  [ RunTime:0.000106s ]
SQL: SELECT `id` FROM `cishoo_category` WHERE ( `name` = 'product_instruction' ) LIMIT 1   [ RunTime:0.000094s ]
SQL: SELECT * FROM `cishoo_category` WHERE ( `pid` = 40 )  [ RunTime:0.000102s ]
SQL: SHOW COLUMNS FROM `cishoo_front_picture` [ RunTime:0.000301s ]
SQL: SELECT * FROM `cishoo_front_picture` WHERE ( `type` = 'banner' ) AND ( `deleted` = 0 )  [ RunTime:0.000096s ]
SQL: SELECT `id` FROM `cishoo_category` WHERE ( `name` = 'index_product' ) LIMIT 1   [ RunTime:0.000090s ]
SQL: SHOW COLUMNS FROM `cishoo_document` [ RunTime:0.000377s ]
SQL: SELECT * FROM `cishoo_document` WHERE ( `category_id` = 2 ) AND ( `status` = 1 ) ORDER BY level LIMIT 2   [ RunTime:0.000106s ]
SQL: SHOW COLUMNS FROM `cishoo_document_article` [ RunTime:0.000274s ]
SQL: SELECT * FROM `cishoo_document_article` WHERE ( `id` = 1 ) LIMIT 1   [ RunTime:0.000083s ]
SQL: SELECT * FROM `cishoo_document_article` WHERE ( `id` = 2 ) LIMIT 1   [ RunTime:0.000149s ]
SQL: SELECT `id` FROM `cishoo_category` WHERE ( `name` = 'index_prodecut_descript' ) LIMIT 1   [ RunTime:0.000158s ]
SQL: SELECT * FROM `cishoo_document` WHERE ( `category_id` = 39 ) AND ( `status` = 1 ) ORDER BY level LIMIT 2   [ RunTime:0.000103s ]
SQL: SELECT * FROM `cishoo_document_article` WHERE ( `id` = 3 ) LIMIT 1   [ RunTime:0.000064s ]
SQL: SELECT * FROM `cishoo_document_article` WHERE ( `id` = 4 ) LIMIT 1   [ RunTime:0.000061s ]
SQL: SHOW COLUMNS FROM `cishoo_front_picture` [ RunTime:0.000286s ]
SQL: SELECT `picture_id` FROM `cishoo_front_picture` WHERE ( `type` = 'video' ) ORDER BY id desc LIMIT 1   [ RunTime:0.000070s ]
SQL: SHOW COLUMNS FROM `cishoo_file` [ RunTime:0.000283s ]
SQL: SELECT * FROM `cishoo_file` WHERE ( `id` = 40 )  [ RunTime:0.000070s ]
INFO: [ view_parse ] --START--
INFO: [ template_filter ] --START--
INFO: Run Behavior\ContentReplace [ RunTime:0.000064s ]
INFO: [ template_filter ] --END-- [ RunTime:0.000083s ]
SQL: SHOW COLUMNS FROM `cishoo_picture` [ RunTime:0.000561s ]
SQL: SELECT * FROM `cishoo_picture` WHERE ( `status` = 1 ) AND ( `id` = 7 ) LIMIT 1   [ RunTime:0.000120s ]
SQL: SELECT * FROM `cishoo_picture` WHERE ( `status` = 1 ) AND ( `id` = 7 ) LIMIT 1   [ RunTime:0.000078s ]
SQL: SELECT * FROM `cishoo_picture` WHERE ( `status` = 1 ) AND ( `id` = 7 ) LIMIT 1   [ RunTime:0.000125s ]
SQL: SELECT * FROM `cishoo_picture` WHERE ( `status` = 1 ) AND ( `id` = 7 ) LIMIT 1   [ RunTime:0.000077s ]
SQL: SELECT * FROM `cishoo_picture` WHERE ( `status` = 1 ) AND ( `id` = 22 ) LIMIT 1   [ RunTime:0.000072s ]
SQL: SELECT * FROM `cishoo_picture` WHERE ( `status` = 1 ) AND ( `id` = 25 ) LIMIT 1   [ RunTime:0.000078s ]
SQL: SELECT * FROM `cishoo_picture` WHERE ( `status` = 1 ) AND ( `id` = 21 ) LIMIT 1   [ RunTime:0.000069s ]
SQL: SELECT * FROM `cishoo_picture` WHERE ( `status` = 1 ) AND ( `id` = 24 ) LIMIT 1   [ RunTime:0.000068s ]
SQL: SELECT * FROM `cishoo_picture` WHERE ( `status` = 1 ) AND ( `id` = 6 ) LIMIT 1   [ RunTime:0.000069s ]
SQL: SELECT * FROM `cishoo_picture` WHERE ( `status` = 1 ) AND ( `id` = 6 ) LIMIT 1   [ RunTime:0.000069s ]
INFO: Run Behavior\ParseTemplate [ RunTime:0.005877s ]
INFO: [ view_parse ] --END-- [ RunTime:0.005888s ]
INFO: [ view_filter ] --START--
INFO: Run Behavior\WriteHtmlCache [ RunTime:0.000029s ]
INFO: [ view_filter ] --END-- [ RunTime:0.000035s ]
INFO: [ app_end ] --START--
INFO: Run Behavior\ShowPageTrace [ RunTime:0.000014s ]
INFO: [ app_end ] --END-- [ RunTime:0.000023s ]

[ 2017-05-10T11:11:08+08:00 ] 192.168.19.1 /Home/Index/index
SQL: SHOW COLUMNS FROM `cishoo_category` [ RunTime:0.000408s ]
SQL: SELECT `id` FROM `cishoo_category` WHERE ( `name` = 'product_introduce' ) LIMIT 1   [ RunTime:0.000079s ]
SQL: SELECT * FROM `cishoo_category` WHERE ( `pid` = 41 )  [ RunTime:0.000076s ]
SQL: SELECT `id` FROM `cishoo_category` WHERE ( `name` = 'product_instruction' ) LIMIT 1   [ RunTime:0.000072s ]
SQL: SELECT * FROM `cishoo_category` WHERE ( `pid` = 40 )  [ RunTime:0.000126s ]
SQL: SHOW COLUMNS FROM `cishoo_front_picture` [ RunTime:0.000343s ]
SQL: SELECT * FROM `cishoo_front_picture` WHERE ( `type` = 'banner' ) AND ( `deleted` = 0 )  [ RunTime:0.000069s ]
SQL: SELECT `id` FROM `cishoo_category` WHERE ( `name` = 'index_product' ) LIMIT 1   [ RunTime:0.000057s ]
SQL: SHOW COLUMNS FROM `cishoo_document` [ RunTime:0.000320s ]
SQL: SELECT * FROM `cishoo_document` WHERE ( `category_id` = 2 ) AND ( `status` = 1 ) ORDER BY level LIMIT 2   [ RunTime:0.000077s ]
SQL: SHOW COLUMNS FROM `cishoo_document_article` [ RunTime:0.000314s ]
SQL: SELECT * FROM `cishoo_document_article` WHERE ( `id` = 1 ) LIMIT 1   [ RunTime:0.000067s ]
SQL: SELECT * FROM `cishoo_document_article` WHERE ( `id` = 2 ) LIMIT 1   [ RunTime:0.000062s ]
SQL: SELECT `id` FROM `cishoo_category` WHERE ( `name` = 'index_prodecut_descript' ) LIMIT 1   [ RunTime:0.000057s ]
SQL: SELECT * FROM `cishoo_document` WHERE ( `category_id` = 39 ) AND ( `status` = 1 ) ORDER BY level LIMIT 2   [ RunTime:0.000070s ]
SQL: SELECT * FROM `cishoo_document_article` WHERE ( `id` = 3 ) LIMIT 1   [ RunTime:0.000061s ]
SQL: SELECT * FROM `cishoo_document_article` WHERE ( `id` = 4 ) LIMIT 1   [ RunTime:0.000059s ]
SQL: SHOW COLUMNS FROM `cishoo_front_picture` [ RunTime:0.000288s ]
SQL: SELECT `picture_id` FROM `cishoo_front_picture` WHERE ( `type` = 'video' ) ORDER BY id desc LIMIT 1   [ RunTime:0.000063s ]
SQL: SHOW COLUMNS FROM `cishoo_file` [ RunTime:0.000296s ]
SQL: SELECT * FROM `cishoo_file` WHERE ( `id` = 40 )  [ RunTime:0.000082s ]
INFO: [ view_parse ] --START--
INFO: [ template_filter ] --START--
INFO: Run Behavior\ContentReplace [ RunTime:0.000074s ]
INFO: [ template_filter ] --END-- [ RunTime:0.000097s ]
SQL: SHOW COLUMNS FROM `cishoo_picture` [ RunTime:0.000675s ]
SQL: SELECT * FROM `cishoo_picture` WHERE ( `status` = 1 ) AND ( `id` = 7 ) LIMIT 1   [ RunTime:0.000076s ]
SQL: SELECT * FROM `cishoo_picture` WHERE ( `status` = 1 ) AND ( `id` = 7 ) LIMIT 1   [ RunTime:0.000066s ]
SQL: SELECT * FROM `cishoo_picture` WHERE ( `status` = 1 ) AND ( `id` = 7 ) LIMIT 1   [ RunTime:0.000062s ]
SQL: SELECT * FROM `cishoo_picture` WHERE ( `status` = 1 ) AND ( `id` = 7 ) LIMIT 1   [ RunTime:0.000061s ]
SQL: SELECT * FROM `cishoo_picture` WHERE ( `status` = 1 ) AND ( `id` = 22 ) LIMIT 1   [ RunTime:0.000119s ]
SQL: SELECT * FROM `cishoo_picture` WHERE ( `status` = 1 ) AND ( `id` = 25 ) LIMIT 1   [ RunTime:0.000104s ]
SQL: SELECT * FROM `cishoo_picture` WHERE ( `status` = 1 ) AND ( `id` = 21 ) LIMIT 1   [ RunTime:0.000108s ]
SQL: SELECT * FROM `cishoo_picture` WHERE ( `status` = 1 ) AND ( `id` = 24 ) LIMIT 1   [ RunTime:0.000080s ]
SQL: SELECT * FROM `cishoo_picture` WHERE ( `status` = 1 ) AND ( `id` = 6 ) LIMIT 1   [ RunTime:0.000117s ]
SQL: SELECT * FROM `cishoo_picture` WHERE ( `status` = 1 ) AND ( `id` = 6 ) LIMIT 1   [ RunTime:0.000076s ]
INFO: Run Behavior\ParseTemplate [ RunTime:0.009253s ]
INFO: [ view_parse ] --END-- [ RunTime:0.009266s ]
INFO: [ view_filter ] --START--
INFO: Run Behavior\WriteHtmlCache [ RunTime:0.000324s ]
INFO: [ view_filter ] --END-- [ RunTime:0.000335s ]
INFO: [ app_end ] --START--
INFO: Run Behavior\ShowPageTrace [ RunTime:0.000164s ]
INFO: [ app_end ] --END-- [ RunTime:0.000175s ]

[ 2017-05-10T11:16:07+08:00 ] 192.168.19.1 /Admin/common/left.html
INFO: [ app_begin ] --START--
INFO: Run Behavior\ReadHtmlCache [ RunTime:0.000012s ]
INFO: [ app_begin ] --END-- [ RunTime:0.000028s ]
ERR: 无法加载控制器:Common

[ 2017-05-10T11:16:07+08:00 ] 192.168.19.1 /Admin/common/top.html
INFO: [ app_begin ] --START--
INFO: Run Behavior\ReadHtmlCache [ RunTime:0.000226s ]
INFO: [ app_begin ] --END-- [ RunTime:0.000247s ]
ERR: 无法加载控制器:Common

[ 2017-05-10T11:16:14+08:00 ] 192.168.19.1 /Admin/data_statistics/data_index.html
ERR: 无法加载控制器:Data_statistics

[ 2017-05-10T11:16:16+08:00 ] 192.168.19.1 /Admin/common/top.html
INFO: [ app_begin ] --START--
INFO: Run Behavior\ReadHtmlCache [ RunTime:0.000244s ]
INFO: [ app_begin ] --END-- [ RunTime:0.000265s ]
ERR: 无法加载控制器:Common

[ 2017-05-10T11:16:16+08:00 ] 192.168.19.1 /Admin/common/left.html
INFO: [ app_begin ] --START--
INFO: Run Behavior\ReadHtmlCache [ RunTime:0.000013s ]
INFO: [ app_begin ] --END-- [ RunTime:0.000034s ]
ERR: 无法加载控制器:Common

[ 2017-05-10T11:16:18+08:00 ] 192.168.19.1 /Admin/common/left.html
INFO: [ app_begin ] --START--
INFO: Run Behavior\ReadHtmlCache [ RunTime:0.000023s ]
INFO: [ app_begin ] --END-- [ RunTime:0.000041s ]
ERR: 无法加载控制器:Common

[ 2017-05-10T11:16:18+08:00 ] 192.168.19.1 /Admin/common/top.html
INFO: [ app_begin ] --START--
INFO: Run Behavior\ReadHtmlCache [ RunTime:0.000150s ]
INFO: [ app_begin ] --END-- [ RunTime:0.000169s ]
ERR: 无法加载控制器:Common

[ 2017-05-10T11:16:22+08:00 ] 192.168.19.1 /Admin/data_statistics/data_index.html
ERR: 无法加载控制器:Data_statistics

[ 2017-05-10T11:16:24+08:00 ] 192.168.19.1 /Admin/common/left.html
INFO: [ app_begin ] --START--
INFO: Run Behavior\ReadHtmlCache [ RunTime:0.000183s ]
INFO: [ app_begin ] --END-- [ RunTime:0.000207s ]
ERR: 无法加载控制器:Common

[ 2017-05-10T11:16:24+08:00 ] 192.168.19.1 /Admin/common/top.html
INFO: [ app_begin ] --START--
INFO: Run Behavior\ReadHtmlCache [ RunTime:0.000212s ]
INFO: [ app_begin ] --END-- [ RunTime:0.000232s ]
ERR: 无法加载控制器:Common

[ 2017-05-10T11:16:59+08:00 ] 192.168.19.1 /Admin/common/left.html
INFO: [ app_begin ] --START--
INFO: Run Behavior\ReadHtmlCache [ RunTime:0.000011s ]
INFO: [ app_begin ] --END-- [ RunTime:0.000030s ]
ERR: 无法加载控制器:Common

[ 2017-05-10T11:16:59+08:00 ] 192.168.19.1 /Admin/common/top.html
INFO: [ app_begin ] --START--
INFO: Run Behavior\ReadHtmlCache [ RunTime:0.000010s ]
INFO: [ app_begin ] --END-- [ RunTime:0.000026s ]
ERR: 无法加载控制器:Common

[ 2017-05-10T11:20:01+08:00 ] 192.168.19.1 /Admin/common/top.html
INFO: [ app_begin ] --START--
INFO: Run Behavior\ReadHtmlCache [ RunTime:0.000010s ]
INFO: [ app_begin ] --END-- [ RunTime:0.000028s ]
ERR: 无法加载控制器:Common

[ 2017-05-10T11:20:01+08:00 ] 192.168.19.1 /Admin/common/left.html
INFO: [ app_begin ] --START--
INFO: Run Behavior\ReadHtmlCache [ RunTime:0.000010s ]
INFO: [ app_begin ] --END-- [ RunTime:0.000025s ]
ERR: 无法加载控制器:Common

[ 2017-05-10T11:21:12+08:00 ] 192.168.19.1 /Admin/index/index.js.map
ERR: 非法操作:index.js.map

[ 2017-05-10T13:38:32+08:00 ] 192.168.19.1 /Admin/index/index.js.map
ERR: 非法操作:index.js.map

[ 2017-05-10T13:44:01+08:00 ] 192.168.19.1 /Admin/data_statistics/data_index.html
ERR: 无法加载控制器:Data_statistics

[ 2017-05-10T13:44:02+08:00 ] 192.168.19.1 /Admin/data_statistics/data_index.html
ERR: 无法加载控制器:Data_statistics

[ 2017-05-10T13:46:27+08:00 ] 192.168.19.1 /Admin/data_statistics/data_index.html
ERR: 无法加载控制器:Data_statistics

[ 2017-05-10T13:46:34+08:00 ] 192.168.19.1 /Admin/data_statistics/data_index.html
ERR: 无法加载控制器:Data_statistics

[ 2017-05-10T13:50:43+08:00 ] 192.168.19.1 /Admin/data_statistics/data_index.html
ERR: 无法加载控制器:Data_statistics

[ 2017-05-10T16:37:00+08:00 ] 192.168.19.1 /Admin/index/index.js.map
ERR: 非法操作:index.js.map

[ 2017-05-10T16:37:08+08:00 ] 192.168.19.1 /Admin/index/index.js.map
ERR: 非法操作:index.js.map

[ 2017-05-10T16:37:09+08:00 ] 192.168.19.1 /Admin/index/index.js.map
ERR: 非法操作:index.js.map

[ 2017-05-10T16:37:10+08:00 ] 192.168.19.1 /Admin/index/index.js.map
ERR: 非法操作:index.js.map

[ 2017-05-10T16:37:20+08:00 ] 192.168.19.1 /Admin/index/index.js.map
ERR: 非法操作:index.js.map

[ 2017-05-10T16:37:22+08:00 ] 192.168.19.1 /Admin/index/index.js.map
ERR: 非法操作:index.js.map

[ 2017-05-10T16:37:23+08:00 ] 192.168.19.1 /Admin/index/index.js.map
ERR: 非法操作:index.js.map

[ 2017-05-10T16:37:24+08:00 ] 192.168.19.1 /Admin/index/index.js.map
ERR: 非法操作:index.js.map

[ 2017-05-10T16:37:25+08:00 ] 192.168.19.1 /Admin/index/index.js.map
ERR: 非法操作:index.js.map

